[0.814s] Invoking command in '/home/fabin/turtlebot3_ws/src/turtlebot3_manipulation_control': PYTHONPATH=/home/fabin/turtlebot3_ws/build/turtlebot3_manipulation_control/prefix_override:/usr/lib/python3/dist-packages/colcon_core/task/python/colcon_distutils_commands:/home/fabin/turtlebot3_ws/install/turtlebot3_manipulation_control/lib/python3.10/site-packages:${PYTHONPATH} /usr/bin/python3 -W ignore:setup.py install is deprecated -W ignore:easy_install command is deprecated setup.py egg_info --egg-base ../../build/turtlebot3_manipulation_control build --build-base /home/fabin/turtlebot3_ws/build/turtlebot3_manipulation_control/build install --record /home/fabin/turtlebot3_ws/build/turtlebot3_manipulation_control/install.log --single-version-externally-managed
[1.025s] running egg_info
[1.026s] writing ../../build/turtlebot3_manipulation_control/turtlebot3_manipulation_control.egg-info/PKG-INFO
[1.026s] writing dependency_links to ../../build/turtlebot3_manipulation_control/turtlebot3_manipulation_control.egg-info/dependency_links.txt
[1.026s] writing entry points to ../../build/turtlebot3_manipulation_control/turtlebot3_manipulation_control.egg-info/entry_points.txt
[1.026s] writing requirements to ../../build/turtlebot3_manipulation_control/turtlebot3_manipulation_control.egg-info/requires.txt
[1.027s] writing top-level names to ../../build/turtlebot3_manipulation_control/turtlebot3_manipulation_control.egg-info/top_level.txt
[1.028s] reading manifest file '../../build/turtlebot3_manipulation_control/turtlebot3_manipulation_control.egg-info/SOURCES.txt'
[1.029s] writing manifest file '../../build/turtlebot3_manipulation_control/turtlebot3_manipulation_control.egg-info/SOURCES.txt'
[1.029s] running build
[1.029s] running build_py
[1.029s] running install
[1.029s] running install_lib
[1.030s] running install_egg_info
[1.031s] removing '/home/fabin/turtlebot3_ws/install/turtlebot3_manipulation_control/lib/python3.10/site-packages/turtlebot3_manipulation_control-0.0.0-py3.10.egg-info' (and everything under it)
[1.032s] Copying ../../build/turtlebot3_manipulation_control/turtlebot3_manipulation_control.egg-info to /home/fabin/turtlebot3_ws/install/turtlebot3_manipulation_control/lib/python3.10/site-packages/turtlebot3_manipulation_control-0.0.0-py3.10.egg-info
[1.032s] running install_scripts
[1.048s] Installing turtlebot3_ik_demo script to /home/fabin/turtlebot3_ws/install/turtlebot3_manipulation_control/lib/turtlebot3_manipulation_control
[1.048s] writing list of installed files to '/home/fabin/turtlebot3_ws/build/turtlebot3_manipulation_control/install.log'
[1.067s] Invoked command in '/home/fabin/turtlebot3_ws/src/turtlebot3_manipulation_control' returned '0': PYTHONPATH=/home/fabin/turtlebot3_ws/build/turtlebot3_manipulation_control/prefix_override:/usr/lib/python3/dist-packages/colcon_core/task/python/colcon_distutils_commands:/home/fabin/turtlebot3_ws/install/turtlebot3_manipulation_control/lib/python3.10/site-packages:${PYTHONPATH} /usr/bin/python3 -W ignore:setup.py install is deprecated -W ignore:easy_install command is deprecated setup.py egg_info --egg-base ../../build/turtlebot3_manipulation_control build --build-base /home/fabin/turtlebot3_ws/build/turtlebot3_manipulation_control/build install --record /home/fabin/turtlebot3_ws/build/turtlebot3_manipulation_control/install.log --single-version-externally-managed
