[0.071s] Invoking command in '/home/fabin/turtlebot3_ws/build/turtlebot3_manipulation_cartographer': CMAKE_PREFIX_PATH=${CMAKE_PREFIX_PATH}:/home/fabin/turtlebot3_ws/install/turtlebot3_teleop:/home/fabin/turtlebot3_ws/install/turtlebot3_example:/home/fabin/turtlebot3_ws/install/tb3_ik:/home/fabin/turtlebot3_ws/install/tb3_arm_logger:/home/fabin/turtlebot3_ws/install/tb3_arm_ctrl:/home/fabin/turtlebot3_ws/install/pick_place_demo:/opt/ros/humble /usr/bin/cmake --build /home/fabin/turtlebot3_ws/build/turtlebot3_manipulation_cartographer -- -j16 -l16
[1.229s] Invoked command in '/home/fabin/turtlebot3_ws/build/turtlebot3_manipulation_cartographer' returned '0': CMAKE_PREFIX_PATH=${CMAKE_PREFIX_PATH}:/home/fabin/turtlebot3_ws/install/turtlebot3_teleop:/home/fabin/turtlebot3_ws/install/turtlebot3_example:/home/fabin/turtlebot3_ws/install/tb3_ik:/home/fabin/turtlebot3_ws/install/tb3_arm_logger:/home/fabin/turtlebot3_ws/install/tb3_arm_ctrl:/home/fabin/turtlebot3_ws/install/pick_place_demo:/opt/ros/humble /usr/bin/cmake --build /home/fabin/turtlebot3_ws/build/turtlebot3_manipulation_cartographer -- -j16 -l16
[1.231s] Invoking command in '/home/fabin/turtlebot3_ws/build/turtlebot3_manipulation_cartographer': CMAKE_PREFIX_PATH=${CMAKE_PREFIX_PATH}:/home/fabin/turtlebot3_ws/install/turtlebot3_teleop:/home/fabin/turtlebot3_ws/install/turtlebot3_example:/home/fabin/turtlebot3_ws/install/tb3_ik:/home/fabin/turtlebot3_ws/install/tb3_arm_logger:/home/fabin/turtlebot3_ws/install/tb3_arm_ctrl:/home/fabin/turtlebot3_ws/install/pick_place_demo:/opt/ros/humble /usr/bin/cmake --install /home/fabin/turtlebot3_ws/build/turtlebot3_manipulation_cartographer
[1.264s] -- Install configuration: ""
[1.265s] -- Execute custom install script
[1.265s] -- Up-to-date symlink: /home/fabin/turtlebot3_ws/install/turtlebot3_manipulation_cartographer/share/turtlebot3_manipulation_cartographer/config/turtlebot3_2d.lua
[1.265s] -- Up-to-date symlink: /home/fabin/turtlebot3_ws/install/turtlebot3_manipulation_cartographer/share/turtlebot3_manipulation_cartographer/launch/cartographer.launch.py
[1.265s] -- Up-to-date symlink: /home/fabin/turtlebot3_ws/install/turtlebot3_manipulation_cartographer/share/turtlebot3_manipulation_cartographer/rviz/cartographer.rviz
[1.265s] -- Up-to-date symlink: /home/fabin/turtlebot3_ws/install/turtlebot3_manipulation_cartographer/share/ament_index/resource_index/package_run_dependencies/turtlebot3_manipulation_cartographer
[1.265s] -- Up-to-date symlink: /home/fabin/turtlebot3_ws/install/turtlebot3_manipulation_cartographer/share/ament_index/resource_index/parent_prefix_path/turtlebot3_manipulation_cartographer
[1.265s] -- Up-to-date symlink: /home/fabin/turtlebot3_ws/install/turtlebot3_manipulation_cartographer/share/turtlebot3_manipulation_cartographer/environment/ament_prefix_path.sh
[1.266s] -- Up-to-date symlink: /home/fabin/turtlebot3_ws/install/turtlebot3_manipulation_cartographer/share/turtlebot3_manipulation_cartographer/environment/ament_prefix_path.dsv
[1.266s] -- Up-to-date symlink: /home/fabin/turtlebot3_ws/install/turtlebot3_manipulation_cartographer/share/turtlebot3_manipulation_cartographer/environment/path.sh
[1.266s] -- Up-to-date symlink: /home/fabin/turtlebot3_ws/install/turtlebot3_manipulation_cartographer/share/turtlebot3_manipulation_cartographer/environment/path.dsv
[1.266s] -- Up-to-date symlink: /home/fabin/turtlebot3_ws/install/turtlebot3_manipulation_cartographer/share/turtlebot3_manipulation_cartographer/local_setup.bash
[1.266s] -- Up-to-date symlink: /home/fabin/turtlebot3_ws/install/turtlebot3_manipulation_cartographer/share/turtlebot3_manipulation_cartographer/local_setup.sh
[1.266s] -- Up-to-date symlink: /home/fabin/turtlebot3_ws/install/turtlebot3_manipulation_cartographer/share/turtlebot3_manipulation_cartographer/local_setup.zsh
[1.266s] -- Up-to-date symlink: /home/fabin/turtlebot3_ws/install/turtlebot3_manipulation_cartographer/share/turtlebot3_manipulation_cartographer/local_setup.dsv
[1.267s] -- Symlinking: /home/fabin/turtlebot3_ws/install/turtlebot3_manipulation_cartographer/share/turtlebot3_manipulation_cartographer/package.dsv
[1.285s] -- Up-to-date symlink: /home/fabin/turtlebot3_ws/install/turtlebot3_manipulation_cartographer/share/ament_index/resource_index/packages/turtlebot3_manipulation_cartographer
[1.286s] -- Up-to-date symlink: /home/fabin/turtlebot3_ws/install/turtlebot3_manipulation_cartographer/share/turtlebot3_manipulation_cartographer/cmake/turtlebot3_manipulation_cartographerConfig.cmake
[1.286s] -- Up-to-date symlink: /home/fabin/turtlebot3_ws/install/turtlebot3_manipulation_cartographer/share/turtlebot3_manipulation_cartographer/cmake/turtlebot3_manipulation_cartographerConfig-version.cmake
[1.286s] -- Up-to-date symlink: /home/fabin/turtlebot3_ws/install/turtlebot3_manipulation_cartographer/share/turtlebot3_manipulation_cartographer/package.xml
[1.374s] Invoked command in '/home/fabin/turtlebot3_ws/build/turtlebot3_manipulation_cartographer' returned '0': CMAKE_PREFIX_PATH=${CMAKE_PREFIX_PATH}:/home/fabin/turtlebot3_ws/install/turtlebot3_teleop:/home/fabin/turtlebot3_ws/install/turtlebot3_example:/home/fabin/turtlebot3_ws/install/tb3_ik:/home/fabin/turtlebot3_ws/install/tb3_arm_logger:/home/fabin/turtlebot3_ws/install/tb3_arm_ctrl:/home/fabin/turtlebot3_ws/install/pick_place_demo:/opt/ros/humble /usr/bin/cmake --install /home/fabin/turtlebot3_ws/build/turtlebot3_manipulation_cartographer
