[0.024s] Invoking command in '/home/fabin/turtlebot3_ws/src/build/dynamixel_sdk': CMAKE_PREFIX_PATH=/opt/ros/humble /usr/bin/cmake /home/fabin/turtlebot3_ws/src/DynamixelSDK/ros/dynamixel_sdk -DAMENT_CMAKE_SYMLINK_INSTALL=1 -DCMAKE_INSTALL_PREFIX=/home/fabin/turtlebot3_ws/src/install/dynamixel_sdk
[0.157s] -- The C compiler identification is GNU 11.4.0
[0.255s] -- The CXX compiler identification is GNU 11.4.0
[0.263s] -- Detecting C compiler ABI info
[0.326s] -- Detecting C compiler ABI info - done
[0.331s] -- Check for working C compiler: /usr/bin/cc - skipped
[0.332s] -- Detecting C compile features
[0.332s] -- Detecting C compile features - done
[0.335s] -- Detecting CXX compiler ABI info
[0.407s] -- Detecting CXX compiler ABI info - done
[0.414s] -- Check for working CXX compiler: /usr/bin/c++ - skipped
[0.414s] -- Detecting CXX compile features
[0.415s] -- Detecting CXX compile features - done
[0.416s] -- Found ament_cmake: 1.3.12 (/opt/ros/humble/share/ament_cmake/cmake)
[0.530s] -- Found Python3: /usr/bin/python3 (found version "3.10.12") found components: Interpreter 
[0.581s] -- Override CMake install command with custom implementation using symlinks instead of copying resources
[0.715s] -- Configuring done
[0.721s] -- Generating done
[0.723s] -- Build files have been written to: /home/fabin/turtlebot3_ws/src/build/dynamixel_sdk
[0.727s] Invoked command in '/home/fabin/turtlebot3_ws/src/build/dynamixel_sdk' returned '0': CMAKE_PREFIX_PATH=/opt/ros/humble /usr/bin/cmake /home/fabin/turtlebot3_ws/src/DynamixelSDK/ros/dynamixel_sdk -DAMENT_CMAKE_SYMLINK_INSTALL=1 -DCMAKE_INSTALL_PREFIX=/home/fabin/turtlebot3_ws/src/install/dynamixel_sdk
[0.728s] Invoking command in '/home/fabin/turtlebot3_ws/src/build/dynamixel_sdk': CMAKE_PREFIX_PATH=/opt/ros/humble /usr/bin/cmake --build /home/fabin/turtlebot3_ws/src/build/dynamixel_sdk -- -j16 -l16
[0.775s] [ 46%] Built target ament_cmake_python_symlink_dynamixel_sdk
[0.775s] [ 46%] [32mBuilding CXX object CMakeFiles/dynamixel_sdk.dir/src/dynamixel_sdk/group_sync_read.cpp.o[0m
[0.775s] [ 46%] [32mBuilding CXX object CMakeFiles/dynamixel_sdk.dir/src/dynamixel_sdk/group_bulk_read.cpp.o[0m
[0.775s] [ 46%] [32mBuilding CXX object CMakeFiles/dynamixel_sdk.dir/src/dynamixel_sdk/protocol2_packet_handler.cpp.o[0m
[0.775s] [ 46%] [32mBuilding CXX object CMakeFiles/dynamixel_sdk.dir/src/dynamixel_sdk/group_bulk_write.cpp.o[0m
[0.775s] [ 46%] [32mBuilding CXX object CMakeFiles/dynamixel_sdk.dir/src/dynamixel_sdk/packet_handler.cpp.o[0m
[0.775s] [ 61%] [32mBuilding CXX object CMakeFiles/dynamixel_sdk.dir/src/dynamixel_sdk/group_fast_bulk_read.cpp.o[0m
[0.775s] [ 46%] [32mBuilding CXX object CMakeFiles/dynamixel_sdk.dir/src/dynamixel_sdk/group_fast_sync_read.cpp.o[0m
[0.775s] [ 61%] [32mBuilding CXX object CMakeFiles/dynamixel_sdk.dir/src/dynamixel_sdk/group_sync_write.cpp.o[0m
[0.775s] [ 69%] [32mBuilding CXX object CMakeFiles/dynamixel_sdk.dir/src/dynamixel_sdk/group_handler.cpp.o[0m
[0.775s] [ 76%] [32mBuilding CXX object CMakeFiles/dynamixel_sdk.dir/src/dynamixel_sdk/protocol1_packet_handler.cpp.o[0m
[0.777s] [ 84%] [32mBuilding CXX object CMakeFiles/dynamixel_sdk.dir/src/dynamixel_sdk/port_handler_linux.cpp.o[0m
[0.783s] [ 92%] [32mBuilding CXX object CMakeFiles/dynamixel_sdk.dir/src/dynamixel_sdk/port_handler.cpp.o[0m
[1.087s] running egg_info
[1.087s] creating dynamixel_sdk.egg-info
[1.088s] writing dynamixel_sdk.egg-info/PKG-INFO
[1.088s] writing dependency_links to dynamixel_sdk.egg-info/dependency_links.txt
[1.088s] writing top-level names to dynamixel_sdk.egg-info/top_level.txt
[1.088s] writing manifest file 'dynamixel_sdk.egg-info/SOURCES.txt'
[1.090s] reading manifest file 'dynamixel_sdk.egg-info/SOURCES.txt'
[1.091s] writing manifest file 'dynamixel_sdk.egg-info/SOURCES.txt'
[1.125s] [ 92%] Built target ament_cmake_python_build_dynamixel_sdk_egg
[1.239s] [100%] [32m[1mLinking CXX shared library libdynamixel_sdk.so[0m
[1.314s] [100%] Built target dynamixel_sdk
[1.325s] Invoked command in '/home/fabin/turtlebot3_ws/src/build/dynamixel_sdk' returned '0': CMAKE_PREFIX_PATH=/opt/ros/humble /usr/bin/cmake --build /home/fabin/turtlebot3_ws/src/build/dynamixel_sdk -- -j16 -l16
[1.326s] Invoking command in '/home/fabin/turtlebot3_ws/src/build/dynamixel_sdk': CMAKE_PREFIX_PATH=/opt/ros/humble /usr/bin/cmake --install /home/fabin/turtlebot3_ws/src/build/dynamixel_sdk
[1.333s] -- Install configuration: ""
[1.333s] -- Execute custom install script
[1.333s] -- Symlinking: /home/fabin/turtlebot3_ws/src/install/dynamixel_sdk/include//dynamixel_sdk/dynamixel_sdk.h
[1.342s] -- Symlinking: /home/fabin/turtlebot3_ws/src/install/dynamixel_sdk/include//dynamixel_sdk/group_bulk_read.h
[1.350s] -- Symlinking: /home/fabin/turtlebot3_ws/src/install/dynamixel_sdk/include//dynamixel_sdk/group_bulk_write.h
[1.357s] -- Symlinking: /home/fabin/turtlebot3_ws/src/install/dynamixel_sdk/include//dynamixel_sdk/group_fast_bulk_read.h
[1.365s] -- Symlinking: /home/fabin/turtlebot3_ws/src/install/dynamixel_sdk/include//dynamixel_sdk/group_fast_sync_read.h
[1.372s] -- Symlinking: /home/fabin/turtlebot3_ws/src/install/dynamixel_sdk/include//dynamixel_sdk/group_handler.h
[1.380s] -- Symlinking: /home/fabin/turtlebot3_ws/src/install/dynamixel_sdk/include//dynamixel_sdk/group_sync_read.h
[1.388s] -- Symlinking: /home/fabin/turtlebot3_ws/src/install/dynamixel_sdk/include//dynamixel_sdk/group_sync_write.h
[1.396s] -- Symlinking: /home/fabin/turtlebot3_ws/src/install/dynamixel_sdk/include//dynamixel_sdk/packet_handler.h
[1.403s] -- Symlinking: /home/fabin/turtlebot3_ws/src/install/dynamixel_sdk/include//dynamixel_sdk/port_handler.h
[1.411s] -- Symlinking: /home/fabin/turtlebot3_ws/src/install/dynamixel_sdk/include//dynamixel_sdk/port_handler_arduino.h
[1.419s] -- Symlinking: /home/fabin/turtlebot3_ws/src/install/dynamixel_sdk/include//dynamixel_sdk/port_handler_linux.h
[1.427s] -- Symlinking: /home/fabin/turtlebot3_ws/src/install/dynamixel_sdk/include//dynamixel_sdk/port_handler_mac.h
[1.435s] -- Symlinking: /home/fabin/turtlebot3_ws/src/install/dynamixel_sdk/include//dynamixel_sdk/port_handler_windows.h
[1.443s] -- Symlinking: /home/fabin/turtlebot3_ws/src/install/dynamixel_sdk/include//dynamixel_sdk/protocol1_packet_handler.h
[1.452s] -- Symlinking: /home/fabin/turtlebot3_ws/src/install/dynamixel_sdk/include//dynamixel_sdk/protocol2_packet_handler.h
[1.459s] -- Symlinking: /home/fabin/turtlebot3_ws/src/install/dynamixel_sdk/share/dynamixel_sdk/environment/pythonpath.sh
[1.467s] -- Symlinking: /home/fabin/turtlebot3_ws/src/install/dynamixel_sdk/share/dynamixel_sdk/environment/pythonpath.dsv
[1.475s] -- Symlinking: /home/fabin/turtlebot3_ws/src/install/dynamixel_sdk/local/lib/python3.10/dist-packages/dynamixel_sdk-3.8.4-py3.10.egg-info/PKG-INFO
[1.481s] -- Symlinking: /home/fabin/turtlebot3_ws/src/install/dynamixel_sdk/local/lib/python3.10/dist-packages/dynamixel_sdk-3.8.4-py3.10.egg-info/SOURCES.txt
[1.489s] -- Symlinking: /home/fabin/turtlebot3_ws/src/install/dynamixel_sdk/local/lib/python3.10/dist-packages/dynamixel_sdk-3.8.4-py3.10.egg-info/dependency_links.txt
[1.496s] -- Symlinking: /home/fabin/turtlebot3_ws/src/install/dynamixel_sdk/local/lib/python3.10/dist-packages/dynamixel_sdk-3.8.4-py3.10.egg-info/top_level.txt
[1.505s] -- Symlinking: /home/fabin/turtlebot3_ws/src/install/dynamixel_sdk/local/lib/python3.10/dist-packages/dynamixel_sdk/__init__.py
[1.513s] -- Symlinking: /home/fabin/turtlebot3_ws/src/install/dynamixel_sdk/local/lib/python3.10/dist-packages/dynamixel_sdk/group_bulk_read.cpp
[1.521s] -- Symlinking: /home/fabin/turtlebot3_ws/src/install/dynamixel_sdk/local/lib/python3.10/dist-packages/dynamixel_sdk/group_bulk_read.py
[1.528s] -- Symlinking: /home/fabin/turtlebot3_ws/src/install/dynamixel_sdk/local/lib/python3.10/dist-packages/dynamixel_sdk/group_bulk_write.cpp
[1.536s] -- Symlinking: /home/fabin/turtlebot3_ws/src/install/dynamixel_sdk/local/lib/python3.10/dist-packages/dynamixel_sdk/group_bulk_write.py
[1.544s] -- Symlinking: /home/fabin/turtlebot3_ws/src/install/dynamixel_sdk/local/lib/python3.10/dist-packages/dynamixel_sdk/group_fast_bulk_read.cpp
[1.552s] -- Symlinking: /home/fabin/turtlebot3_ws/src/install/dynamixel_sdk/local/lib/python3.10/dist-packages/dynamixel_sdk/group_fast_sync_read.cpp
[1.560s] -- Symlinking: /home/fabin/turtlebot3_ws/src/install/dynamixel_sdk/local/lib/python3.10/dist-packages/dynamixel_sdk/group_handler.cpp
[1.568s] -- Symlinking: /home/fabin/turtlebot3_ws/src/install/dynamixel_sdk/local/lib/python3.10/dist-packages/dynamixel_sdk/group_sync_read.cpp
[1.576s] -- Symlinking: /home/fabin/turtlebot3_ws/src/install/dynamixel_sdk/local/lib/python3.10/dist-packages/dynamixel_sdk/group_sync_read.py
[1.583s] -- Symlinking: /home/fabin/turtlebot3_ws/src/install/dynamixel_sdk/local/lib/python3.10/dist-packages/dynamixel_sdk/group_sync_write.cpp
[1.592s] -- Symlinking: /home/fabin/turtlebot3_ws/src/install/dynamixel_sdk/local/lib/python3.10/dist-packages/dynamixel_sdk/group_sync_write.py
[1.600s] -- Symlinking: /home/fabin/turtlebot3_ws/src/install/dynamixel_sdk/local/lib/python3.10/dist-packages/dynamixel_sdk/packet_handler.cpp
[1.607s] -- Symlinking: /home/fabin/turtlebot3_ws/src/install/dynamixel_sdk/local/lib/python3.10/dist-packages/dynamixel_sdk/packet_handler.py
[1.614s] -- Symlinking: /home/fabin/turtlebot3_ws/src/install/dynamixel_sdk/local/lib/python3.10/dist-packages/dynamixel_sdk/port_handler.cpp
[1.622s] -- Symlinking: /home/fabin/turtlebot3_ws/src/install/dynamixel_sdk/local/lib/python3.10/dist-packages/dynamixel_sdk/port_handler.py
[1.630s] -- Symlinking: /home/fabin/turtlebot3_ws/src/install/dynamixel_sdk/local/lib/python3.10/dist-packages/dynamixel_sdk/port_handler_arduino.cpp
[1.638s] -- Symlinking: /home/fabin/turtlebot3_ws/src/install/dynamixel_sdk/local/lib/python3.10/dist-packages/dynamixel_sdk/port_handler_linux.cpp
[1.646s] -- Symlinking: /home/fabin/turtlebot3_ws/src/install/dynamixel_sdk/local/lib/python3.10/dist-packages/dynamixel_sdk/port_handler_mac.cpp
[1.653s] -- Symlinking: /home/fabin/turtlebot3_ws/src/install/dynamixel_sdk/local/lib/python3.10/dist-packages/dynamixel_sdk/port_handler_windows.cpp
[1.661s] -- Symlinking: /home/fabin/turtlebot3_ws/src/install/dynamixel_sdk/local/lib/python3.10/dist-packages/dynamixel_sdk/protocol1_packet_handler.cpp
[1.668s] -- Symlinking: /home/fabin/turtlebot3_ws/src/install/dynamixel_sdk/local/lib/python3.10/dist-packages/dynamixel_sdk/protocol1_packet_handler.py
[1.676s] -- Symlinking: /home/fabin/turtlebot3_ws/src/install/dynamixel_sdk/local/lib/python3.10/dist-packages/dynamixel_sdk/protocol2_packet_handler.cpp
[1.684s] -- Symlinking: /home/fabin/turtlebot3_ws/src/install/dynamixel_sdk/local/lib/python3.10/dist-packages/dynamixel_sdk/protocol2_packet_handler.py
[1.692s] -- Symlinking: /home/fabin/turtlebot3_ws/src/install/dynamixel_sdk/local/lib/python3.10/dist-packages/dynamixel_sdk/robotis_def.py
[1.700s] -- Symlinking: /home/fabin/turtlebot3_ws/src/install/dynamixel_sdk/share/dynamixel_sdk/environment/library_path.sh
[1.708s] -- Symlinking: /home/fabin/turtlebot3_ws/src/install/dynamixel_sdk/share/dynamixel_sdk/environment/library_path.dsv
[1.716s] -- Symlinking: /home/fabin/turtlebot3_ws/src/install/dynamixel_sdk/share/ament_index/resource_index/package_run_dependencies/dynamixel_sdk
[1.725s] -- Symlinking: /home/fabin/turtlebot3_ws/src/install/dynamixel_sdk/share/ament_index/resource_index/parent_prefix_path/dynamixel_sdk
[1.734s] -- Symlinking: /home/fabin/turtlebot3_ws/src/install/dynamixel_sdk/share/dynamixel_sdk/environment/ament_prefix_path.sh
[1.742s] -- Symlinking: /home/fabin/turtlebot3_ws/src/install/dynamixel_sdk/share/dynamixel_sdk/environment/ament_prefix_path.dsv
[1.750s] -- Symlinking: /home/fabin/turtlebot3_ws/src/install/dynamixel_sdk/share/dynamixel_sdk/environment/path.sh
[1.757s] -- Symlinking: /home/fabin/turtlebot3_ws/src/install/dynamixel_sdk/share/dynamixel_sdk/environment/path.dsv
[1.765s] -- Symlinking: /home/fabin/turtlebot3_ws/src/install/dynamixel_sdk/share/dynamixel_sdk/local_setup.bash
[1.775s] -- Symlinking: /home/fabin/turtlebot3_ws/src/install/dynamixel_sdk/share/dynamixel_sdk/local_setup.sh
[1.784s] -- Symlinking: /home/fabin/turtlebot3_ws/src/install/dynamixel_sdk/share/dynamixel_sdk/local_setup.zsh
[1.792s] -- Symlinking: /home/fabin/turtlebot3_ws/src/install/dynamixel_sdk/share/dynamixel_sdk/local_setup.dsv
[1.801s] -- Symlinking: /home/fabin/turtlebot3_ws/src/install/dynamixel_sdk/share/dynamixel_sdk/package.dsv
[1.809s] -- Symlinking: /home/fabin/turtlebot3_ws/src/install/dynamixel_sdk/share/ament_index/resource_index/packages/dynamixel_sdk
[1.817s] -- Symlinking: /home/fabin/turtlebot3_ws/src/install/dynamixel_sdk/share/dynamixel_sdk/cmake/ament_cmake_export_targets-extras.cmake
[1.826s] -- Symlinking: /home/fabin/turtlebot3_ws/src/install/dynamixel_sdk/share/dynamixel_sdk/cmake/ament_cmake_export_include_directories-extras.cmake
[1.835s] -- Symlinking: /home/fabin/turtlebot3_ws/src/install/dynamixel_sdk/share/dynamixel_sdk/cmake/ament_cmake_export_libraries-extras.cmake
[1.843s] -- Symlinking: /home/fabin/turtlebot3_ws/src/install/dynamixel_sdk/share/dynamixel_sdk/cmake/dynamixel_sdkConfig.cmake
[1.852s] -- Symlinking: /home/fabin/turtlebot3_ws/src/install/dynamixel_sdk/share/dynamixel_sdk/cmake/dynamixel_sdkConfig-version.cmake
[1.860s] -- Symlinking: /home/fabin/turtlebot3_ws/src/install/dynamixel_sdk/share/dynamixel_sdk/package.xml
[1.869s] -- Installing: /home/fabin/turtlebot3_ws/src/install/dynamixel_sdk/lib/libdynamixel_sdk.so
[1.905s] Listing '/home/fabin/turtlebot3_ws/src/install/dynamixel_sdk/local/lib/python3.10/dist-packages/dynamixel_sdk'...
[1.905s] Compiling '/home/fabin/turtlebot3_ws/src/install/dynamixel_sdk/local/lib/python3.10/dist-packages/dynamixel_sdk/__init__.py'...
[1.906s] Compiling '/home/fabin/turtlebot3_ws/src/install/dynamixel_sdk/local/lib/python3.10/dist-packages/dynamixel_sdk/group_bulk_read.py'...
[1.906s] Compiling '/home/fabin/turtlebot3_ws/src/install/dynamixel_sdk/local/lib/python3.10/dist-packages/dynamixel_sdk/group_bulk_write.py'...
[1.906s] Compiling '/home/fabin/turtlebot3_ws/src/install/dynamixel_sdk/local/lib/python3.10/dist-packages/dynamixel_sdk/group_sync_read.py'...
[1.906s] Compiling '/home/fabin/turtlebot3_ws/src/install/dynamixel_sdk/local/lib/python3.10/dist-packages/dynamixel_sdk/group_sync_write.py'...
[1.906s] Compiling '/home/fabin/turtlebot3_ws/src/install/dynamixel_sdk/local/lib/python3.10/dist-packages/dynamixel_sdk/packet_handler.py'...
[1.906s] Compiling '/home/fabin/turtlebot3_ws/src/install/dynamixel_sdk/local/lib/python3.10/dist-packages/dynamixel_sdk/port_handler.py'...
[1.906s] Compiling '/home/fabin/turtlebot3_ws/src/install/dynamixel_sdk/local/lib/python3.10/dist-packages/dynamixel_sdk/protocol1_packet_handler.py'...
[1.906s] Compiling '/home/fabin/turtlebot3_ws/src/install/dynamixel_sdk/local/lib/python3.10/dist-packages/dynamixel_sdk/protocol2_packet_handler.py'...
[1.906s] Compiling '/home/fabin/turtlebot3_ws/src/install/dynamixel_sdk/local/lib/python3.10/dist-packages/dynamixel_sdk/robotis_def.py'...
[1.910s] -- Installing: /home/fabin/turtlebot3_ws/src/install/dynamixel_sdk/share/dynamixel_sdk/cmake/dynamixel_sdkExport.cmake
[1.910s] -- Installing: /home/fabin/turtlebot3_ws/src/install/dynamixel_sdk/share/dynamixel_sdk/cmake/dynamixel_sdkExport-noconfig.cmake
[1.912s] Invoked command in '/home/fabin/turtlebot3_ws/src/build/dynamixel_sdk' returned '0': CMAKE_PREFIX_PATH=/opt/ros/humble /usr/bin/cmake --install /home/fabin/turtlebot3_ws/src/build/dynamixel_sdk
