[1.734s] Invoking command in '/home/fabin/turtlebot3_ws/src/tb3_ik': PYTHONPATH=/home/fabin/turtlebot3_ws/build/tb3_ik/prefix_override:/usr/lib/python3/dist-packages/colcon_core/task/python/colcon_distutils_commands:/home/fabin/turtlebot3_ws/install/tb3_ik/lib/python3.10/site-packages:${PYTHONPATH} /usr/bin/python3 -W ignore:setup.py install is deprecated -W ignore:easy_install command is deprecated setup.py egg_info --egg-base ../../build/tb3_ik build --build-base /home/fabin/turtlebot3_ws/build/tb3_ik/build install --record /home/fabin/turtlebot3_ws/build/tb3_ik/install.log --single-version-externally-managed
[2.003s] running egg_info
[2.004s] writing ../../build/tb3_ik/tb3_ik.egg-info/PKG-INFO
[2.005s] writing dependency_links to ../../build/tb3_ik/tb3_ik.egg-info/dependency_links.txt
[2.005s] writing entry points to ../../build/tb3_ik/tb3_ik.egg-info/entry_points.txt
[2.005s] writing requirements to ../../build/tb3_ik/tb3_ik.egg-info/requires.txt
[2.005s] writing top-level names to ../../build/tb3_ik/tb3_ik.egg-info/top_level.txt
[2.005s] reading manifest file '../../build/tb3_ik/tb3_ik.egg-info/SOURCES.txt'
[2.005s] writing manifest file '../../build/tb3_ik/tb3_ik.egg-info/SOURCES.txt'
[2.005s] running build
[2.005s] running build_py
[2.006s] running install
[2.006s] running install_lib
[2.006s] running install_egg_info
[2.006s] removing '/home/fabin/turtlebot3_ws/install/tb3_ik/lib/python3.10/site-packages/tb3_ik-0.0.0-py3.10.egg-info' (and everything under it)
[2.006s] Copying ../../build/tb3_ik/tb3_ik.egg-info to /home/fabin/turtlebot3_ws/install/tb3_ik/lib/python3.10/site-packages/tb3_ik-0.0.0-py3.10.egg-info
[2.006s] running install_scripts
[2.006s] Installing tb3_ik_controller script to /home/fabin/turtlebot3_ws/install/tb3_ik/lib/tb3_ik
[2.006s] writing list of installed files to '/home/fabin/turtlebot3_ws/build/tb3_ik/install.log'
[2.027s] Invoked command in '/home/fabin/turtlebot3_ws/src/tb3_ik' returned '0': PYTHONPATH=/home/fabin/turtlebot3_ws/build/tb3_ik/prefix_override:/usr/lib/python3/dist-packages/colcon_core/task/python/colcon_distutils_commands:/home/fabin/turtlebot3_ws/install/tb3_ik/lib/python3.10/site-packages:${PYTHONPATH} /usr/bin/python3 -W ignore:setup.py install is deprecated -W ignore:easy_install command is deprecated setup.py egg_info --egg-base ../../build/tb3_ik build --build-base /home/fabin/turtlebot3_ws/build/tb3_ik/build install --record /home/fabin/turtlebot3_ws/build/tb3_ik/install.log --single-version-externally-managed
