[2.319s] Invoking command in '/home/fabin/turtlebot3_ws/build/turtlebot3_teleop': PYTHONPATH=/home/fabin/turtlebot3_ws/build/turtlebot3_teleop/prefix_override:/usr/lib/python3/dist-packages/colcon_core/task/python/colcon_distutils_commands:/home/fabin/turtlebot3_ws/install/turtlebot3_teleop/lib/python3.10/site-packages:${PYTHONPATH} /usr/bin/python3 -W ignore:setup.py install is deprecated -W ignore:easy_install command is deprecated setup.py develop --uninstall --editable --build-directory /home/fabin/turtlebot3_ws/build/turtlebot3_teleop/build
[2.721s] running develop
[2.971s] Removing /home/fabin/turtlebot3_ws/install/turtlebot3_teleop/lib/python3.10/site-packages/turtlebot3-teleop.egg-link (link to .)
[3.297s] Invoked command in '/home/fabin/turtlebot3_ws/build/turtlebot3_teleop' returned '0': PYTHONPATH=/home/fabin/turtlebot3_ws/build/turtlebot3_teleop/prefix_override:/usr/lib/python3/dist-packages/colcon_core/task/python/colcon_distutils_commands:/home/fabin/turtlebot3_ws/install/turtlebot3_teleop/lib/python3.10/site-packages:${PYTHONPATH} /usr/bin/python3 -W ignore:setup.py install is deprecated -W ignore:easy_install command is deprecated setup.py develop --uninstall --editable --build-directory /home/fabin/turtlebot3_ws/build/turtlebot3_teleop/build
[3.299s] Invoking command in '/home/fabin/turtlebot3_ws/src/turtlebot3/turtlebot3_teleop': PYTHONPATH=/home/fabin/turtlebot3_ws/build/turtlebot3_teleop/prefix_override:/usr/lib/python3/dist-packages/colcon_core/task/python/colcon_distutils_commands:/home/fabin/turtlebot3_ws/install/turtlebot3_teleop/lib/python3.10/site-packages:${PYTHONPATH} /usr/bin/python3 -W ignore:setup.py install is deprecated -W ignore:easy_install command is deprecated setup.py egg_info --egg-base ../../../build/turtlebot3_teleop build --build-base /home/fabin/turtlebot3_ws/build/turtlebot3_teleop/build install --record /home/fabin/turtlebot3_ws/build/turtlebot3_teleop/install.log --single-version-externally-managed install_data --force
[3.693s] running egg_info
[3.694s] writing ../../../build/turtlebot3_teleop/turtlebot3_teleop.egg-info/PKG-INFO
[3.695s] writing dependency_links to ../../../build/turtlebot3_teleop/turtlebot3_teleop.egg-info/dependency_links.txt
[3.695s] writing entry points to ../../../build/turtlebot3_teleop/turtlebot3_teleop.egg-info/entry_points.txt
[3.695s] writing requirements to ../../../build/turtlebot3_teleop/turtlebot3_teleop.egg-info/requires.txt
[3.696s] writing top-level names to ../../../build/turtlebot3_teleop/turtlebot3_teleop.egg-info/top_level.txt
[3.704s] reading manifest file '../../../build/turtlebot3_teleop/turtlebot3_teleop.egg-info/SOURCES.txt'
[3.704s] writing manifest file '../../../build/turtlebot3_teleop/turtlebot3_teleop.egg-info/SOURCES.txt'
[3.704s] running build
[3.704s] running build_py
[3.705s] creating /home/fabin/turtlebot3_ws/build/turtlebot3_teleop/build
[3.705s] creating /home/fabin/turtlebot3_ws/build/turtlebot3_teleop/build/lib
[3.706s] creating /home/fabin/turtlebot3_ws/build/turtlebot3_teleop/build/lib/turtlebot3_teleop
[3.706s] copying turtlebot3_teleop/__init__.py -> /home/fabin/turtlebot3_ws/build/turtlebot3_teleop/build/lib/turtlebot3_teleop
[3.706s] creating /home/fabin/turtlebot3_ws/build/turtlebot3_teleop/build/lib/turtlebot3_teleop/script
[3.706s] copying turtlebot3_teleop/script/teleop_keyboard.py -> /home/fabin/turtlebot3_ws/build/turtlebot3_teleop/build/lib/turtlebot3_teleop/script
[3.706s] copying turtlebot3_teleop/script/__init__.py -> /home/fabin/turtlebot3_ws/build/turtlebot3_teleop/build/lib/turtlebot3_teleop/script
[3.707s] running install
[3.707s] running install_lib
[3.707s] creating /home/fabin/turtlebot3_ws/install/turtlebot3_teleop/lib/python3.10/site-packages/turtlebot3_teleop
[3.707s] creating /home/fabin/turtlebot3_ws/install/turtlebot3_teleop/lib/python3.10/site-packages/turtlebot3_teleop/script
[3.707s] copying /home/fabin/turtlebot3_ws/build/turtlebot3_teleop/build/lib/turtlebot3_teleop/script/teleop_keyboard.py -> /home/fabin/turtlebot3_ws/install/turtlebot3_teleop/lib/python3.10/site-packages/turtlebot3_teleop/script
[3.707s] copying /home/fabin/turtlebot3_ws/build/turtlebot3_teleop/build/lib/turtlebot3_teleop/script/__init__.py -> /home/fabin/turtlebot3_ws/install/turtlebot3_teleop/lib/python3.10/site-packages/turtlebot3_teleop/script
[3.707s] copying /home/fabin/turtlebot3_ws/build/turtlebot3_teleop/build/lib/turtlebot3_teleop/__init__.py -> /home/fabin/turtlebot3_ws/install/turtlebot3_teleop/lib/python3.10/site-packages/turtlebot3_teleop
[3.708s] byte-compiling /home/fabin/turtlebot3_ws/install/turtlebot3_teleop/lib/python3.10/site-packages/turtlebot3_teleop/script/teleop_keyboard.py to teleop_keyboard.cpython-310.pyc
[3.709s] byte-compiling /home/fabin/turtlebot3_ws/install/turtlebot3_teleop/lib/python3.10/site-packages/turtlebot3_teleop/script/__init__.py to __init__.cpython-310.pyc
[3.709s] byte-compiling /home/fabin/turtlebot3_ws/install/turtlebot3_teleop/lib/python3.10/site-packages/turtlebot3_teleop/__init__.py to __init__.cpython-310.pyc
[3.710s] running install_data
[3.710s] copying resource/turtlebot3_teleop -> /home/fabin/turtlebot3_ws/install/turtlebot3_teleop/share/ament_index/resource_index/packages
[3.710s] copying package.xml -> /home/fabin/turtlebot3_ws/install/turtlebot3_teleop/share/turtlebot3_teleop
[3.710s] running install_egg_info
[3.711s] Copying ../../../build/turtlebot3_teleop/turtlebot3_teleop.egg-info to /home/fabin/turtlebot3_ws/install/turtlebot3_teleop/lib/python3.10/site-packages/turtlebot3_teleop-2.3.3-py3.10.egg-info
[3.713s] running install_scripts
[3.748s] Installing teleop_keyboard script to /home/fabin/turtlebot3_ws/install/turtlebot3_teleop/lib/turtlebot3_teleop
[3.748s] writing list of installed files to '/home/fabin/turtlebot3_ws/build/turtlebot3_teleop/install.log'
[3.817s] Invoked command in '/home/fabin/turtlebot3_ws/src/turtlebot3/turtlebot3_teleop' returned '0': PYTHONPATH=/home/fabin/turtlebot3_ws/build/turtlebot3_teleop/prefix_override:/usr/lib/python3/dist-packages/colcon_core/task/python/colcon_distutils_commands:/home/fabin/turtlebot3_ws/install/turtlebot3_teleop/lib/python3.10/site-packages:${PYTHONPATH} /usr/bin/python3 -W ignore:setup.py install is deprecated -W ignore:easy_install command is deprecated setup.py egg_info --egg-base ../../../build/turtlebot3_teleop build --build-base /home/fabin/turtlebot3_ws/build/turtlebot3_teleop/build install --record /home/fabin/turtlebot3_ws/build/turtlebot3_teleop/install.log --single-version-externally-managed install_data --force
