[0.791s] Invoking command in '/home/fabin/turtlebot3_ws/build/turtlebot3_example': CMAKE_PREFIX_PATH=/home/fabin/turtlebot3_ws/install/turtlebot3_msgs:/home/fabin/turtlebot3_ws/install/turtlebot3:/home/fabin/turtlebot3_ws/install/turtlebot3_simulations:/home/fabin/turtlebot3_ws/install/turtlebot3_bringup:/home/fabin/turtlebot3_ws/install/turtlebot3_node:/home/fabin/turtlebot3_ws/install/turtlebot3_navigation2:/home/fabin/turtlebot3_ws/install/turtlebot3_fake_node:/home/fabin/turtlebot3_ws/install/turtlebot3_manipulation:/home/fabin/turtlebot3_ws/install/turtlebot3_manipulation_teleop:/home/fabin/turtlebot3_ws/install/turtlebot3_manipulation_navigation2:/home/fabin/turtlebot3_ws/install/turtlebot3_manipulation_moveit_config:/home/fabin/turtlebot3_ws/install/turtlebot3_manipulation_hardware:/home/fabin/turtlebot3_ws/install/turtlebot3_manipulation_gazebo:/home/fabin/turtlebot3_ws/install/turtlebot3_manipulation_bringup:/home/fabin/turtlebot3_ws/install/turtlebot3_manipulation_description:/home/fabin/turtlebot3_ws/install/turtlebot3_manipulation_cartographer:/home/fabin/turtlebot3_ws/install/turtlebot3_gazebo:/home/fabin/turtlebot3_ws/install/turtlebot3_description:/home/fabin/turtlebot3_ws/install/turtlebot3_cartographer:/home/fabin/turtlebot3_ws/install/dynamixel_sdk_examples:/home/fabin/turtlebot3_ws/install/dynamixel_sdk_custom_interfaces:/home/fabin/turtlebot3_ws/install/dynamixel_sdk LD_LIBRARY_PATH=/home/fabin/turtlebot3_ws/install/turtlebot3_msgs/lib:/home/fabin/turtlebot3_ws/install/turtlebot3_manipulation_hardware/lib:/home/fabin/turtlebot3_ws/install/dynamixel_sdk_custom_interfaces/lib:/home/fabin/turtlebot3_ws/install/dynamixel_sdk/lib:/usr/lib/x86_64-linux-gnu/gazebo-11/plugins:/opt/ros/humble/opt/rviz_ogre_vendor/lib:/opt/ros/humble/lib/x86_64-linux-gnu:/opt/ros/humble/lib:/usr/lib/x86_64-linux-gnu/gazebo-11/plugins PYTHONPATH=/home/fabin/turtlebot3_ws/build/turtlebot3_example/prefix_override:/usr/lib/python3/dist-packages/colcon_core/task/python/colcon_distutils_commands:/home/fabin/turtlebot3_ws/install/turtlebot3_example/lib/python3.10/site-packages:${PYTHONPATH} /usr/bin/python3 -W ignore:setup.py install is deprecated -W ignore:easy_install command is deprecated setup.py develop --editable --build-directory /home/fabin/turtlebot3_ws/build/turtlebot3_example/build --no-deps symlink_data
[1.038s] running develop
[1.201s] running egg_info
[1.201s] creating turtlebot3_example.egg-info
[1.201s] writing turtlebot3_example.egg-info/PKG-INFO
[1.201s] writing dependency_links to turtlebot3_example.egg-info/dependency_links.txt
[1.201s] writing entry points to turtlebot3_example.egg-info/entry_points.txt
[1.202s] writing requirements to turtlebot3_example.egg-info/requires.txt
[1.202s] writing top-level names to turtlebot3_example.egg-info/top_level.txt
[1.202s] writing manifest file 'turtlebot3_example.egg-info/SOURCES.txt'
[1.204s] reading manifest file 'turtlebot3_example.egg-info/SOURCES.txt'
[1.205s] writing manifest file 'turtlebot3_example.egg-info/SOURCES.txt'
[1.206s] running build_ext
[1.206s] Creating /home/fabin/turtlebot3_ws/install/turtlebot3_example/lib/python3.10/site-packages/turtlebot3-example.egg-link (link to .)
[1.207s] Installing turtlebot3_absolute_move script to /home/fabin/turtlebot3_ws/install/turtlebot3_example/lib/turtlebot3_example
[1.207s] Installing turtlebot3_interactive_marker script to /home/fabin/turtlebot3_ws/install/turtlebot3_example/lib/turtlebot3_example
[1.207s] Installing turtlebot3_obstacle_detection script to /home/fabin/turtlebot3_ws/install/turtlebot3_example/lib/turtlebot3_example
[1.207s] Installing turtlebot3_patrol_client script to /home/fabin/turtlebot3_ws/install/turtlebot3_example/lib/turtlebot3_example
[1.207s] Installing turtlebot3_patrol_server script to /home/fabin/turtlebot3_ws/install/turtlebot3_example/lib/turtlebot3_example
[1.207s] Installing turtlebot3_relative_move script to /home/fabin/turtlebot3_ws/install/turtlebot3_example/lib/turtlebot3_example
[1.208s] 
[1.208s] Installed /home/fabin/turtlebot3_ws/build/turtlebot3_example
[1.208s] running symlink_data
[1.208s] creating /home/fabin/turtlebot3_ws/install/turtlebot3_example/share/ament_index
[1.208s] creating /home/fabin/turtlebot3_ws/install/turtlebot3_example/share/ament_index/resource_index
[1.208s] creating /home/fabin/turtlebot3_ws/install/turtlebot3_example/share/ament_index/resource_index/packages
[1.208s] symbolically linking /home/fabin/turtlebot3_ws/build/turtlebot3_example/resource/turtlebot3_example -> /home/fabin/turtlebot3_ws/install/turtlebot3_example/share/ament_index/resource_index/packages
[1.208s] symbolically linking /home/fabin/turtlebot3_ws/build/turtlebot3_example/package.xml -> /home/fabin/turtlebot3_ws/install/turtlebot3_example/share/turtlebot3_example
[1.250s] Invoked command in '/home/fabin/turtlebot3_ws/build/turtlebot3_example' returned '0': CMAKE_PREFIX_PATH=/home/fabin/turtlebot3_ws/install/turtlebot3_msgs:/home/fabin/turtlebot3_ws/install/turtlebot3:/home/fabin/turtlebot3_ws/install/turtlebot3_simulations:/home/fabin/turtlebot3_ws/install/turtlebot3_bringup:/home/fabin/turtlebot3_ws/install/turtlebot3_node:/home/fabin/turtlebot3_ws/install/turtlebot3_navigation2:/home/fabin/turtlebot3_ws/install/turtlebot3_fake_node:/home/fabin/turtlebot3_ws/install/turtlebot3_manipulation:/home/fabin/turtlebot3_ws/install/turtlebot3_manipulation_teleop:/home/fabin/turtlebot3_ws/install/turtlebot3_manipulation_navigation2:/home/fabin/turtlebot3_ws/install/turtlebot3_manipulation_moveit_config:/home/fabin/turtlebot3_ws/install/turtlebot3_manipulation_hardware:/home/fabin/turtlebot3_ws/install/turtlebot3_manipulation_gazebo:/home/fabin/turtlebot3_ws/install/turtlebot3_manipulation_bringup:/home/fabin/turtlebot3_ws/install/turtlebot3_manipulation_description:/home/fabin/turtlebot3_ws/install/turtlebot3_manipulation_cartographer:/home/fabin/turtlebot3_ws/install/turtlebot3_gazebo:/home/fabin/turtlebot3_ws/install/turtlebot3_description:/home/fabin/turtlebot3_ws/install/turtlebot3_cartographer:/home/fabin/turtlebot3_ws/install/dynamixel_sdk_examples:/home/fabin/turtlebot3_ws/install/dynamixel_sdk_custom_interfaces:/home/fabin/turtlebot3_ws/install/dynamixel_sdk LD_LIBRARY_PATH=/home/fabin/turtlebot3_ws/install/turtlebot3_msgs/lib:/home/fabin/turtlebot3_ws/install/turtlebot3_manipulation_hardware/lib:/home/fabin/turtlebot3_ws/install/dynamixel_sdk_custom_interfaces/lib:/home/fabin/turtlebot3_ws/install/dynamixel_sdk/lib:/usr/lib/x86_64-linux-gnu/gazebo-11/plugins:/opt/ros/humble/opt/rviz_ogre_vendor/lib:/opt/ros/humble/lib/x86_64-linux-gnu:/opt/ros/humble/lib:/usr/lib/x86_64-linux-gnu/gazebo-11/plugins PYTHONPATH=/home/fabin/turtlebot3_ws/build/turtlebot3_example/prefix_override:/usr/lib/python3/dist-packages/colcon_core/task/python/colcon_distutils_commands:/home/fabin/turtlebot3_ws/install/turtlebot3_example/lib/python3.10/site-packages:${PYTHONPATH} /usr/bin/python3 -W ignore:setup.py install is deprecated -W ignore:easy_install command is deprecated setup.py develop --editable --build-directory /home/fabin/turtlebot3_ws/build/turtlebot3_example/build --no-deps symlink_data
