[0.103s] DEBUG:colcon:Command line arguments: ['/usr/bin/colcon', 'build']
[0.103s] DEBUG:colcon:Parsed command line arguments: Namespace(log_base=None, log_level=None, verb_name='build', build_base='build', install_base='install', merge_install=False, symlink_install=False, test_result_base=None, continue_on_error=False, executor='parallel', parallel_workers=16, event_handlers=None, ignore_user_meta=False, metas=['./colcon.meta'], base_paths=['.'], packages_ignore=None, packages_ignore_regex=None, paths=None, packages_up_to=None, packages_up_to_regex=None, packages_above=None, packages_above_and_dependencies=None, packages_above_depth=None, packages_select_by_dep=None, packages_skip_by_dep=None, packages_skip_up_to=None, packages_select_build_failed=False, packages_skip_build_finished=False, packages_select_test_failures=False, packages_skip_test_passed=False, packages_select=None, packages_skip=None, packages_select_regex=None, packages_skip_regex=None, packages_start=None, packages_end=None, allow_overriding=[], cmake_args=None, cmake_target=None, cmake_target_skip_unavailable=False, cmake_clean_cache=False, cmake_clean_first=False, cmake_force_configure=False, ament_cmake_args=None, catkin_cmake_args=None, catkin_skip_building_tests=False, mixin_files=None, mixin=None, verb_parser=<colcon_mixin.mixin.mixin_argument.MixinArgumentDecorator object at 0x7b8e03674b50>, verb_extension=<colcon_core.verb.build.BuildVerb object at 0x7b8e03674580>, main=<bound method BuildVerb.main of <colcon_core.verb.build.BuildVerb object at 0x7b8e03674580>>, mixin_verb=('build',))
[0.315s] Level 1:colcon.colcon_core.package_discovery:discover_packages(colcon_meta) check parameters
[0.315s] Level 1:colcon.colcon_core.package_discovery:discover_packages(recursive) check parameters
[0.315s] Level 1:colcon.colcon_core.package_discovery:discover_packages(ignore) check parameters
[0.315s] Level 1:colcon.colcon_core.package_discovery:discover_packages(path) check parameters
[0.315s] Level 1:colcon.colcon_core.package_discovery:discover_packages(colcon_meta) discover
[0.315s] Level 1:colcon.colcon_core.package_discovery:discover_packages(recursive) discover
[0.315s] INFO:colcon.colcon_core.package_discovery:Crawling recursively for packages in '/home/fabin/PycharmProjects/turtlebot3_research_project'
[0.315s] Level 1:colcon.colcon_core.package_identification:_identify(.) by extensions ['ignore', 'ignore_ament_install']
[0.315s] Level 1:colcon.colcon_core.package_identification:_identify(.) by extension 'ignore'
[0.315s] Level 1:colcon.colcon_core.package_identification:_identify(.) by extension 'ignore_ament_install'
[0.315s] Level 1:colcon.colcon_core.package_identification:_identify(.) by extensions ['colcon_pkg']
[0.315s] Level 1:colcon.colcon_core.package_identification:_identify(.) by extension 'colcon_pkg'
[0.315s] Level 1:colcon.colcon_core.package_identification:_identify(.) by extensions ['colcon_meta']
[0.315s] Level 1:colcon.colcon_core.package_identification:_identify(.) by extension 'colcon_meta'
[0.315s] Level 1:colcon.colcon_core.package_identification:_identify(.) by extensions ['ros']
[0.315s] Level 1:colcon.colcon_core.package_identification:_identify(.) by extension 'ros'
[0.323s] Level 1:colcon.colcon_core.package_identification:_identify(.) by extensions ['cmake', 'python']
[0.323s] Level 1:colcon.colcon_core.package_identification:_identify(.) by extension 'cmake'
[0.323s] Level 1:colcon.colcon_core.package_identification:_identify(.) by extension 'python'
[0.323s] Level 1:colcon.colcon_core.package_identification:_identify(.) by extensions ['python_setup_py']
[0.323s] Level 1:colcon.colcon_core.package_identification:_identify(.) by extension 'python_setup_py'
[0.323s] Level 1:colcon.colcon_core.package_identification:_identify(build) by extensions ['ignore', 'ignore_ament_install']
[0.323s] Level 1:colcon.colcon_core.package_identification:_identify(build) by extension 'ignore'
[0.323s] Level 1:colcon.colcon_core.package_identification:_identify(build) ignored
[0.323s] Level 1:colcon.colcon_core.package_identification:_identify(install) by extensions ['ignore', 'ignore_ament_install']
[0.323s] Level 1:colcon.colcon_core.package_identification:_identify(install) by extension 'ignore'
[0.324s] Level 1:colcon.colcon_core.package_identification:_identify(install) ignored
[0.324s] Level 1:colcon.colcon_core.package_identification:_identify(log) by extensions ['ignore', 'ignore_ament_install']
[0.324s] Level 1:colcon.colcon_core.package_identification:_identify(log) by extension 'ignore'
[0.324s] Level 1:colcon.colcon_core.package_identification:_identify(log) ignored
[0.324s] Level 1:colcon.colcon_core.package_identification:_identify(maps) by extensions ['ignore', 'ignore_ament_install']
[0.324s] Level 1:colcon.colcon_core.package_identification:_identify(maps) by extension 'ignore'
[0.324s] Level 1:colcon.colcon_core.package_identification:_identify(maps) by extension 'ignore_ament_install'
[0.324s] Level 1:colcon.colcon_core.package_identification:_identify(maps) by extensions ['colcon_pkg']
[0.324s] Level 1:colcon.colcon_core.package_identification:_identify(maps) by extension 'colcon_pkg'
[0.324s] Level 1:colcon.colcon_core.package_identification:_identify(maps) by extensions ['colcon_meta']
[0.324s] Level 1:colcon.colcon_core.package_identification:_identify(maps) by extension 'colcon_meta'
[0.324s] Level 1:colcon.colcon_core.package_identification:_identify(maps) by extensions ['ros']
[0.324s] Level 1:colcon.colcon_core.package_identification:_identify(maps) by extension 'ros'
[0.324s] Level 1:colcon.colcon_core.package_identification:_identify(maps) by extensions ['cmake', 'python']
[0.324s] Level 1:colcon.colcon_core.package_identification:_identify(maps) by extension 'cmake'
[0.324s] Level 1:colcon.colcon_core.package_identification:_identify(maps) by extension 'python'
[0.324s] Level 1:colcon.colcon_core.package_identification:_identify(maps) by extensions ['python_setup_py']
[0.324s] Level 1:colcon.colcon_core.package_identification:_identify(maps) by extension 'python_setup_py'
[0.324s] Level 1:colcon.colcon_core.package_identification:_identify(src) by extensions ['ignore', 'ignore_ament_install']
[0.324s] Level 1:colcon.colcon_core.package_identification:_identify(src) by extension 'ignore'
[0.324s] Level 1:colcon.colcon_core.package_identification:_identify(src) by extension 'ignore_ament_install'
[0.324s] Level 1:colcon.colcon_core.package_identification:_identify(src) by extensions ['colcon_pkg']
[0.324s] Level 1:colcon.colcon_core.package_identification:_identify(src) by extension 'colcon_pkg'
[0.324s] Level 1:colcon.colcon_core.package_identification:_identify(src) by extensions ['colcon_meta']
[0.324s] Level 1:colcon.colcon_core.package_identification:_identify(src) by extension 'colcon_meta'
[0.325s] Level 1:colcon.colcon_core.package_identification:_identify(src) by extensions ['ros']
[0.325s] Level 1:colcon.colcon_core.package_identification:_identify(src) by extension 'ros'
[0.325s] Level 1:colcon.colcon_core.package_identification:_identify(src) by extensions ['cmake', 'python']
[0.325s] Level 1:colcon.colcon_core.package_identification:_identify(src) by extension 'cmake'
[0.325s] Level 1:colcon.colcon_core.package_identification:_identify(src) by extension 'python'
[0.325s] Level 1:colcon.colcon_core.package_identification:_identify(src) by extensions ['python_setup_py']
[0.325s] Level 1:colcon.colcon_core.package_identification:_identify(src) by extension 'python_setup_py'
[0.325s] Level 1:colcon.colcon_core.package_identification:_identify(src/DynamixelSDK) by extensions ['ignore', 'ignore_ament_install']
[0.325s] Level 1:colcon.colcon_core.package_identification:_identify(src/DynamixelSDK) by extension 'ignore'
[0.325s] Level 1:colcon.colcon_core.package_identification:_identify(src/DynamixelSDK) by extension 'ignore_ament_install'
[0.325s] Level 1:colcon.colcon_core.package_identification:_identify(src/DynamixelSDK) by extensions ['colcon_pkg']
[0.325s] Level 1:colcon.colcon_core.package_identification:_identify(src/DynamixelSDK) by extension 'colcon_pkg'
[0.325s] Level 1:colcon.colcon_core.package_identification:_identify(src/DynamixelSDK) by extensions ['colcon_meta']
[0.325s] Level 1:colcon.colcon_core.package_identification:_identify(src/DynamixelSDK) by extension 'colcon_meta'
[0.325s] Level 1:colcon.colcon_core.package_identification:_identify(src/DynamixelSDK) by extensions ['ros']
[0.325s] Level 1:colcon.colcon_core.package_identification:_identify(src/DynamixelSDK) by extension 'ros'
[0.325s] Level 1:colcon.colcon_core.package_identification:_identify(src/DynamixelSDK) by extensions ['cmake', 'python']
[0.325s] Level 1:colcon.colcon_core.package_identification:_identify(src/DynamixelSDK) by extension 'cmake'
[0.325s] Level 1:colcon.colcon_core.package_identification:_identify(src/DynamixelSDK) by extension 'python'
[0.325s] Level 1:colcon.colcon_core.package_identification:_identify(src/DynamixelSDK) by extensions ['python_setup_py']
[0.325s] Level 1:colcon.colcon_core.package_identification:_identify(src/DynamixelSDK) by extension 'python_setup_py'
[0.325s] Level 1:colcon.colcon_core.package_identification:_identify(src/build) by extensions ['ignore', 'ignore_ament_install']
[0.325s] Level 1:colcon.colcon_core.package_identification:_identify(src/build) by extension 'ignore'
[0.325s] Level 1:colcon.colcon_core.package_identification:_identify(src/build) ignored
[0.325s] Level 1:colcon.colcon_core.package_identification:_identify(src/install) by extensions ['ignore', 'ignore_ament_install']
[0.326s] Level 1:colcon.colcon_core.package_identification:_identify(src/install) by extension 'ignore'
[0.326s] Level 1:colcon.colcon_core.package_identification:_identify(src/install) ignored
[0.326s] Level 1:colcon.colcon_core.package_identification:_identify(src/log) by extensions ['ignore', 'ignore_ament_install']
[0.326s] Level 1:colcon.colcon_core.package_identification:_identify(src/log) by extension 'ignore'
[0.326s] Level 1:colcon.colcon_core.package_identification:_identify(src/log) ignored
[0.326s] Level 1:colcon.colcon_core.package_identification:_identify(src/pick_place_demo) by extensions ['ignore', 'ignore_ament_install']
[0.326s] Level 1:colcon.colcon_core.package_identification:_identify(src/pick_place_demo) by extension 'ignore'
[0.326s] Level 1:colcon.colcon_core.package_identification:_identify(src/pick_place_demo) by extension 'ignore_ament_install'
[0.326s] Level 1:colcon.colcon_core.package_identification:_identify(src/pick_place_demo) by extensions ['colcon_pkg']
[0.326s] Level 1:colcon.colcon_core.package_identification:_identify(src/pick_place_demo) by extension 'colcon_pkg'
[0.326s] Level 1:colcon.colcon_core.package_identification:_identify(src/pick_place_demo) by extensions ['colcon_meta']
[0.326s] Level 1:colcon.colcon_core.package_identification:_identify(src/pick_place_demo) by extension 'colcon_meta'
[0.326s] Level 1:colcon.colcon_core.package_identification:_identify(src/pick_place_demo) by extensions ['ros']
[0.326s] Level 1:colcon.colcon_core.package_identification:_identify(src/pick_place_demo) by extension 'ros'
[0.328s] DEBUG:colcon.colcon_core.package_identification:Package 'src/pick_place_demo' with type 'ros.ament_python' and name 'pick_place_demo'
[0.329s] Level 1:colcon.colcon_core.package_identification:_identify(src/tb3_arm_ctrl) by extensions ['ignore', 'ignore_ament_install']
[0.329s] Level 1:colcon.colcon_core.package_identification:_identify(src/tb3_arm_ctrl) by extension 'ignore'
[0.329s] Level 1:colcon.colcon_core.package_identification:_identify(src/tb3_arm_ctrl) by extension 'ignore_ament_install'
[0.329s] Level 1:colcon.colcon_core.package_identification:_identify(src/tb3_arm_ctrl) by extensions ['colcon_pkg']
[0.329s] Level 1:colcon.colcon_core.package_identification:_identify(src/tb3_arm_ctrl) by extension 'colcon_pkg'
[0.329s] Level 1:colcon.colcon_core.package_identification:_identify(src/tb3_arm_ctrl) by extensions ['colcon_meta']
[0.329s] Level 1:colcon.colcon_core.package_identification:_identify(src/tb3_arm_ctrl) by extension 'colcon_meta'
[0.329s] Level 1:colcon.colcon_core.package_identification:_identify(src/tb3_arm_ctrl) by extensions ['ros']
[0.329s] Level 1:colcon.colcon_core.package_identification:_identify(src/tb3_arm_ctrl) by extension 'ros'
[0.330s] DEBUG:colcon.colcon_core.package_identification:Package 'src/tb3_arm_ctrl' with type 'ros.ament_python' and name 'tb3_arm_ctrl'
[0.330s] Level 1:colcon.colcon_core.package_identification:_identify(src/tb3_arm_logger) by extensions ['ignore', 'ignore_ament_install']
[0.330s] Level 1:colcon.colcon_core.package_identification:_identify(src/tb3_arm_logger) by extension 'ignore'
[0.330s] Level 1:colcon.colcon_core.package_identification:_identify(src/tb3_arm_logger) by extension 'ignore_ament_install'
[0.330s] Level 1:colcon.colcon_core.package_identification:_identify(src/tb3_arm_logger) by extensions ['colcon_pkg']
[0.330s] Level 1:colcon.colcon_core.package_identification:_identify(src/tb3_arm_logger) by extension 'colcon_pkg'
[0.330s] Level 1:colcon.colcon_core.package_identification:_identify(src/tb3_arm_logger) by extensions ['colcon_meta']
[0.330s] Level 1:colcon.colcon_core.package_identification:_identify(src/tb3_arm_logger) by extension 'colcon_meta'
[0.330s] Level 1:colcon.colcon_core.package_identification:_identify(src/tb3_arm_logger) by extensions ['ros']
[0.330s] Level 1:colcon.colcon_core.package_identification:_identify(src/tb3_arm_logger) by extension 'ros'
[0.330s] DEBUG:colcon.colcon_core.package_identification:Package 'src/tb3_arm_logger' with type 'ros.ament_python' and name 'tb3_arm_logger'
[0.330s] Level 1:colcon.colcon_core.package_identification:_identify(src/tb3_ik) by extensions ['ignore', 'ignore_ament_install']
[0.331s] Level 1:colcon.colcon_core.package_identification:_identify(src/tb3_ik) by extension 'ignore'
[0.331s] Level 1:colcon.colcon_core.package_identification:_identify(src/tb3_ik) by extension 'ignore_ament_install'
[0.331s] Level 1:colcon.colcon_core.package_identification:_identify(src/tb3_ik) by extensions ['colcon_pkg']
[0.331s] Level 1:colcon.colcon_core.package_identification:_identify(src/tb3_ik) by extension 'colcon_pkg'
[0.331s] Level 1:colcon.colcon_core.package_identification:_identify(src/tb3_ik) by extensions ['colcon_meta']
[0.331s] Level 1:colcon.colcon_core.package_identification:_identify(src/tb3_ik) by extension 'colcon_meta'
[0.331s] Level 1:colcon.colcon_core.package_identification:_identify(src/tb3_ik) by extensions ['ros']
[0.331s] Level 1:colcon.colcon_core.package_identification:_identify(src/tb3_ik) by extension 'ros'
[0.331s] DEBUG:colcon.colcon_core.package_identification:Package 'src/tb3_ik' with type 'ros.ament_python' and name 'tb3_ik'
[0.331s] Level 1:colcon.colcon_core.package_identification:_identify(src/turtlebot3) by extensions ['ignore', 'ignore_ament_install']
[0.331s] Level 1:colcon.colcon_core.package_identification:_identify(src/turtlebot3) by extension 'ignore'
[0.331s] Level 1:colcon.colcon_core.package_identification:_identify(src/turtlebot3) by extension 'ignore_ament_install'
[0.332s] Level 1:colcon.colcon_core.package_identification:_identify(src/turtlebot3) by extensions ['colcon_pkg']
[0.332s] Level 1:colcon.colcon_core.package_identification:_identify(src/turtlebot3) by extension 'colcon_pkg'
[0.332s] Level 1:colcon.colcon_core.package_identification:_identify(src/turtlebot3) by extensions ['colcon_meta']
[0.332s] Level 1:colcon.colcon_core.package_identification:_identify(src/turtlebot3) by extension 'colcon_meta'
[0.332s] Level 1:colcon.colcon_core.package_identification:_identify(src/turtlebot3) by extensions ['ros']
[0.332s] Level 1:colcon.colcon_core.package_identification:_identify(src/turtlebot3) by extension 'ros'
[0.332s] Level 1:colcon.colcon_core.package_identification:_identify(src/turtlebot3) by extensions ['cmake', 'python']
[0.332s] Level 1:colcon.colcon_core.package_identification:_identify(src/turtlebot3) by extension 'cmake'
[0.332s] Level 1:colcon.colcon_core.package_identification:_identify(src/turtlebot3) by extension 'python'
[0.332s] Level 1:colcon.colcon_core.package_identification:_identify(src/turtlebot3) by extensions ['python_setup_py']
[0.332s] Level 1:colcon.colcon_core.package_identification:_identify(src/turtlebot3) by extension 'python_setup_py'
[0.332s] Level 1:colcon.colcon_core.package_identification:_identify(src/turtlebot3_manipulation) by extensions ['ignore', 'ignore_ament_install']
[0.332s] Level 1:colcon.colcon_core.package_identification:_identify(src/turtlebot3_manipulation) by extension 'ignore'
[0.332s] Level 1:colcon.colcon_core.package_identification:_identify(src/turtlebot3_manipulation) by extension 'ignore_ament_install'
[0.332s] Level 1:colcon.colcon_core.package_identification:_identify(src/turtlebot3_manipulation) by extensions ['colcon_pkg']
[0.332s] Level 1:colcon.colcon_core.package_identification:_identify(src/turtlebot3_manipulation) by extension 'colcon_pkg'
[0.332s] Level 1:colcon.colcon_core.package_identification:_identify(src/turtlebot3_manipulation) by extensions ['colcon_meta']
[0.332s] Level 1:colcon.colcon_core.package_identification:_identify(src/turtlebot3_manipulation) by extension 'colcon_meta'
[0.332s] Level 1:colcon.colcon_core.package_identification:_identify(src/turtlebot3_manipulation) by extensions ['ros']
[0.332s] Level 1:colcon.colcon_core.package_identification:_identify(src/turtlebot3_manipulation) by extension 'ros'
[0.332s] Level 1:colcon.colcon_core.package_identification:_identify(src/turtlebot3_manipulation) by extensions ['cmake', 'python']
[0.332s] Level 1:colcon.colcon_core.package_identification:_identify(src/turtlebot3_manipulation) by extension 'cmake'
[0.332s] Level 1:colcon.colcon_core.package_identification:_identify(src/turtlebot3_manipulation) by extension 'python'
[0.332s] Level 1:colcon.colcon_core.package_identification:_identify(src/turtlebot3_manipulation) by extensions ['python_setup_py']
[0.332s] Level 1:colcon.colcon_core.package_identification:_identify(src/turtlebot3_manipulation) by extension 'python_setup_py'
[0.332s] Level 1:colcon.colcon_core.package_identification:_identify(src/turtlebot3_manipulation_control) by extensions ['ignore', 'ignore_ament_install']
[0.332s] Level 1:colcon.colcon_core.package_identification:_identify(src/turtlebot3_manipulation_control) by extension 'ignore'
[0.332s] Level 1:colcon.colcon_core.package_identification:_identify(src/turtlebot3_manipulation_control) by extension 'ignore_ament_install'
[0.333s] Level 1:colcon.colcon_core.package_identification:_identify(src/turtlebot3_manipulation_control) by extensions ['colcon_pkg']
[0.333s] Level 1:colcon.colcon_core.package_identification:_identify(src/turtlebot3_manipulation_control) by extension 'colcon_pkg'
[0.333s] Level 1:colcon.colcon_core.package_identification:_identify(src/turtlebot3_manipulation_control) by extensions ['colcon_meta']
[0.333s] Level 1:colcon.colcon_core.package_identification:_identify(src/turtlebot3_manipulation_control) by extension 'colcon_meta'
[0.333s] Level 1:colcon.colcon_core.package_identification:_identify(src/turtlebot3_manipulation_control) by extensions ['ros']
[0.333s] Level 1:colcon.colcon_core.package_identification:_identify(src/turtlebot3_manipulation_control) by extension 'ros'
[0.333s] DEBUG:colcon.colcon_core.package_identification:Failed to parse potential ROS package manifest in'src/turtlebot3_manipulation_control': Error(s) in package 'src/turtlebot3_manipulation_control/package.xml':
The manifest contains invalid XML:
junk after document element: line 2, column 0
[0.333s] Level 1:colcon.colcon_core.package_identification:_identify(src/turtlebot3_manipulation_control) by extensions ['cmake', 'python']
[0.333s] Level 1:colcon.colcon_core.package_identification:_identify(src/turtlebot3_manipulation_control) by extension 'cmake'
[0.333s] Level 1:colcon.colcon_core.package_identification:_identify(src/turtlebot3_manipulation_control) by extension 'python'
[0.333s] DEBUG:colcon.colcon_core.package_identification:Python package in 'src/turtlebot3_manipulation_control' passes arguments to the setup() function which requires a different identification extension than 'python'
[0.333s] Level 1:colcon.colcon_core.package_identification:_identify(src/turtlebot3_manipulation_control) by extensions ['python_setup_py']
[0.333s] Level 1:colcon.colcon_core.package_identification:_identify(src/turtlebot3_manipulation_control) by extension 'python_setup_py'
[0.547s] DEBUG:colcon.colcon_core.package_identification:Package 'src/turtlebot3_manipulation_control' with type 'python' and name 'turtlebot3_manipulation_control'
[0.548s] Level 1:colcon.colcon_core.package_identification:_identify(src/turtlebot3_msgs) by extensions ['ignore', 'ignore_ament_install']
[0.548s] Level 1:colcon.colcon_core.package_identification:_identify(src/turtlebot3_msgs) by extension 'ignore'
[0.548s] Level 1:colcon.colcon_core.package_identification:_identify(src/turtlebot3_msgs) by extension 'ignore_ament_install'
[0.548s] Level 1:colcon.colcon_core.package_identification:_identify(src/turtlebot3_msgs) by extensions ['colcon_pkg']
[0.548s] Level 1:colcon.colcon_core.package_identification:_identify(src/turtlebot3_msgs) by extension 'colcon_pkg'
[0.548s] Level 1:colcon.colcon_core.package_identification:_identify(src/turtlebot3_msgs) by extensions ['colcon_meta']
[0.548s] Level 1:colcon.colcon_core.package_identification:_identify(src/turtlebot3_msgs) by extension 'colcon_meta'
[0.548s] Level 1:colcon.colcon_core.package_identification:_identify(src/turtlebot3_msgs) by extensions ['ros']
[0.548s] Level 1:colcon.colcon_core.package_identification:_identify(src/turtlebot3_msgs) by extension 'ros'
[0.548s] Level 1:colcon.colcon_core.package_identification:_identify(src/turtlebot3_msgs) by extensions ['cmake', 'python']
[0.548s] Level 1:colcon.colcon_core.package_identification:_identify(src/turtlebot3_msgs) by extension 'cmake'
[0.548s] Level 1:colcon.colcon_core.package_identification:_identify(src/turtlebot3_msgs) by extension 'python'
[0.548s] Level 1:colcon.colcon_core.package_identification:_identify(src/turtlebot3_msgs) by extensions ['python_setup_py']
[0.548s] Level 1:colcon.colcon_core.package_identification:_identify(src/turtlebot3_msgs) by extension 'python_setup_py'
[0.548s] Level 1:colcon.colcon_core.package_identification:_identify(src/turtlebot3_simulations) by extensions ['ignore', 'ignore_ament_install']
[0.548s] Level 1:colcon.colcon_core.package_identification:_identify(src/turtlebot3_simulations) by extension 'ignore'
[0.548s] Level 1:colcon.colcon_core.package_identification:_identify(src/turtlebot3_simulations) by extension 'ignore_ament_install'
[0.548s] Level 1:colcon.colcon_core.package_identification:_identify(src/turtlebot3_simulations) by extensions ['colcon_pkg']
[0.548s] Level 1:colcon.colcon_core.package_identification:_identify(src/turtlebot3_simulations) by extension 'colcon_pkg'
[0.548s] Level 1:colcon.colcon_core.package_identification:_identify(src/turtlebot3_simulations) by extensions ['colcon_meta']
[0.548s] Level 1:colcon.colcon_core.package_identification:_identify(src/turtlebot3_simulations) by extension 'colcon_meta'
[0.548s] Level 1:colcon.colcon_core.package_identification:_identify(src/turtlebot3_simulations) by extensions ['ros']
[0.548s] Level 1:colcon.colcon_core.package_identification:_identify(src/turtlebot3_simulations) by extension 'ros'
[0.548s] Level 1:colcon.colcon_core.package_identification:_identify(src/turtlebot3_simulations) by extensions ['cmake', 'python']
[0.548s] Level 1:colcon.colcon_core.package_identification:_identify(src/turtlebot3_simulations) by extension 'cmake'
[0.548s] Level 1:colcon.colcon_core.package_identification:_identify(src/turtlebot3_simulations) by extension 'python'
[0.549s] Level 1:colcon.colcon_core.package_identification:_identify(src/turtlebot3_simulations) by extensions ['python_setup_py']
[0.549s] Level 1:colcon.colcon_core.package_identification:_identify(src/turtlebot3_simulations) by extension 'python_setup_py'
[0.549s] Level 1:colcon.colcon_core.package_discovery:discover_packages(recursive) using defaults
[0.549s] Level 1:colcon.colcon_core.package_discovery:discover_packages(ignore) discover
[0.549s] Level 1:colcon.colcon_core.package_discovery:discover_packages(ignore) using defaults
[0.549s] Level 1:colcon.colcon_core.package_discovery:discover_packages(path) discover
[0.549s] Level 1:colcon.colcon_core.package_discovery:discover_packages(path) using defaults
[0.567s] Level 1:colcon.colcon_core.package_discovery:discover_packages(prefix_path) check parameters
[0.567s] Level 1:colcon.colcon_core.package_discovery:discover_packages(prefix_path) discover
[0.571s] DEBUG:colcon.colcon_installed_package_information.package_discovery:Found 29 installed packages in /home/fabin/PycharmProjects/turtlebot3_research_project/install
[0.573s] DEBUG:colcon.colcon_installed_package_information.package_discovery:Found 412 installed packages in /opt/ros/humble
[0.574s] Level 1:colcon.colcon_core.package_discovery:discover_packages(prefix_path) using defaults
[0.620s] Level 5:colcon.colcon_core.verb:set package 'pick_place_demo' build argument 'cmake_args' from command line to 'None'
[0.620s] Level 5:colcon.colcon_core.verb:set package 'pick_place_demo' build argument 'cmake_target' from command line to 'None'
[0.620s] Level 5:colcon.colcon_core.verb:set package 'pick_place_demo' build argument 'cmake_target_skip_unavailable' from command line to 'False'
[0.620s] Level 5:colcon.colcon_core.verb:set package 'pick_place_demo' build argument 'cmake_clean_cache' from command line to 'False'
[0.620s] Level 5:colcon.colcon_core.verb:set package 'pick_place_demo' build argument 'cmake_clean_first' from command line to 'False'
[0.620s] Level 5:colcon.colcon_core.verb:set package 'pick_place_demo' build argument 'cmake_force_configure' from command line to 'False'
[0.620s] Level 5:colcon.colcon_core.verb:set package 'pick_place_demo' build argument 'ament_cmake_args' from command line to 'None'
[0.620s] Level 5:colcon.colcon_core.verb:set package 'pick_place_demo' build argument 'catkin_cmake_args' from command line to 'None'
[0.620s] Level 5:colcon.colcon_core.verb:set package 'pick_place_demo' build argument 'catkin_skip_building_tests' from command line to 'False'
[0.620s] DEBUG:colcon.colcon_core.verb:Building package 'pick_place_demo' with the following arguments: {'ament_cmake_args': None, 'build_base': '/home/fabin/PycharmProjects/turtlebot3_research_project/build/pick_place_demo', 'catkin_cmake_args': None, 'catkin_skip_building_tests': False, 'cmake_args': None, 'cmake_clean_cache': False, 'cmake_clean_first': False, 'cmake_force_configure': False, 'cmake_target': None, 'cmake_target_skip_unavailable': False, 'install_base': '/home/fabin/PycharmProjects/turtlebot3_research_project/install/pick_place_demo', 'merge_install': False, 'path': '/home/fabin/PycharmProjects/turtlebot3_research_project/src/pick_place_demo', 'symlink_install': False, 'test_result_base': None}
[0.621s] Level 5:colcon.colcon_core.verb:set package 'tb3_arm_ctrl' build argument 'cmake_args' from command line to 'None'
[0.621s] Level 5:colcon.colcon_core.verb:set package 'tb3_arm_ctrl' build argument 'cmake_target' from command line to 'None'
[0.621s] Level 5:colcon.colcon_core.verb:set package 'tb3_arm_ctrl' build argument 'cmake_target_skip_unavailable' from command line to 'False'
[0.621s] Level 5:colcon.colcon_core.verb:set package 'tb3_arm_ctrl' build argument 'cmake_clean_cache' from command line to 'False'
[0.621s] Level 5:colcon.colcon_core.verb:set package 'tb3_arm_ctrl' build argument 'cmake_clean_first' from command line to 'False'
[0.621s] Level 5:colcon.colcon_core.verb:set package 'tb3_arm_ctrl' build argument 'cmake_force_configure' from command line to 'False'
[0.621s] Level 5:colcon.colcon_core.verb:set package 'tb3_arm_ctrl' build argument 'ament_cmake_args' from command line to 'None'
[0.621s] Level 5:colcon.colcon_core.verb:set package 'tb3_arm_ctrl' build argument 'catkin_cmake_args' from command line to 'None'
[0.621s] Level 5:colcon.colcon_core.verb:set package 'tb3_arm_ctrl' build argument 'catkin_skip_building_tests' from command line to 'False'
[0.621s] DEBUG:colcon.colcon_core.verb:Building package 'tb3_arm_ctrl' with the following arguments: {'ament_cmake_args': None, 'build_base': '/home/fabin/PycharmProjects/turtlebot3_research_project/build/tb3_arm_ctrl', 'catkin_cmake_args': None, 'catkin_skip_building_tests': False, 'cmake_args': None, 'cmake_clean_cache': False, 'cmake_clean_first': False, 'cmake_force_configure': False, 'cmake_target': None, 'cmake_target_skip_unavailable': False, 'install_base': '/home/fabin/PycharmProjects/turtlebot3_research_project/install/tb3_arm_ctrl', 'merge_install': False, 'path': '/home/fabin/PycharmProjects/turtlebot3_research_project/src/tb3_arm_ctrl', 'symlink_install': False, 'test_result_base': None}
[0.621s] Level 5:colcon.colcon_core.verb:set package 'tb3_arm_logger' build argument 'cmake_args' from command line to 'None'
[0.621s] Level 5:colcon.colcon_core.verb:set package 'tb3_arm_logger' build argument 'cmake_target' from command line to 'None'
[0.621s] Level 5:colcon.colcon_core.verb:set package 'tb3_arm_logger' build argument 'cmake_target_skip_unavailable' from command line to 'False'
[0.621s] Level 5:colcon.colcon_core.verb:set package 'tb3_arm_logger' build argument 'cmake_clean_cache' from command line to 'False'
[0.621s] Level 5:colcon.colcon_core.verb:set package 'tb3_arm_logger' build argument 'cmake_clean_first' from command line to 'False'
[0.621s] Level 5:colcon.colcon_core.verb:set package 'tb3_arm_logger' build argument 'cmake_force_configure' from command line to 'False'
[0.621s] Level 5:colcon.colcon_core.verb:set package 'tb3_arm_logger' build argument 'ament_cmake_args' from command line to 'None'
[0.621s] Level 5:colcon.colcon_core.verb:set package 'tb3_arm_logger' build argument 'catkin_cmake_args' from command line to 'None'
[0.621s] Level 5:colcon.colcon_core.verb:set package 'tb3_arm_logger' build argument 'catkin_skip_building_tests' from command line to 'False'
[0.621s] DEBUG:colcon.colcon_core.verb:Building package 'tb3_arm_logger' with the following arguments: {'ament_cmake_args': None, 'build_base': '/home/fabin/PycharmProjects/turtlebot3_research_project/build/tb3_arm_logger', 'catkin_cmake_args': None, 'catkin_skip_building_tests': False, 'cmake_args': None, 'cmake_clean_cache': False, 'cmake_clean_first': False, 'cmake_force_configure': False, 'cmake_target': None, 'cmake_target_skip_unavailable': False, 'install_base': '/home/fabin/PycharmProjects/turtlebot3_research_project/install/tb3_arm_logger', 'merge_install': False, 'path': '/home/fabin/PycharmProjects/turtlebot3_research_project/src/tb3_arm_logger', 'symlink_install': False, 'test_result_base': None}
[0.622s] Level 5:colcon.colcon_core.verb:set package 'tb3_ik' build argument 'cmake_args' from command line to 'None'
[0.622s] Level 5:colcon.colcon_core.verb:set package 'tb3_ik' build argument 'cmake_target' from command line to 'None'
[0.622s] Level 5:colcon.colcon_core.verb:set package 'tb3_ik' build argument 'cmake_target_skip_unavailable' from command line to 'False'
[0.622s] Level 5:colcon.colcon_core.verb:set package 'tb3_ik' build argument 'cmake_clean_cache' from command line to 'False'
[0.622s] Level 5:colcon.colcon_core.verb:set package 'tb3_ik' build argument 'cmake_clean_first' from command line to 'False'
[0.622s] Level 5:colcon.colcon_core.verb:set package 'tb3_ik' build argument 'cmake_force_configure' from command line to 'False'
[0.622s] Level 5:colcon.colcon_core.verb:set package 'tb3_ik' build argument 'ament_cmake_args' from command line to 'None'
[0.622s] Level 5:colcon.colcon_core.verb:set package 'tb3_ik' build argument 'catkin_cmake_args' from command line to 'None'
[0.622s] Level 5:colcon.colcon_core.verb:set package 'tb3_ik' build argument 'catkin_skip_building_tests' from command line to 'False'
[0.622s] DEBUG:colcon.colcon_core.verb:Building package 'tb3_ik' with the following arguments: {'ament_cmake_args': None, 'build_base': '/home/fabin/PycharmProjects/turtlebot3_research_project/build/tb3_ik', 'catkin_cmake_args': None, 'catkin_skip_building_tests': False, 'cmake_args': None, 'cmake_clean_cache': False, 'cmake_clean_first': False, 'cmake_force_configure': False, 'cmake_target': None, 'cmake_target_skip_unavailable': False, 'install_base': '/home/fabin/PycharmProjects/turtlebot3_research_project/install/tb3_ik', 'merge_install': False, 'path': '/home/fabin/PycharmProjects/turtlebot3_research_project/src/tb3_ik', 'symlink_install': False, 'test_result_base': None}
[0.622s] Level 5:colcon.colcon_core.verb:set package 'turtlebot3_manipulation_control' build argument 'cmake_args' from command line to 'None'
[0.622s] Level 5:colcon.colcon_core.verb:set package 'turtlebot3_manipulation_control' build argument 'cmake_target' from command line to 'None'
[0.622s] Level 5:colcon.colcon_core.verb:set package 'turtlebot3_manipulation_control' build argument 'cmake_target_skip_unavailable' from command line to 'False'
[0.622s] Level 5:colcon.colcon_core.verb:set package 'turtlebot3_manipulation_control' build argument 'cmake_clean_cache' from command line to 'False'
[0.622s] Level 5:colcon.colcon_core.verb:set package 'turtlebot3_manipulation_control' build argument 'cmake_clean_first' from command line to 'False'
[0.622s] Level 5:colcon.colcon_core.verb:set package 'turtlebot3_manipulation_control' build argument 'cmake_force_configure' from command line to 'False'
[0.622s] Level 5:colcon.colcon_core.verb:set package 'turtlebot3_manipulation_control' build argument 'ament_cmake_args' from command line to 'None'
[0.622s] Level 5:colcon.colcon_core.verb:set package 'turtlebot3_manipulation_control' build argument 'catkin_cmake_args' from command line to 'None'
[0.622s] Level 5:colcon.colcon_core.verb:set package 'turtlebot3_manipulation_control' build argument 'catkin_skip_building_tests' from command line to 'False'
[0.622s] DEBUG:colcon.colcon_core.verb:Building package 'turtlebot3_manipulation_control' with the following arguments: {'ament_cmake_args': None, 'build_base': '/home/fabin/PycharmProjects/turtlebot3_research_project/build/turtlebot3_manipulation_control', 'catkin_cmake_args': None, 'catkin_skip_building_tests': False, 'cmake_args': None, 'cmake_clean_cache': False, 'cmake_clean_first': False, 'cmake_force_configure': False, 'cmake_target': None, 'cmake_target_skip_unavailable': False, 'install_base': '/home/fabin/PycharmProjects/turtlebot3_research_project/install/turtlebot3_manipulation_control', 'merge_install': False, 'path': '/home/fabin/PycharmProjects/turtlebot3_research_project/src/turtlebot3_manipulation_control', 'symlink_install': False, 'test_result_base': None}
[0.622s] INFO:colcon.colcon_core.executor:Executing jobs using 'parallel' executor
[0.623s] DEBUG:colcon.colcon_parallel_executor.executor.parallel:run_until_complete
[0.623s] INFO:colcon.colcon_ros.task.ament_python.build:Building ROS package in '/home/fabin/PycharmProjects/turtlebot3_research_project/src/pick_place_demo' with build type 'ament_python'
[0.623s] Level 1:colcon.colcon_core.shell:create_environment_hook('pick_place_demo', 'ament_prefix_path')
[0.627s] INFO:colcon.colcon_core.plugin_system:Skipping extension 'colcon_core.shell.bat': Not used on non-Windows systems
[0.627s] INFO:colcon.colcon_core.shell:Creating environment hook '/home/fabin/PycharmProjects/turtlebot3_research_project/install/pick_place_demo/share/pick_place_demo/hook/ament_prefix_path.ps1'
[0.627s] INFO:colcon.colcon_core.shell:Creating environment descriptor '/home/fabin/PycharmProjects/turtlebot3_research_project/install/pick_place_demo/share/pick_place_demo/hook/ament_prefix_path.dsv'
[0.628s] INFO:colcon.colcon_core.shell:Creating environment hook '/home/fabin/PycharmProjects/turtlebot3_research_project/install/pick_place_demo/share/pick_place_demo/hook/ament_prefix_path.sh'
[0.629s] INFO:colcon.colcon_core.shell:Skip shell extension 'powershell' for command environment: Not usable outside of PowerShell
[0.629s] DEBUG:colcon.colcon_core.shell:Skip shell extension 'dsv' for command environment
[0.635s] INFO:colcon.colcon_ros.task.ament_python.build:Building ROS package in '/home/fabin/PycharmProjects/turtlebot3_research_project/src/tb3_arm_ctrl' with build type 'ament_python'
[0.635s] Level 1:colcon.colcon_core.shell:create_environment_hook('tb3_arm_ctrl', 'ament_prefix_path')
[0.635s] INFO:colcon.colcon_core.shell:Creating environment hook '/home/fabin/PycharmProjects/turtlebot3_research_project/install/tb3_arm_ctrl/share/tb3_arm_ctrl/hook/ament_prefix_path.ps1'
[0.636s] INFO:colcon.colcon_core.shell:Creating environment descriptor '/home/fabin/PycharmProjects/turtlebot3_research_project/install/tb3_arm_ctrl/share/tb3_arm_ctrl/hook/ament_prefix_path.dsv'
[0.636s] INFO:colcon.colcon_core.shell:Creating environment hook '/home/fabin/PycharmProjects/turtlebot3_research_project/install/tb3_arm_ctrl/share/tb3_arm_ctrl/hook/ament_prefix_path.sh'
[0.636s] INFO:colcon.colcon_core.shell:Skip shell extension 'powershell' for command environment: Not usable outside of PowerShell
[0.636s] DEBUG:colcon.colcon_core.shell:Skip shell extension 'dsv' for command environment
[0.641s] INFO:colcon.colcon_ros.task.ament_python.build:Building ROS package in '/home/fabin/PycharmProjects/turtlebot3_research_project/src/tb3_arm_logger' with build type 'ament_python'
[0.641s] Level 1:colcon.colcon_core.shell:create_environment_hook('tb3_arm_logger', 'ament_prefix_path')
[0.641s] INFO:colcon.colcon_core.shell:Creating environment hook '/home/fabin/PycharmProjects/turtlebot3_research_project/install/tb3_arm_logger/share/tb3_arm_logger/hook/ament_prefix_path.ps1'
[0.642s] INFO:colcon.colcon_core.shell:Creating environment descriptor '/home/fabin/PycharmProjects/turtlebot3_research_project/install/tb3_arm_logger/share/tb3_arm_logger/hook/ament_prefix_path.dsv'
[0.642s] INFO:colcon.colcon_core.shell:Creating environment hook '/home/fabin/PycharmProjects/turtlebot3_research_project/install/tb3_arm_logger/share/tb3_arm_logger/hook/ament_prefix_path.sh'
[0.643s] INFO:colcon.colcon_core.shell:Skip shell extension 'powershell' for command environment: Not usable outside of PowerShell
[0.643s] DEBUG:colcon.colcon_core.shell:Skip shell extension 'dsv' for command environment
[0.648s] INFO:colcon.colcon_ros.task.ament_python.build:Building ROS package in '/home/fabin/PycharmProjects/turtlebot3_research_project/src/tb3_ik' with build type 'ament_python'
[0.648s] Level 1:colcon.colcon_core.shell:create_environment_hook('tb3_ik', 'ament_prefix_path')
[0.648s] INFO:colcon.colcon_core.shell:Creating environment hook '/home/fabin/PycharmProjects/turtlebot3_research_project/install/tb3_ik/share/tb3_ik/hook/ament_prefix_path.ps1'
[0.648s] INFO:colcon.colcon_core.shell:Creating environment descriptor '/home/fabin/PycharmProjects/turtlebot3_research_project/install/tb3_ik/share/tb3_ik/hook/ament_prefix_path.dsv'
[0.649s] INFO:colcon.colcon_core.shell:Creating environment hook '/home/fabin/PycharmProjects/turtlebot3_research_project/install/tb3_ik/share/tb3_ik/hook/ament_prefix_path.sh'
[0.649s] INFO:colcon.colcon_core.shell:Skip shell extension 'powershell' for command environment: Not usable outside of PowerShell
[0.649s] DEBUG:colcon.colcon_core.shell:Skip shell extension 'dsv' for command environment
[0.654s] INFO:colcon.colcon_core.task.python.build:Building Python package in '/home/fabin/PycharmProjects/turtlebot3_research_project/src/turtlebot3_manipulation_control'
[0.654s] INFO:colcon.colcon_core.shell:Skip shell extension 'powershell' for command environment: Not usable outside of PowerShell
[0.654s] DEBUG:colcon.colcon_core.shell:Skip shell extension 'dsv' for command environment
[0.868s] INFO:colcon.colcon_core.task.python.build:Building Python package in '/home/fabin/PycharmProjects/turtlebot3_research_project/src/pick_place_demo'
[0.869s] INFO:colcon.colcon_core.shell:Skip shell extension 'powershell' for command environment: Not usable outside of PowerShell
[0.869s] DEBUG:colcon.colcon_core.shell:Skip shell extension 'dsv' for command environment
[1.079s] INFO:colcon.colcon_core.task.python.build:Building Python package in '/home/fabin/PycharmProjects/turtlebot3_research_project/src/tb3_arm_ctrl'
[1.080s] INFO:colcon.colcon_core.shell:Skip shell extension 'powershell' for command environment: Not usable outside of PowerShell
[1.080s] DEBUG:colcon.colcon_core.shell:Skip shell extension 'dsv' for command environment
[1.290s] WARNING:colcon.colcon_ros.task.ament_python.build:Package 'tb3_arm_logger' doesn't explicitly install a marker in the package index (colcon-ros currently does it implicitly but that fallback will be removed in the future)
[1.290s] WARNING:colcon.colcon_ros.task.ament_python.build:Package 'tb3_arm_logger' doesn't explicitly install the 'package.xml' file (colcon-ros currently does it implicitly but that fallback will be removed in the future)
[1.291s] INFO:colcon.colcon_core.task.python.build:Building Python package in '/home/fabin/PycharmProjects/turtlebot3_research_project/src/tb3_arm_logger'
[1.291s] INFO:colcon.colcon_core.shell:Skip shell extension 'powershell' for command environment: Not usable outside of PowerShell
[1.291s] DEBUG:colcon.colcon_core.shell:Skip shell extension 'dsv' for command environment
[1.507s] WARNING:colcon.colcon_ros.task.ament_python.build:Package 'tb3_ik' doesn't explicitly install a marker in the package index (colcon-ros currently does it implicitly but that fallback will be removed in the future)
[1.507s] WARNING:colcon.colcon_ros.task.ament_python.build:Package 'tb3_ik' doesn't explicitly install the 'package.xml' file (colcon-ros currently does it implicitly but that fallback will be removed in the future)
[1.507s] INFO:colcon.colcon_core.task.python.build:Building Python package in '/home/fabin/PycharmProjects/turtlebot3_research_project/src/tb3_ik'
[1.507s] INFO:colcon.colcon_core.shell:Skip shell extension 'powershell' for command environment: Not usable outside of PowerShell
[1.507s] DEBUG:colcon.colcon_core.shell:Skip shell extension 'dsv' for command environment
[2.124s] DEBUG:colcon.colcon_core.event_handler.log_command:Invoking command in '/home/fabin/PycharmProjects/turtlebot3_research_project/src/pick_place_demo': PYTHONPATH=/home/fabin/PycharmProjects/turtlebot3_research_project/build/pick_place_demo/prefix_override:/usr/lib/python3/dist-packages/colcon_core/task/python/colcon_distutils_commands:/home/fabin/PycharmProjects/turtlebot3_research_project/install/pick_place_demo/lib/python3.10/site-packages:${PYTHONPATH} /usr/bin/python3 -W ignore:setup.py install is deprecated -W ignore:easy_install command is deprecated setup.py egg_info --egg-base ../../build/pick_place_demo build --build-base /home/fabin/PycharmProjects/turtlebot3_research_project/build/pick_place_demo/build install --record /home/fabin/PycharmProjects/turtlebot3_research_project/build/pick_place_demo/install.log --single-version-externally-managed install_data
[2.129s] DEBUG:colcon.colcon_core.event_handler.log_command:Invoking command in '/home/fabin/PycharmProjects/turtlebot3_research_project/src/turtlebot3_manipulation_control': PYTHONPATH=/home/fabin/PycharmProjects/turtlebot3_research_project/build/turtlebot3_manipulation_control/prefix_override:/usr/lib/python3/dist-packages/colcon_core/task/python/colcon_distutils_commands:/home/fabin/PycharmProjects/turtlebot3_research_project/install/turtlebot3_manipulation_control/lib/python3.10/site-packages:${PYTHONPATH} /usr/bin/python3 -W ignore:setup.py install is deprecated -W ignore:easy_install command is deprecated setup.py egg_info --egg-base ../../build/turtlebot3_manipulation_control build --build-base /home/fabin/PycharmProjects/turtlebot3_research_project/build/turtlebot3_manipulation_control/build install --record /home/fabin/PycharmProjects/turtlebot3_research_project/build/turtlebot3_manipulation_control/install.log --single-version-externally-managed
[2.131s] DEBUG:colcon.colcon_core.event_handler.log_command:Invoking command in '/home/fabin/PycharmProjects/turtlebot3_research_project/src/tb3_ik': PYTHONPATH=/home/fabin/PycharmProjects/turtlebot3_research_project/build/tb3_ik/prefix_override:/usr/lib/python3/dist-packages/colcon_core/task/python/colcon_distutils_commands:/home/fabin/PycharmProjects/turtlebot3_research_project/install/tb3_ik/lib/python3.10/site-packages:${PYTHONPATH} /usr/bin/python3 -W ignore:setup.py install is deprecated -W ignore:easy_install command is deprecated setup.py egg_info --egg-base ../../build/tb3_ik build --build-base /home/fabin/PycharmProjects/turtlebot3_research_project/build/tb3_ik/build install --record /home/fabin/PycharmProjects/turtlebot3_research_project/build/tb3_ik/install.log --single-version-externally-managed
[2.134s] DEBUG:colcon.colcon_core.event_handler.log_command:Invoking command in '/home/fabin/PycharmProjects/turtlebot3_research_project/src/tb3_arm_ctrl': PYTHONPATH=/home/fabin/PycharmProjects/turtlebot3_research_project/build/tb3_arm_ctrl/prefix_override:/usr/lib/python3/dist-packages/colcon_core/task/python/colcon_distutils_commands:/home/fabin/PycharmProjects/turtlebot3_research_project/install/tb3_arm_ctrl/lib/python3.10/site-packages:${PYTHONPATH} /usr/bin/python3 -W ignore:setup.py install is deprecated -W ignore:easy_install command is deprecated setup.py egg_info --egg-base ../../build/tb3_arm_ctrl build --build-base /home/fabin/PycharmProjects/turtlebot3_research_project/build/tb3_arm_ctrl/build install --record /home/fabin/PycharmProjects/turtlebot3_research_project/build/tb3_arm_ctrl/install.log --single-version-externally-managed install_data
[2.135s] DEBUG:colcon.colcon_core.event_handler.log_command:Invoking command in '/home/fabin/PycharmProjects/turtlebot3_research_project/src/tb3_arm_logger': PYTHONPATH=/home/fabin/PycharmProjects/turtlebot3_research_project/build/tb3_arm_logger/prefix_override:/usr/lib/python3/dist-packages/colcon_core/task/python/colcon_distutils_commands:/home/fabin/PycharmProjects/turtlebot3_research_project/install/tb3_arm_logger/lib/python3.10/site-packages:${PYTHONPATH} /usr/bin/python3 -W ignore:setup.py install is deprecated -W ignore:easy_install command is deprecated setup.py egg_info --egg-base ../../build/tb3_arm_logger build --build-base /home/fabin/PycharmProjects/turtlebot3_research_project/build/tb3_arm_logger/build install --record /home/fabin/PycharmProjects/turtlebot3_research_project/build/tb3_arm_logger/install.log --single-version-externally-managed
[2.405s] DEBUG:colcon.colcon_core.event_handler.log_command:Invoked command in '/home/fabin/PycharmProjects/turtlebot3_research_project/src/tb3_ik' returned '0': PYTHONPATH=/home/fabin/PycharmProjects/turtlebot3_research_project/build/tb3_ik/prefix_override:/usr/lib/python3/dist-packages/colcon_core/task/python/colcon_distutils_commands:/home/fabin/PycharmProjects/turtlebot3_research_project/install/tb3_ik/lib/python3.10/site-packages:${PYTHONPATH} /usr/bin/python3 -W ignore:setup.py install is deprecated -W ignore:easy_install command is deprecated setup.py egg_info --egg-base ../../build/tb3_ik build --build-base /home/fabin/PycharmProjects/turtlebot3_research_project/build/tb3_ik/build install --record /home/fabin/PycharmProjects/turtlebot3_research_project/build/tb3_ik/install.log --single-version-externally-managed
[2.409s] Level 1:colcon.colcon_core.environment:checking '/home/fabin/PycharmProjects/turtlebot3_research_project/install/tb3_ik' for CMake module files
[2.409s] Level 1:colcon.colcon_core.environment:checking '/home/fabin/PycharmProjects/turtlebot3_research_project/install/tb3_ik' for CMake config files
[2.410s] Level 1:colcon.colcon_core.environment:checking '/home/fabin/PycharmProjects/turtlebot3_research_project/install/tb3_ik/lib'
[2.410s] Level 1:colcon.colcon_core.environment:checking '/home/fabin/PycharmProjects/turtlebot3_research_project/install/tb3_ik/bin'
[2.410s] Level 1:colcon.colcon_core.environment:checking '/home/fabin/PycharmProjects/turtlebot3_research_project/install/tb3_ik/lib/pkgconfig/tb3_ik.pc'
[2.410s] Level 1:colcon.colcon_core.environment:checking '/home/fabin/PycharmProjects/turtlebot3_research_project/install/tb3_ik/lib/python3.10/site-packages'
[2.410s] Level 1:colcon.colcon_core.shell:create_environment_hook('tb3_ik', 'pythonpath')
[2.410s] INFO:colcon.colcon_core.shell:Creating environment hook '/home/fabin/PycharmProjects/turtlebot3_research_project/install/tb3_ik/share/tb3_ik/hook/pythonpath.ps1'
[2.411s] INFO:colcon.colcon_core.shell:Creating environment descriptor '/home/fabin/PycharmProjects/turtlebot3_research_project/install/tb3_ik/share/tb3_ik/hook/pythonpath.dsv'
[2.411s] INFO:colcon.colcon_core.shell:Creating environment hook '/home/fabin/PycharmProjects/turtlebot3_research_project/install/tb3_ik/share/tb3_ik/hook/pythonpath.sh'
[2.412s] Level 1:colcon.colcon_core.environment:checking '/home/fabin/PycharmProjects/turtlebot3_research_project/install/tb3_ik/bin'
[2.412s] Level 1:colcon.colcon_core.environment:create_environment_scripts_only(tb3_ik)
[2.412s] INFO:colcon.colcon_core.shell:Creating package script '/home/fabin/PycharmProjects/turtlebot3_research_project/install/tb3_ik/share/tb3_ik/package.ps1'
[2.413s] INFO:colcon.colcon_core.shell:Creating package descriptor '/home/fabin/PycharmProjects/turtlebot3_research_project/install/tb3_ik/share/tb3_ik/package.dsv'
[2.415s] INFO:colcon.colcon_core.shell:Creating package script '/home/fabin/PycharmProjects/turtlebot3_research_project/install/tb3_ik/share/tb3_ik/package.sh'
[2.416s] INFO:colcon.colcon_core.shell:Creating package script '/home/fabin/PycharmProjects/turtlebot3_research_project/install/tb3_ik/share/tb3_ik/package.bash'
[2.417s] INFO:colcon.colcon_core.shell:Creating package script '/home/fabin/PycharmProjects/turtlebot3_research_project/install/tb3_ik/share/tb3_ik/package.zsh'
[2.418s] Level 1:colcon.colcon_core.environment:create_file_with_runtime_dependencies(/home/fabin/PycharmProjects/turtlebot3_research_project/install/tb3_ik/share/colcon-core/packages/tb3_ik)
[2.420s] Level 1:colcon.colcon_core.environment:checking '/home/fabin/PycharmProjects/turtlebot3_research_project/install/turtlebot3_manipulation_control' for CMake module files
[2.420s] DEBUG:colcon.colcon_core.event_handler.log_command:Invoked command in '/home/fabin/PycharmProjects/turtlebot3_research_project/src/turtlebot3_manipulation_control' returned '0': PYTHONPATH=/home/fabin/PycharmProjects/turtlebot3_research_project/build/turtlebot3_manipulation_control/prefix_override:/usr/lib/python3/dist-packages/colcon_core/task/python/colcon_distutils_commands:/home/fabin/PycharmProjects/turtlebot3_research_project/install/turtlebot3_manipulation_control/lib/python3.10/site-packages:${PYTHONPATH} /usr/bin/python3 -W ignore:setup.py install is deprecated -W ignore:easy_install command is deprecated setup.py egg_info --egg-base ../../build/turtlebot3_manipulation_control build --build-base /home/fabin/PycharmProjects/turtlebot3_research_project/build/turtlebot3_manipulation_control/build install --record /home/fabin/PycharmProjects/turtlebot3_research_project/build/turtlebot3_manipulation_control/install.log --single-version-externally-managed
[2.420s] Level 1:colcon.colcon_core.environment:checking '/home/fabin/PycharmProjects/turtlebot3_research_project/install/turtlebot3_manipulation_control' for CMake config files
[2.421s] Level 1:colcon.colcon_core.environment:checking '/home/fabin/PycharmProjects/turtlebot3_research_project/install/turtlebot3_manipulation_control/lib'
[2.421s] Level 1:colcon.colcon_core.environment:checking '/home/fabin/PycharmProjects/turtlebot3_research_project/install/turtlebot3_manipulation_control/bin'
[2.421s] Level 1:colcon.colcon_core.environment:checking '/home/fabin/PycharmProjects/turtlebot3_research_project/install/turtlebot3_manipulation_control/lib/pkgconfig/turtlebot3_manipulation_control.pc'
[2.421s] Level 1:colcon.colcon_core.environment:checking '/home/fabin/PycharmProjects/turtlebot3_research_project/install/turtlebot3_manipulation_control/lib/python3.10/site-packages'
[2.421s] Level 1:colcon.colcon_core.shell:create_environment_hook('turtlebot3_manipulation_control', 'pythonpath')
[2.422s] INFO:colcon.colcon_core.shell:Creating environment hook '/home/fabin/PycharmProjects/turtlebot3_research_project/install/turtlebot3_manipulation_control/share/turtlebot3_manipulation_control/hook/pythonpath.ps1'
[2.422s] INFO:colcon.colcon_core.shell:Creating environment descriptor '/home/fabin/PycharmProjects/turtlebot3_research_project/install/turtlebot3_manipulation_control/share/turtlebot3_manipulation_control/hook/pythonpath.dsv'
[2.422s] INFO:colcon.colcon_core.shell:Creating environment hook '/home/fabin/PycharmProjects/turtlebot3_research_project/install/turtlebot3_manipulation_control/share/turtlebot3_manipulation_control/hook/pythonpath.sh'
[2.423s] Level 1:colcon.colcon_core.environment:checking '/home/fabin/PycharmProjects/turtlebot3_research_project/install/turtlebot3_manipulation_control/bin'
[2.423s] Level 1:colcon.colcon_core.environment:create_environment_scripts_only(turtlebot3_manipulation_control)
[2.423s] INFO:colcon.colcon_core.shell:Creating package script '/home/fabin/PycharmProjects/turtlebot3_research_project/install/turtlebot3_manipulation_control/share/turtlebot3_manipulation_control/package.ps1'
[2.423s] INFO:colcon.colcon_core.shell:Creating package descriptor '/home/fabin/PycharmProjects/turtlebot3_research_project/install/turtlebot3_manipulation_control/share/turtlebot3_manipulation_control/package.dsv'
[2.424s] INFO:colcon.colcon_core.shell:Creating package script '/home/fabin/PycharmProjects/turtlebot3_research_project/install/turtlebot3_manipulation_control/share/turtlebot3_manipulation_control/package.sh'
[2.424s] INFO:colcon.colcon_core.shell:Creating package script '/home/fabin/PycharmProjects/turtlebot3_research_project/install/turtlebot3_manipulation_control/share/turtlebot3_manipulation_control/package.bash'
[2.424s] INFO:colcon.colcon_core.shell:Creating package script '/home/fabin/PycharmProjects/turtlebot3_research_project/install/turtlebot3_manipulation_control/share/turtlebot3_manipulation_control/package.zsh'
[2.424s] Level 1:colcon.colcon_core.environment:create_file_with_runtime_dependencies(/home/fabin/PycharmProjects/turtlebot3_research_project/install/turtlebot3_manipulation_control/share/colcon-core/packages/turtlebot3_manipulation_control)
[2.425s] Level 1:colcon.colcon_core.environment:checking '/home/fabin/PycharmProjects/turtlebot3_research_project/install/pick_place_demo' for CMake module files
[2.425s] DEBUG:colcon.colcon_core.event_handler.log_command:Invoked command in '/home/fabin/PycharmProjects/turtlebot3_research_project/src/pick_place_demo' returned '0': PYTHONPATH=/home/fabin/PycharmProjects/turtlebot3_research_project/build/pick_place_demo/prefix_override:/usr/lib/python3/dist-packages/colcon_core/task/python/colcon_distutils_commands:/home/fabin/PycharmProjects/turtlebot3_research_project/install/pick_place_demo/lib/python3.10/site-packages:${PYTHONPATH} /usr/bin/python3 -W ignore:setup.py install is deprecated -W ignore:easy_install command is deprecated setup.py egg_info --egg-base ../../build/pick_place_demo build --build-base /home/fabin/PycharmProjects/turtlebot3_research_project/build/pick_place_demo/build install --record /home/fabin/PycharmProjects/turtlebot3_research_project/build/pick_place_demo/install.log --single-version-externally-managed install_data
[2.426s] Level 1:colcon.colcon_core.environment:checking '/home/fabin/PycharmProjects/turtlebot3_research_project/install/pick_place_demo' for CMake config files
[2.426s] Level 1:colcon.colcon_core.environment:checking '/home/fabin/PycharmProjects/turtlebot3_research_project/install/pick_place_demo/lib'
[2.426s] Level 1:colcon.colcon_core.environment:checking '/home/fabin/PycharmProjects/turtlebot3_research_project/install/pick_place_demo/bin'
[2.426s] Level 1:colcon.colcon_core.environment:checking '/home/fabin/PycharmProjects/turtlebot3_research_project/install/pick_place_demo/lib/pkgconfig/pick_place_demo.pc'
[2.426s] Level 1:colcon.colcon_core.environment:checking '/home/fabin/PycharmProjects/turtlebot3_research_project/install/pick_place_demo/lib/python3.10/site-packages'
[2.426s] Level 1:colcon.colcon_core.shell:create_environment_hook('pick_place_demo', 'pythonpath')
[2.427s] INFO:colcon.colcon_core.shell:Creating environment hook '/home/fabin/PycharmProjects/turtlebot3_research_project/install/pick_place_demo/share/pick_place_demo/hook/pythonpath.ps1'
[2.427s] INFO:colcon.colcon_core.shell:Creating environment descriptor '/home/fabin/PycharmProjects/turtlebot3_research_project/install/pick_place_demo/share/pick_place_demo/hook/pythonpath.dsv'
[2.427s] INFO:colcon.colcon_core.shell:Creating environment hook '/home/fabin/PycharmProjects/turtlebot3_research_project/install/pick_place_demo/share/pick_place_demo/hook/pythonpath.sh'
[2.428s] Level 1:colcon.colcon_core.environment:checking '/home/fabin/PycharmProjects/turtlebot3_research_project/install/pick_place_demo/bin'
[2.428s] Level 1:colcon.colcon_core.environment:create_environment_scripts_only(pick_place_demo)
[2.428s] INFO:colcon.colcon_core.shell:Creating package script '/home/fabin/PycharmProjects/turtlebot3_research_project/install/pick_place_demo/share/pick_place_demo/package.ps1'
[2.429s] INFO:colcon.colcon_core.shell:Creating package descriptor '/home/fabin/PycharmProjects/turtlebot3_research_project/install/pick_place_demo/share/pick_place_demo/package.dsv'
[2.429s] INFO:colcon.colcon_core.shell:Creating package script '/home/fabin/PycharmProjects/turtlebot3_research_project/install/pick_place_demo/share/pick_place_demo/package.sh'
[2.429s] INFO:colcon.colcon_core.shell:Creating package script '/home/fabin/PycharmProjects/turtlebot3_research_project/install/pick_place_demo/share/pick_place_demo/package.bash'
[2.429s] INFO:colcon.colcon_core.shell:Creating package script '/home/fabin/PycharmProjects/turtlebot3_research_project/install/pick_place_demo/share/pick_place_demo/package.zsh'
[2.430s] Level 1:colcon.colcon_core.environment:create_file_with_runtime_dependencies(/home/fabin/PycharmProjects/turtlebot3_research_project/install/pick_place_demo/share/colcon-core/packages/pick_place_demo)
[2.430s] Level 1:colcon.colcon_core.environment:checking '/home/fabin/PycharmProjects/turtlebot3_research_project/install/tb3_arm_logger' for CMake module files
[2.431s] DEBUG:colcon.colcon_core.event_handler.log_command:Invoked command in '/home/fabin/PycharmProjects/turtlebot3_research_project/src/tb3_arm_logger' returned '0': PYTHONPATH=/home/fabin/PycharmProjects/turtlebot3_research_project/build/tb3_arm_logger/prefix_override:/usr/lib/python3/dist-packages/colcon_core/task/python/colcon_distutils_commands:/home/fabin/PycharmProjects/turtlebot3_research_project/install/tb3_arm_logger/lib/python3.10/site-packages:${PYTHONPATH} /usr/bin/python3 -W ignore:setup.py install is deprecated -W ignore:easy_install command is deprecated setup.py egg_info --egg-base ../../build/tb3_arm_logger build --build-base /home/fabin/PycharmProjects/turtlebot3_research_project/build/tb3_arm_logger/build install --record /home/fabin/PycharmProjects/turtlebot3_research_project/build/tb3_arm_logger/install.log --single-version-externally-managed
[2.431s] Level 1:colcon.colcon_core.environment:checking '/home/fabin/PycharmProjects/turtlebot3_research_project/install/tb3_arm_logger' for CMake config files
[2.432s] Level 1:colcon.colcon_core.environment:checking '/home/fabin/PycharmProjects/turtlebot3_research_project/install/tb3_arm_logger/lib'
[2.432s] Level 1:colcon.colcon_core.environment:checking '/home/fabin/PycharmProjects/turtlebot3_research_project/install/tb3_arm_logger/bin'
[2.432s] Level 1:colcon.colcon_core.environment:checking '/home/fabin/PycharmProjects/turtlebot3_research_project/install/tb3_arm_logger/lib/pkgconfig/tb3_arm_logger.pc'
[2.432s] Level 1:colcon.colcon_core.environment:checking '/home/fabin/PycharmProjects/turtlebot3_research_project/install/tb3_arm_logger/lib/python3.10/site-packages'
[2.432s] Level 1:colcon.colcon_core.shell:create_environment_hook('tb3_arm_logger', 'pythonpath')
[2.432s] INFO:colcon.colcon_core.shell:Creating environment hook '/home/fabin/PycharmProjects/turtlebot3_research_project/install/tb3_arm_logger/share/tb3_arm_logger/hook/pythonpath.ps1'
[2.433s] INFO:colcon.colcon_core.shell:Creating environment descriptor '/home/fabin/PycharmProjects/turtlebot3_research_project/install/tb3_arm_logger/share/tb3_arm_logger/hook/pythonpath.dsv'
[2.433s] INFO:colcon.colcon_core.shell:Creating environment hook '/home/fabin/PycharmProjects/turtlebot3_research_project/install/tb3_arm_logger/share/tb3_arm_logger/hook/pythonpath.sh'
[2.434s] Level 1:colcon.colcon_core.environment:checking '/home/fabin/PycharmProjects/turtlebot3_research_project/install/tb3_arm_logger/bin'
[2.434s] Level 1:colcon.colcon_core.environment:create_environment_scripts_only(tb3_arm_logger)
[2.434s] INFO:colcon.colcon_core.shell:Creating package script '/home/fabin/PycharmProjects/turtlebot3_research_project/install/tb3_arm_logger/share/tb3_arm_logger/package.ps1'
[2.435s] INFO:colcon.colcon_core.shell:Creating package descriptor '/home/fabin/PycharmProjects/turtlebot3_research_project/install/tb3_arm_logger/share/tb3_arm_logger/package.dsv'
[2.435s] INFO:colcon.colcon_core.shell:Creating package script '/home/fabin/PycharmProjects/turtlebot3_research_project/install/tb3_arm_logger/share/tb3_arm_logger/package.sh'
[2.435s] INFO:colcon.colcon_core.shell:Creating package script '/home/fabin/PycharmProjects/turtlebot3_research_project/install/tb3_arm_logger/share/tb3_arm_logger/package.bash'
[2.436s] INFO:colcon.colcon_core.shell:Creating package script '/home/fabin/PycharmProjects/turtlebot3_research_project/install/tb3_arm_logger/share/tb3_arm_logger/package.zsh'
[2.436s] Level 1:colcon.colcon_core.environment:create_file_with_runtime_dependencies(/home/fabin/PycharmProjects/turtlebot3_research_project/install/tb3_arm_logger/share/colcon-core/packages/tb3_arm_logger)
[2.436s] Level 1:colcon.colcon_core.environment:checking '/home/fabin/PycharmProjects/turtlebot3_research_project/install/tb3_arm_ctrl' for CMake module files
[2.437s] DEBUG:colcon.colcon_core.event_handler.log_command:Invoked command in '/home/fabin/PycharmProjects/turtlebot3_research_project/src/tb3_arm_ctrl' returned '0': PYTHONPATH=/home/fabin/PycharmProjects/turtlebot3_research_project/build/tb3_arm_ctrl/prefix_override:/usr/lib/python3/dist-packages/colcon_core/task/python/colcon_distutils_commands:/home/fabin/PycharmProjects/turtlebot3_research_project/install/tb3_arm_ctrl/lib/python3.10/site-packages:${PYTHONPATH} /usr/bin/python3 -W ignore:setup.py install is deprecated -W ignore:easy_install command is deprecated setup.py egg_info --egg-base ../../build/tb3_arm_ctrl build --build-base /home/fabin/PycharmProjects/turtlebot3_research_project/build/tb3_arm_ctrl/build install --record /home/fabin/PycharmProjects/turtlebot3_research_project/build/tb3_arm_ctrl/install.log --single-version-externally-managed install_data
[2.437s] Level 1:colcon.colcon_core.environment:checking '/home/fabin/PycharmProjects/turtlebot3_research_project/install/tb3_arm_ctrl' for CMake config files
[2.438s] Level 1:colcon.colcon_core.environment:checking '/home/fabin/PycharmProjects/turtlebot3_research_project/install/tb3_arm_ctrl/lib'
[2.438s] Level 1:colcon.colcon_core.environment:checking '/home/fabin/PycharmProjects/turtlebot3_research_project/install/tb3_arm_ctrl/bin'
[2.438s] Level 1:colcon.colcon_core.environment:checking '/home/fabin/PycharmProjects/turtlebot3_research_project/install/tb3_arm_ctrl/lib/pkgconfig/tb3_arm_ctrl.pc'
[2.438s] Level 1:colcon.colcon_core.environment:checking '/home/fabin/PycharmProjects/turtlebot3_research_project/install/tb3_arm_ctrl/lib/python3.10/site-packages'
[2.438s] Level 1:colcon.colcon_core.shell:create_environment_hook('tb3_arm_ctrl', 'pythonpath')
[2.438s] INFO:colcon.colcon_core.shell:Creating environment hook '/home/fabin/PycharmProjects/turtlebot3_research_project/install/tb3_arm_ctrl/share/tb3_arm_ctrl/hook/pythonpath.ps1'
[2.438s] INFO:colcon.colcon_core.shell:Creating environment descriptor '/home/fabin/PycharmProjects/turtlebot3_research_project/install/tb3_arm_ctrl/share/tb3_arm_ctrl/hook/pythonpath.dsv'
[2.439s] INFO:colcon.colcon_core.shell:Creating environment hook '/home/fabin/PycharmProjects/turtlebot3_research_project/install/tb3_arm_ctrl/share/tb3_arm_ctrl/hook/pythonpath.sh'
[2.439s] Level 1:colcon.colcon_core.environment:checking '/home/fabin/PycharmProjects/turtlebot3_research_project/install/tb3_arm_ctrl/bin'
[2.439s] Level 1:colcon.colcon_core.environment:create_environment_scripts_only(tb3_arm_ctrl)
[2.439s] INFO:colcon.colcon_core.shell:Creating package script '/home/fabin/PycharmProjects/turtlebot3_research_project/install/tb3_arm_ctrl/share/tb3_arm_ctrl/package.ps1'
[2.440s] INFO:colcon.colcon_core.shell:Creating package descriptor '/home/fabin/PycharmProjects/turtlebot3_research_project/install/tb3_arm_ctrl/share/tb3_arm_ctrl/package.dsv'
[2.440s] INFO:colcon.colcon_core.shell:Creating package script '/home/fabin/PycharmProjects/turtlebot3_research_project/install/tb3_arm_ctrl/share/tb3_arm_ctrl/package.sh'
[2.440s] INFO:colcon.colcon_core.shell:Creating package script '/home/fabin/PycharmProjects/turtlebot3_research_project/install/tb3_arm_ctrl/share/tb3_arm_ctrl/package.bash'
[2.441s] INFO:colcon.colcon_core.shell:Creating package script '/home/fabin/PycharmProjects/turtlebot3_research_project/install/tb3_arm_ctrl/share/tb3_arm_ctrl/package.zsh'
[2.441s] Level 1:colcon.colcon_core.environment:create_file_with_runtime_dependencies(/home/fabin/PycharmProjects/turtlebot3_research_project/install/tb3_arm_ctrl/share/colcon-core/packages/tb3_arm_ctrl)
[2.441s] DEBUG:colcon.colcon_parallel_executor.executor.parallel:closing loop
[2.441s] DEBUG:colcon.colcon_parallel_executor.executor.parallel:loop closed
[2.441s] DEBUG:colcon.colcon_parallel_executor.executor.parallel:run_until_complete finished with '0'
[2.441s] DEBUG:colcon.colcon_core.event_reactor:joining thread
[2.448s] INFO:colcon.colcon_core.plugin_system:Skipping extension 'colcon_notification.desktop_notification.terminal_notifier': Not used on non-Darwin systems
[2.448s] INFO:colcon.colcon_core.plugin_system:Skipping extension 'colcon_notification.desktop_notification.win32': Not used on non-Windows systems
[2.448s] INFO:colcon.colcon_notification.desktop_notification:Sending desktop notification using 'notify2'
[2.467s] DEBUG:colcon.colcon_core.event_reactor:joined thread
[2.468s] INFO:colcon.colcon_core.shell:Creating prefix script '/home/fabin/PycharmProjects/turtlebot3_research_project/install/local_setup.ps1'
[2.469s] INFO:colcon.colcon_core.shell:Creating prefix util module '/home/fabin/PycharmProjects/turtlebot3_research_project/install/_local_setup_util_ps1.py'
[2.471s] INFO:colcon.colcon_core.shell:Creating prefix chain script '/home/fabin/PycharmProjects/turtlebot3_research_project/install/setup.ps1'
[2.473s] INFO:colcon.colcon_core.shell:Creating prefix script '/home/fabin/PycharmProjects/turtlebot3_research_project/install/local_setup.sh'
[2.474s] INFO:colcon.colcon_core.shell:Creating prefix util module '/home/fabin/PycharmProjects/turtlebot3_research_project/install/_local_setup_util_sh.py'
[2.474s] INFO:colcon.colcon_core.shell:Creating prefix chain script '/home/fabin/PycharmProjects/turtlebot3_research_project/install/setup.sh'
[2.476s] INFO:colcon.colcon_core.shell:Creating prefix script '/home/fabin/PycharmProjects/turtlebot3_research_project/install/local_setup.bash'
[2.477s] INFO:colcon.colcon_core.shell:Creating prefix chain script '/home/fabin/PycharmProjects/turtlebot3_research_project/install/setup.bash'
[2.479s] INFO:colcon.colcon_core.shell:Creating prefix script '/home/fabin/PycharmProjects/turtlebot3_research_project/install/local_setup.zsh'
[2.480s] INFO:colcon.colcon_core.shell:Creating prefix chain script '/home/fabin/PycharmProjects/turtlebot3_research_project/install/setup.zsh'
