[2.246s] Invoking command in '/home/fabin/turtlebot3_ws/build/turtlebot3_teleop': PYTHONPATH=/home/fabin/turtlebot3_ws/build/turtlebot3_teleop/prefix_override:/usr/lib/python3/dist-packages/colcon_core/task/python/colcon_distutils_commands:/home/fabin/turtlebot3_ws/install/turtlebot3_teleop/lib/python3.10/site-packages:${PYTHONPATH} /usr/bin/python3 -W ignore:setup.py install is deprecated -W ignore:easy_install command is deprecated setup.py develop --editable --build-directory /home/fabin/turtlebot3_ws/build/turtlebot3_teleop/build --no-deps symlink_data
[2.567s] running develop
[2.797s] running egg_info
[2.798s] creating turtlebot3_teleop.egg-info
[2.798s] writing turtlebot3_teleop.egg-info/PKG-INFO
[2.798s] writing dependency_links to turtlebot3_teleop.egg-info/dependency_links.txt
[2.798s] writing entry points to turtlebot3_teleop.egg-info/entry_points.txt
[2.798s] writing requirements to turtlebot3_teleop.egg-info/requires.txt
[2.799s] writing top-level names to turtlebot3_teleop.egg-info/top_level.txt
[2.799s] writing manifest file 'turtlebot3_teleop.egg-info/SOURCES.txt'
[2.801s] reading manifest file 'turtlebot3_teleop.egg-info/SOURCES.txt'
[2.806s] writing manifest file 'turtlebot3_teleop.egg-info/SOURCES.txt'
[2.806s] running build_ext
[2.807s] Creating /home/fabin/turtlebot3_ws/install/turtlebot3_teleop/lib/python3.10/site-packages/turtlebot3-teleop.egg-link (link to .)
[2.807s] Installing teleop_keyboard script to /home/fabin/turtlebot3_ws/install/turtlebot3_teleop/lib/turtlebot3_teleop
[2.807s] 
[2.807s] Installed /home/fabin/turtlebot3_ws/build/turtlebot3_teleop
[2.807s] running symlink_data
[2.807s] creating /home/fabin/turtlebot3_ws/install/turtlebot3_teleop/share/ament_index
[2.807s] creating /home/fabin/turtlebot3_ws/install/turtlebot3_teleop/share/ament_index/resource_index
[2.807s] creating /home/fabin/turtlebot3_ws/install/turtlebot3_teleop/share/ament_index/resource_index/packages
[2.808s] symbolically linking /home/fabin/turtlebot3_ws/build/turtlebot3_teleop/resource/turtlebot3_teleop -> /home/fabin/turtlebot3_ws/install/turtlebot3_teleop/share/ament_index/resource_index/packages
[2.808s] symbolically linking /home/fabin/turtlebot3_ws/build/turtlebot3_teleop/package.xml -> /home/fabin/turtlebot3_ws/install/turtlebot3_teleop/share/turtlebot3_teleop
[2.884s] Invoked command in '/home/fabin/turtlebot3_ws/build/turtlebot3_teleop' returned '0': PYTHONPATH=/home/fabin/turtlebot3_ws/build/turtlebot3_teleop/prefix_override:/usr/lib/python3/dist-packages/colcon_core/task/python/colcon_distutils_commands:/home/fabin/turtlebot3_ws/install/turtlebot3_teleop/lib/python3.10/site-packages:${PYTHONPATH} /usr/bin/python3 -W ignore:setup.py install is deprecated -W ignore:easy_install command is deprecated setup.py develop --editable --build-directory /home/fabin/turtlebot3_ws/build/turtlebot3_teleop/build --no-deps symlink_data
