running develop
Removing /home/fabin/turtlebot3_ws/install/turtlebot3_manipulation_control/lib/python3.10/site-packages/turtlebot3-manipulation-control.egg-link (link to .)
running egg_info
writing ../../build/turtlebot3_manipulation_control/turtlebot3_manipulation_control.egg-info/PKG-INFO
writing dependency_links to ../../build/turtlebot3_manipulation_control/turtlebot3_manipulation_control.egg-info/dependency_links.txt
writing entry points to ../../build/turtlebot3_manipulation_control/turtlebot3_manipulation_control.egg-info/entry_points.txt
writing requirements to ../../build/turtlebot3_manipulation_control/turtlebot3_manipulation_control.egg-info/requires.txt
writing top-level names to ../../build/turtlebot3_manipulation_control/turtlebot3_manipulation_control.egg-info/top_level.txt
reading manifest file '../../build/turtlebot3_manipulation_control/turtlebot3_manipulation_control.egg-info/SOURCES.txt'
writing manifest file '../../build/turtlebot3_manipulation_control/turtlebot3_manipulation_control.egg-info/SOURCES.txt'
running build
running build_py
creating /home/fabin/turtlebot3_ws/build/turtlebot3_manipulation_control/build
creating /home/fabin/turtlebot3_ws/build/turtlebot3_manipulation_control/build/lib
creating /home/fabin/turtlebot3_ws/build/turtlebot3_manipulation_control/build/lib/turtlebot3_manipulation_control
copying turtlebot3_manipulation_control/turtlebot3_ik_demo.py -> /home/fabin/turtlebot3_ws/build/turtlebot3_manipulation_control/build/lib/turtlebot3_manipulation_control
copying turtlebot3_manipulation_control/__init__.py -> /home/fabin/turtlebot3_ws/build/turtlebot3_manipulation_control/build/lib/turtlebot3_manipulation_control
running install
running install_lib
creating /home/fabin/turtlebot3_ws/install/turtlebot3_manipulation_control/lib/python3.10/site-packages/turtlebot3_manipulation_control
copying /home/fabin/turtlebot3_ws/build/turtlebot3_manipulation_control/build/lib/turtlebot3_manipulation_control/turtlebot3_ik_demo.py -> /home/fabin/turtlebot3_ws/install/turtlebot3_manipulation_control/lib/python3.10/site-packages/turtlebot3_manipulation_control
copying /home/fabin/turtlebot3_ws/build/turtlebot3_manipulation_control/build/lib/turtlebot3_manipulation_control/__init__.py -> /home/fabin/turtlebot3_ws/install/turtlebot3_manipulation_control/lib/python3.10/site-packages/turtlebot3_manipulation_control
byte-compiling /home/fabin/turtlebot3_ws/install/turtlebot3_manipulation_control/lib/python3.10/site-packages/turtlebot3_manipulation_control/turtlebot3_ik_demo.py to turtlebot3_ik_demo.cpython-310.pyc
byte-compiling /home/fabin/turtlebot3_ws/install/turtlebot3_manipulation_control/lib/python3.10/site-packages/turtlebot3_manipulation_control/__init__.py to __init__.cpython-310.pyc
running install_egg_info
Copying ../../build/turtlebot3_manipulation_control/turtlebot3_manipulation_control.egg-info to /home/fabin/turtlebot3_ws/install/turtlebot3_manipulation_control/lib/python3.10/site-packages/turtlebot3_manipulation_control-0.0.0-py3.10.egg-info
running install_scripts
Installing turtlebot3_ik_demo script to /home/fabin/turtlebot3_ws/install/turtlebot3_manipulation_control/lib/turtlebot3_manipulation_control
writing list of installed files to '/home/fabin/turtlebot3_ws/build/turtlebot3_manipulation_control/install.log'
