[1.522s] Invoking command in '/home/fabin/turtlebot3_ws/build/turtlebot3_manipulation_control': PYTHONPATH=/home/fabin/turtlebot3_ws/build/turtlebot3_manipulation_control/prefix_override:/usr/lib/python3/dist-packages/colcon_core/task/python/colcon_distutils_commands:/home/fabin/turtlebot3_ws/install/turtlebot3_manipulation_control/lib/python3.10/site-packages:${PYTHONPATH} /usr/bin/python3 -W ignore:setup.py install is deprecated -W ignore:easy_install command is deprecated setup.py develop --uninstall --editable --build-directory /home/fabin/turtlebot3_ws/build/turtlebot3_manipulation_control/build
[1.960s] running develop
[2.179s] Removing /home/fabin/turtlebot3_ws/install/turtlebot3_manipulation_control/lib/python3.10/site-packages/turtlebot3-manipulation-control.egg-link (link to .)
[2.238s] Invoked command in '/home/fabin/turtlebot3_ws/build/turtlebot3_manipulation_control' returned '0': PYTHONPATH=/home/fabin/turtlebot3_ws/build/turtlebot3_manipulation_control/prefix_override:/usr/lib/python3/dist-packages/colcon_core/task/python/colcon_distutils_commands:/home/fabin/turtlebot3_ws/install/turtlebot3_manipulation_control/lib/python3.10/site-packages:${PYTHONPATH} /usr/bin/python3 -W ignore:setup.py install is deprecated -W ignore:easy_install command is deprecated setup.py develop --uninstall --editable --build-directory /home/fabin/turtlebot3_ws/build/turtlebot3_manipulation_control/build
[2.240s] Invoking command in '/home/fabin/turtlebot3_ws/src/turtlebot3_manipulation_control': PYTHONPATH=/home/fabin/turtlebot3_ws/build/turtlebot3_manipulation_control/prefix_override:/usr/lib/python3/dist-packages/colcon_core/task/python/colcon_distutils_commands:/home/fabin/turtlebot3_ws/install/turtlebot3_manipulation_control/lib/python3.10/site-packages:${PYTHONPATH} /usr/bin/python3 -W ignore:setup.py install is deprecated -W ignore:easy_install command is deprecated setup.py egg_info --egg-base ../../build/turtlebot3_manipulation_control build --build-base /home/fabin/turtlebot3_ws/build/turtlebot3_manipulation_control/build install --record /home/fabin/turtlebot3_ws/build/turtlebot3_manipulation_control/install.log --single-version-externally-managed
[2.508s] running egg_info
[2.510s] writing ../../build/turtlebot3_manipulation_control/turtlebot3_manipulation_control.egg-info/PKG-INFO
[2.510s] writing dependency_links to ../../build/turtlebot3_manipulation_control/turtlebot3_manipulation_control.egg-info/dependency_links.txt
[2.510s] writing entry points to ../../build/turtlebot3_manipulation_control/turtlebot3_manipulation_control.egg-info/entry_points.txt
[2.510s] writing requirements to ../../build/turtlebot3_manipulation_control/turtlebot3_manipulation_control.egg-info/requires.txt
[2.511s] writing top-level names to ../../build/turtlebot3_manipulation_control/turtlebot3_manipulation_control.egg-info/top_level.txt
[2.512s] reading manifest file '../../build/turtlebot3_manipulation_control/turtlebot3_manipulation_control.egg-info/SOURCES.txt'
[2.514s] writing manifest file '../../build/turtlebot3_manipulation_control/turtlebot3_manipulation_control.egg-info/SOURCES.txt'
[2.514s] running build
[2.514s] running build_py
[2.514s] creating /home/fabin/turtlebot3_ws/build/turtlebot3_manipulation_control/build
[2.514s] creating /home/fabin/turtlebot3_ws/build/turtlebot3_manipulation_control/build/lib
[2.514s] creating /home/fabin/turtlebot3_ws/build/turtlebot3_manipulation_control/build/lib/turtlebot3_manipulation_control
[2.514s] copying turtlebot3_manipulation_control/turtlebot3_ik_demo.py -> /home/fabin/turtlebot3_ws/build/turtlebot3_manipulation_control/build/lib/turtlebot3_manipulation_control
[2.515s] copying turtlebot3_manipulation_control/__init__.py -> /home/fabin/turtlebot3_ws/build/turtlebot3_manipulation_control/build/lib/turtlebot3_manipulation_control
[2.515s] running install
[2.515s] running install_lib
[2.517s] creating /home/fabin/turtlebot3_ws/install/turtlebot3_manipulation_control/lib/python3.10/site-packages/turtlebot3_manipulation_control
[2.517s] copying /home/fabin/turtlebot3_ws/build/turtlebot3_manipulation_control/build/lib/turtlebot3_manipulation_control/turtlebot3_ik_demo.py -> /home/fabin/turtlebot3_ws/install/turtlebot3_manipulation_control/lib/python3.10/site-packages/turtlebot3_manipulation_control
[2.517s] copying /home/fabin/turtlebot3_ws/build/turtlebot3_manipulation_control/build/lib/turtlebot3_manipulation_control/__init__.py -> /home/fabin/turtlebot3_ws/install/turtlebot3_manipulation_control/lib/python3.10/site-packages/turtlebot3_manipulation_control
[2.518s] byte-compiling /home/fabin/turtlebot3_ws/install/turtlebot3_manipulation_control/lib/python3.10/site-packages/turtlebot3_manipulation_control/turtlebot3_ik_demo.py to turtlebot3_ik_demo.cpython-310.pyc
[2.519s] byte-compiling /home/fabin/turtlebot3_ws/install/turtlebot3_manipulation_control/lib/python3.10/site-packages/turtlebot3_manipulation_control/__init__.py to __init__.cpython-310.pyc
[2.519s] running install_egg_info
[2.521s] Copying ../../build/turtlebot3_manipulation_control/turtlebot3_manipulation_control.egg-info to /home/fabin/turtlebot3_ws/install/turtlebot3_manipulation_control/lib/python3.10/site-packages/turtlebot3_manipulation_control-0.0.0-py3.10.egg-info
[2.522s] running install_scripts
[2.542s] Installing turtlebot3_ik_demo script to /home/fabin/turtlebot3_ws/install/turtlebot3_manipulation_control/lib/turtlebot3_manipulation_control
[2.543s] writing list of installed files to '/home/fabin/turtlebot3_ws/build/turtlebot3_manipulation_control/install.log'
[2.580s] Invoked command in '/home/fabin/turtlebot3_ws/src/turtlebot3_manipulation_control' returned '0': PYTHONPATH=/home/fabin/turtlebot3_ws/build/turtlebot3_manipulation_control/prefix_override:/usr/lib/python3/dist-packages/colcon_core/task/python/colcon_distutils_commands:/home/fabin/turtlebot3_ws/install/turtlebot3_manipulation_control/lib/python3.10/site-packages:${PYTHONPATH} /usr/bin/python3 -W ignore:setup.py install is deprecated -W ignore:easy_install command is deprecated setup.py egg_info --egg-base ../../build/turtlebot3_manipulation_control build --build-base /home/fabin/turtlebot3_ws/build/turtlebot3_manipulation_control/build install --record /home/fabin/turtlebot3_ws/build/turtlebot3_manipulation_control/install.log --single-version-externally-managed
