[1.744s] Invoking command in '/home/fabin/turtlebot3_ws/src/tb3_arm_ctrl': PYTHONPATH=/home/fabin/turtlebot3_ws/build/tb3_arm_ctrl/prefix_override:/usr/lib/python3/dist-packages/colcon_core/task/python/colcon_distutils_commands:/home/fabin/turtlebot3_ws/install/tb3_arm_ctrl/lib/python3.10/site-packages:${PYTHONPATH} /usr/bin/python3 -W ignore:setup.py install is deprecated -W ignore:easy_install command is deprecated setup.py egg_info --egg-base ../../build/tb3_arm_ctrl build --build-base /home/fabin/turtlebot3_ws/build/tb3_arm_ctrl/build install --record /home/fabin/turtlebot3_ws/build/tb3_arm_ctrl/install.log --single-version-externally-managed install_data
[2.021s] running egg_info
[2.021s] writing ../../build/tb3_arm_ctrl/tb3_arm_ctrl.egg-info/PKG-INFO
[2.021s] writing dependency_links to ../../build/tb3_arm_ctrl/tb3_arm_ctrl.egg-info/dependency_links.txt
[2.021s] writing entry points to ../../build/tb3_arm_ctrl/tb3_arm_ctrl.egg-info/entry_points.txt
[2.021s] writing requirements to ../../build/tb3_arm_ctrl/tb3_arm_ctrl.egg-info/requires.txt
[2.021s] writing top-level names to ../../build/tb3_arm_ctrl/tb3_arm_ctrl.egg-info/top_level.txt
[2.022s] reading manifest file '../../build/tb3_arm_ctrl/tb3_arm_ctrl.egg-info/SOURCES.txt'
[2.022s] writing manifest file '../../build/tb3_arm_ctrl/tb3_arm_ctrl.egg-info/SOURCES.txt'
[2.022s] running build
[2.022s] running build_py
[2.022s] copying tb3_arm_ctrl/ctrl_node.py -> /home/fabin/turtlebot3_ws/build/tb3_arm_ctrl/build/lib/tb3_arm_ctrl
[2.022s] running install
[2.022s] running install_lib
[2.022s] copying /home/fabin/turtlebot3_ws/build/tb3_arm_ctrl/build/lib/tb3_arm_ctrl/ctrl_node.py -> /home/fabin/turtlebot3_ws/install/tb3_arm_ctrl/lib/python3.10/site-packages/tb3_arm_ctrl
[2.022s] byte-compiling /home/fabin/turtlebot3_ws/install/tb3_arm_ctrl/lib/python3.10/site-packages/tb3_arm_ctrl/ctrl_node.py to ctrl_node.cpython-310.pyc
[2.022s] running install_data
[2.022s] running install_egg_info
[2.022s] removing '/home/fabin/turtlebot3_ws/install/tb3_arm_ctrl/lib/python3.10/site-packages/tb3_arm_ctrl-0.0.1-py3.10.egg-info' (and everything under it)
[2.022s] Copying ../../build/tb3_arm_ctrl/tb3_arm_ctrl.egg-info to /home/fabin/turtlebot3_ws/install/tb3_arm_ctrl/lib/python3.10/site-packages/tb3_arm_ctrl-0.0.1-py3.10.egg-info
[2.022s] running install_scripts
[2.023s] Installing ctrl_node script to /home/fabin/turtlebot3_ws/install/tb3_arm_ctrl/lib/tb3_arm_ctrl
[2.023s] Installing goal_node script to /home/fabin/turtlebot3_ws/install/tb3_arm_ctrl/lib/tb3_arm_ctrl
[2.023s] Installing ik_node script to /home/fabin/turtlebot3_ws/install/tb3_arm_ctrl/lib/tb3_arm_ctrl
[2.023s] writing list of installed files to '/home/fabin/turtlebot3_ws/build/tb3_arm_ctrl/install.log'
[2.095s] Invoked command in '/home/fabin/turtlebot3_ws/src/tb3_arm_ctrl' returned '0': PYTHONPATH=/home/fabin/turtlebot3_ws/build/tb3_arm_ctrl/prefix_override:/usr/lib/python3/dist-packages/colcon_core/task/python/colcon_distutils_commands:/home/fabin/turtlebot3_ws/install/tb3_arm_ctrl/lib/python3.10/site-packages:${PYTHONPATH} /usr/bin/python3 -W ignore:setup.py install is deprecated -W ignore:easy_install command is deprecated setup.py egg_info --egg-base ../../build/tb3_arm_ctrl build --build-base /home/fabin/turtlebot3_ws/build/tb3_arm_ctrl/build install --record /home/fabin/turtlebot3_ws/build/tb3_arm_ctrl/install.log --single-version-externally-managed install_data
