[0.066s] Invoking command in '/home/fabin/turtlebot3_ws/build/turtlebot3_manipulation_navigation2': CMAKE_PREFIX_PATH=${CMAKE_PREFIX_PATH}:/home/fabin/turtlebot3_ws/install/turtlebot3_teleop:/home/fabin/turtlebot3_ws/install/turtlebot3_example:/home/fabin/turtlebot3_ws/install/tb3_ik:/home/fabin/turtlebot3_ws/install/tb3_arm_logger:/home/fabin/turtlebot3_ws/install/tb3_arm_ctrl:/home/fabin/turtlebot3_ws/install/pick_place_demo:/opt/ros/humble /usr/bin/cmake --build /home/fabin/turtlebot3_ws/build/turtlebot3_manipulation_navigation2 -- -j16 -l16
[1.221s] Invoked command in '/home/fabin/turtlebot3_ws/build/turtlebot3_manipulation_navigation2' returned '0': CMAKE_PREFIX_PATH=${CMAKE_PREFIX_PATH}:/home/fabin/turtlebot3_ws/install/turtlebot3_teleop:/home/fabin/turtlebot3_ws/install/turtlebot3_example:/home/fabin/turtlebot3_ws/install/tb3_ik:/home/fabin/turtlebot3_ws/install/tb3_arm_logger:/home/fabin/turtlebot3_ws/install/tb3_arm_ctrl:/home/fabin/turtlebot3_ws/install/pick_place_demo:/opt/ros/humble /usr/bin/cmake --build /home/fabin/turtlebot3_ws/build/turtlebot3_manipulation_navigation2 -- -j16 -l16
[1.222s] Invoking command in '/home/fabin/turtlebot3_ws/build/turtlebot3_manipulation_navigation2': CMAKE_PREFIX_PATH=${CMAKE_PREFIX_PATH}:/home/fabin/turtlebot3_ws/install/turtlebot3_teleop:/home/fabin/turtlebot3_ws/install/turtlebot3_example:/home/fabin/turtlebot3_ws/install/tb3_ik:/home/fabin/turtlebot3_ws/install/tb3_arm_logger:/home/fabin/turtlebot3_ws/install/tb3_arm_ctrl:/home/fabin/turtlebot3_ws/install/pick_place_demo:/opt/ros/humble /usr/bin/cmake --install /home/fabin/turtlebot3_ws/build/turtlebot3_manipulation_navigation2
[1.263s] -- Install configuration: ""
[1.264s] -- Execute custom install script
[1.264s] -- Up-to-date symlink: /home/fabin/turtlebot3_ws/install/turtlebot3_manipulation_navigation2/share/turtlebot3_manipulation_navigation2/launch/navigation2.launch.py
[1.265s] -- Up-to-date symlink: /home/fabin/turtlebot3_ws/install/turtlebot3_manipulation_navigation2/share/turtlebot3_manipulation_navigation2/launch/navigation2_use_sim_time.launch.py
[1.265s] -- Up-to-date symlink: /home/fabin/turtlebot3_ws/install/turtlebot3_manipulation_navigation2/share/turtlebot3_manipulation_navigation2/map/turtlebot3_world.pgm
[1.265s] -- Up-to-date symlink: /home/fabin/turtlebot3_ws/install/turtlebot3_manipulation_navigation2/share/turtlebot3_manipulation_navigation2/map/turtlebot3_world.yaml
[1.265s] -- Up-to-date symlink: /home/fabin/turtlebot3_ws/install/turtlebot3_manipulation_navigation2/share/turtlebot3_manipulation_navigation2/param/turtlebot3.yaml
[1.265s] -- Up-to-date symlink: /home/fabin/turtlebot3_ws/install/turtlebot3_manipulation_navigation2/share/turtlebot3_manipulation_navigation2/param/turtlebot3_use_sim_time.yaml
[1.265s] -- Up-to-date symlink: /home/fabin/turtlebot3_ws/install/turtlebot3_manipulation_navigation2/share/turtlebot3_manipulation_navigation2/rviz/navigation2.rviz
[1.265s] -- Up-to-date symlink: /home/fabin/turtlebot3_ws/install/turtlebot3_manipulation_navigation2/share/ament_index/resource_index/package_run_dependencies/turtlebot3_manipulation_navigation2
[1.265s] -- Up-to-date symlink: /home/fabin/turtlebot3_ws/install/turtlebot3_manipulation_navigation2/share/ament_index/resource_index/parent_prefix_path/turtlebot3_manipulation_navigation2
[1.265s] -- Up-to-date symlink: /home/fabin/turtlebot3_ws/install/turtlebot3_manipulation_navigation2/share/turtlebot3_manipulation_navigation2/environment/ament_prefix_path.sh
[1.265s] -- Up-to-date symlink: /home/fabin/turtlebot3_ws/install/turtlebot3_manipulation_navigation2/share/turtlebot3_manipulation_navigation2/environment/ament_prefix_path.dsv
[1.266s] -- Up-to-date symlink: /home/fabin/turtlebot3_ws/install/turtlebot3_manipulation_navigation2/share/turtlebot3_manipulation_navigation2/environment/path.sh
[1.267s] -- Up-to-date symlink: /home/fabin/turtlebot3_ws/install/turtlebot3_manipulation_navigation2/share/turtlebot3_manipulation_navigation2/environment/path.dsv
[1.267s] -- Up-to-date symlink: /home/fabin/turtlebot3_ws/install/turtlebot3_manipulation_navigation2/share/turtlebot3_manipulation_navigation2/local_setup.bash
[1.267s] -- Up-to-date symlink: /home/fabin/turtlebot3_ws/install/turtlebot3_manipulation_navigation2/share/turtlebot3_manipulation_navigation2/local_setup.sh
[1.267s] -- Up-to-date symlink: /home/fabin/turtlebot3_ws/install/turtlebot3_manipulation_navigation2/share/turtlebot3_manipulation_navigation2/local_setup.zsh
[1.267s] -- Up-to-date symlink: /home/fabin/turtlebot3_ws/install/turtlebot3_manipulation_navigation2/share/turtlebot3_manipulation_navigation2/local_setup.dsv
[1.267s] -- Symlinking: /home/fabin/turtlebot3_ws/install/turtlebot3_manipulation_navigation2/share/turtlebot3_manipulation_navigation2/package.dsv
[1.282s] -- Up-to-date symlink: /home/fabin/turtlebot3_ws/install/turtlebot3_manipulation_navigation2/share/ament_index/resource_index/packages/turtlebot3_manipulation_navigation2
[1.282s] -- Up-to-date symlink: /home/fabin/turtlebot3_ws/install/turtlebot3_manipulation_navigation2/share/turtlebot3_manipulation_navigation2/cmake/turtlebot3_manipulation_navigation2Config.cmake
[1.282s] -- Up-to-date symlink: /home/fabin/turtlebot3_ws/install/turtlebot3_manipulation_navigation2/share/turtlebot3_manipulation_navigation2/cmake/turtlebot3_manipulation_navigation2Config-version.cmake
[1.284s] -- Up-to-date symlink: /home/fabin/turtlebot3_ws/install/turtlebot3_manipulation_navigation2/share/turtlebot3_manipulation_navigation2/package.xml
[1.375s] Invoked command in '/home/fabin/turtlebot3_ws/build/turtlebot3_manipulation_navigation2' returned '0': CMAKE_PREFIX_PATH=${CMAKE_PREFIX_PATH}:/home/fabin/turtlebot3_ws/install/turtlebot3_teleop:/home/fabin/turtlebot3_ws/install/turtlebot3_example:/home/fabin/turtlebot3_ws/install/tb3_ik:/home/fabin/turtlebot3_ws/install/tb3_arm_logger:/home/fabin/turtlebot3_ws/install/tb3_arm_ctrl:/home/fabin/turtlebot3_ws/install/pick_place_demo:/opt/ros/humble /usr/bin/cmake --install /home/fabin/turtlebot3_ws/build/turtlebot3_manipulation_navigation2
