running develop
running egg_info
creating tb3_arm_ctrl.egg-info
writing tb3_arm_ctrl.egg-info/PKG-INFO
writing dependency_links to tb3_arm_ctrl.egg-info/dependency_links.txt
writing entry points to tb3_arm_ctrl.egg-info/entry_points.txt
writing requirements to tb3_arm_ctrl.egg-info/requires.txt
writing top-level names to tb3_arm_ctrl.egg-info/top_level.txt
writing manifest file 'tb3_arm_ctrl.egg-info/SOURCES.txt'
reading manifest file 'tb3_arm_ctrl.egg-info/SOURCES.txt'
writing manifest file 'tb3_arm_ctrl.egg-info/SOURCES.txt'
running build_ext
Creating /home/fabin/turtlebot3_ws/install/tb3_arm_ctrl/lib/python3.10/site-packages/tb3-arm-ctrl.egg-link (link to .)
Installing ctrl_node script to /home/fabin/turtlebot3_ws/install/tb3_arm_ctrl/lib/tb3_arm_ctrl
Installing goal_node script to /home/fabin/turtlebot3_ws/install/tb3_arm_ctrl/lib/tb3_arm_ctrl
Installing ik_node script to /home/fabin/turtlebot3_ws/install/tb3_arm_ctrl/lib/tb3_arm_ctrl

Installed /home/fabin/turtlebot3_ws/build/tb3_arm_ctrl
running symlink_data
creating /home/fabin/turtlebot3_ws/install/tb3_arm_ctrl/share/ament_index
creating /home/fabin/turtlebot3_ws/install/tb3_arm_ctrl/share/ament_index/resource_index
creating /home/fabin/turtlebot3_ws/install/tb3_arm_ctrl/share/ament_index/resource_index/packages
symbolically linking /home/fabin/turtlebot3_ws/build/tb3_arm_ctrl/resource/tb3_arm_ctrl -> /home/fabin/turtlebot3_ws/install/tb3_arm_ctrl/share/ament_index/resource_index/packages
symbolically linking /home/fabin/turtlebot3_ws/build/tb3_arm_ctrl/package.xml -> /home/fabin/turtlebot3_ws/install/tb3_arm_ctrl/share/tb3_arm_ctrl
