[2.237s] Invoking command in '/home/fabin/turtlebot3_ws/build/tb3_arm_ctrl': PYTHONPATH=/home/fabin/turtlebot3_ws/build/tb3_arm_ctrl/prefix_override:/usr/lib/python3/dist-packages/colcon_core/task/python/colcon_distutils_commands:/home/fabin/turtlebot3_ws/install/tb3_arm_ctrl/lib/python3.10/site-packages:${PYTHONPATH} /usr/bin/python3 -W ignore:setup.py install is deprecated -W ignore:easy_install command is deprecated setup.py develop --editable --build-directory /home/fabin/turtlebot3_ws/build/tb3_arm_ctrl/build --no-deps symlink_data
[2.581s] running develop
[2.806s] running egg_info
[2.806s] creating tb3_arm_ctrl.egg-info
[2.806s] writing tb3_arm_ctrl.egg-info/PKG-INFO
[2.806s] writing dependency_links to tb3_arm_ctrl.egg-info/dependency_links.txt
[2.806s] writing entry points to tb3_arm_ctrl.egg-info/entry_points.txt
[2.806s] writing requirements to tb3_arm_ctrl.egg-info/requires.txt
[2.806s] writing top-level names to tb3_arm_ctrl.egg-info/top_level.txt
[2.806s] writing manifest file 'tb3_arm_ctrl.egg-info/SOURCES.txt'
[2.810s] reading manifest file 'tb3_arm_ctrl.egg-info/SOURCES.txt'
[2.811s] writing manifest file 'tb3_arm_ctrl.egg-info/SOURCES.txt'
[2.811s] running build_ext
[2.811s] Creating /home/fabin/turtlebot3_ws/install/tb3_arm_ctrl/lib/python3.10/site-packages/tb3-arm-ctrl.egg-link (link to .)
[2.812s] Installing ctrl_node script to /home/fabin/turtlebot3_ws/install/tb3_arm_ctrl/lib/tb3_arm_ctrl
[2.812s] Installing goal_node script to /home/fabin/turtlebot3_ws/install/tb3_arm_ctrl/lib/tb3_arm_ctrl
[2.812s] Installing ik_node script to /home/fabin/turtlebot3_ws/install/tb3_arm_ctrl/lib/tb3_arm_ctrl
[2.812s] 
[2.812s] Installed /home/fabin/turtlebot3_ws/build/tb3_arm_ctrl
[2.812s] running symlink_data
[2.812s] creating /home/fabin/turtlebot3_ws/install/tb3_arm_ctrl/share/ament_index
[2.816s] creating /home/fabin/turtlebot3_ws/install/tb3_arm_ctrl/share/ament_index/resource_index
[2.816s] creating /home/fabin/turtlebot3_ws/install/tb3_arm_ctrl/share/ament_index/resource_index/packages
[2.816s] symbolically linking /home/fabin/turtlebot3_ws/build/tb3_arm_ctrl/resource/tb3_arm_ctrl -> /home/fabin/turtlebot3_ws/install/tb3_arm_ctrl/share/ament_index/resource_index/packages
[2.816s] symbolically linking /home/fabin/turtlebot3_ws/build/tb3_arm_ctrl/package.xml -> /home/fabin/turtlebot3_ws/install/tb3_arm_ctrl/share/tb3_arm_ctrl
[2.910s] Invoked command in '/home/fabin/turtlebot3_ws/build/tb3_arm_ctrl' returned '0': PYTHONPATH=/home/fabin/turtlebot3_ws/build/tb3_arm_ctrl/prefix_override:/usr/lib/python3/dist-packages/colcon_core/task/python/colcon_distutils_commands:/home/fabin/turtlebot3_ws/install/tb3_arm_ctrl/lib/python3.10/site-packages:${PYTHONPATH} /usr/bin/python3 -W ignore:setup.py install is deprecated -W ignore:easy_install command is deprecated setup.py develop --editable --build-directory /home/fabin/turtlebot3_ws/build/tb3_arm_ctrl/build --no-deps symlink_data
