[0.031s] Invoking command in '/home/fabin/turtlebot3_ws/build/turtlebot3_node': CMAKE_PREFIX_PATH=/home/fabin/turtlebot3_ws/install/turtlebot3_msgs:/home/fabin/turtlebot3_ws/install/dynamixel_sdk:/home/fabin/turtlebot3_ws/install/turtlebot3:/home/fabin/turtlebot3_ws/install/turtlebot3_simulations:/home/fabin/turtlebot3_ws/install/turtlebot3_bringup:/home/fabin/turtlebot3_ws/install/turtlebot3_node:/home/fabin/turtlebot3_ws/install/turtlebot3_navigation2:/home/fabin/turtlebot3_ws/install/turtlebot3_fake_node:/home/fabin/turtlebot3_ws/install/turtlebot3_manipulation:/home/fabin/turtlebot3_ws/install/turtlebot3_manipulation_teleop:/home/fabin/turtlebot3_ws/install/turtlebot3_manipulation_navigation2:/home/fabin/turtlebot3_ws/install/turtlebot3_manipulation_moveit_config:/home/fabin/turtlebot3_ws/install/turtlebot3_manipulation_hardware:/home/fabin/turtlebot3_ws/install/turtlebot3_manipulation_gazebo:/home/fabin/turtlebot3_ws/install/turtlebot3_manipulation_bringup:/home/fabin/turtlebot3_ws/install/turtlebot3_manipulation_description:/home/fabin/turtlebot3_ws/install/turtlebot3_manipulation_cartographer:/home/fabin/turtlebot3_ws/install/turtlebot3_gazebo:/home/fabin/turtlebot3_ws/install/turtlebot3_description:/home/fabin/turtlebot3_ws/install/turtlebot3_cartographer:/home/fabin/turtlebot3_ws/install/dynamixel_sdk_examples:/home/fabin/turtlebot3_ws/install/dynamixel_sdk_custom_interfaces:/home/fabin/turtlebot3_ws/install/turtlebot3_teleop:/home/fabin/turtlebot3_ws/install/turtlebot3_example:/home/fabin/turtlebot3_ws/install/tb3_ik:/home/fabin/turtlebot3_ws/install/tb3_arm_logger:/home/fabin/turtlebot3_ws/install/tb3_arm_ctrl:/home/fabin/turtlebot3_ws/install/pick_place_demo:/opt/ros/humble LD_LIBRARY_PATH=/home/fabin/turtlebot3_ws/install/turtlebot3_msgs/lib:/home/fabin/turtlebot3_ws/install/dynamixel_sdk/lib:/home/fabin/turtlebot3_ws/install/turtlebot3_manipulation_hardware/lib:/home/fabin/turtlebot3_ws/install/dynamixel_sdk_custom_interfaces/lib:/usr/lib/x86_64-linux-gnu/gazebo-11/plugins:/opt/ros/humble/opt/rviz_ogre_vendor/lib:/opt/ros/humble/lib/x86_64-linux-gnu:/opt/ros/humble/lib:/usr/lib/x86_64-linux-gnu/gazebo-11/plugins /usr/bin/cmake /home/fabin/turtlebot3_ws/src/turtlebot3/turtlebot3_node -DAMENT_CMAKE_SYMLINK_INSTALL=1 -DCMAKE_INSTALL_PREFIX=/home/fabin/turtlebot3_ws/install/turtlebot3_node
[0.349s] -- The C compiler identification is GNU 11.4.0
[0.350s] -- The CXX compiler identification is GNU 11.4.0
[0.350s] -- Detecting C compiler ABI info
[0.350s] -- Detecting C compiler ABI info - done
[0.350s] -- Check for working C compiler: /usr/bin/cc - skipped
[0.350s] -- Detecting C compile features
[0.350s] -- Detecting C compile features - done
[0.350s] -- Detecting CXX compiler ABI info
[0.400s] -- Detecting CXX compiler ABI info - done
[0.408s] -- Check for working CXX compiler: /usr/bin/c++ - skipped
[0.408s] -- Detecting CXX compile features
[0.409s] -- Detecting CXX compile features - done
[0.415s] -- Found ament_cmake: 1.3.12 (/opt/ros/humble/share/ament_cmake/cmake)
[0.648s] -- Found Python3: /usr/bin/python3 (found version "3.10.12") found components: Interpreter 
[0.739s] -- Override CMake install command with custom implementation using symlinks instead of copying resources
[0.825s] -- Found dynamixel_sdk: 3.8.4 (/home/fabin/turtlebot3_ws/install/dynamixel_sdk/share/dynamixel_sdk/cmake)
[0.833s] -- Found geometry_msgs: 4.9.0 (/opt/ros/humble/share/geometry_msgs/cmake)
[0.926s] -- Found rosidl_generator_c: 3.1.7 (/opt/ros/humble/share/rosidl_generator_c/cmake)
[0.941s] -- Found rosidl_adapter: 3.1.7 (/opt/ros/humble/share/rosidl_adapter/cmake)
[0.960s] -- Found rosidl_generator_cpp: 3.1.7 (/opt/ros/humble/share/rosidl_generator_cpp/cmake)
[0.986s] -- Using all available rosidl_typesupport_c: rosidl_typesupport_fastrtps_c;rosidl_typesupport_introspection_c
[1.021s] -- Using all available rosidl_typesupport_cpp: rosidl_typesupport_fastrtps_cpp;rosidl_typesupport_introspection_cpp
[1.093s] -- Found message_filters: 4.3.11 (/opt/ros/humble/share/message_filters/cmake)
[1.193s] -- Found rmw_implementation_cmake: 6.1.2 (/opt/ros/humble/share/rmw_implementation_cmake/cmake)
[1.202s] -- Found rmw_fastrtps_cpp: 6.2.9 (/opt/ros/humble/share/rmw_fastrtps_cpp/cmake)
[1.336s] -- Found OpenSSL: /usr/lib/x86_64-linux-gnu/libcrypto.so (found version "3.0.2")  
[1.370s] -- Found FastRTPS: /opt/ros/humble/include  
[1.416s] -- Using RMW implementation 'rmw_fastrtps_cpp' as default
[1.431s] -- Looking for pthread.h
[1.501s] -- Looking for pthread.h - found
[1.501s] -- Performing Test CMAKE_HAVE_LIBC_PTHREAD
[1.572s] -- Performing Test CMAKE_HAVE_LIBC_PTHREAD - Success
[1.573s] -- Found Threads: TRUE  
[1.625s] -- Found nav_msgs: 4.9.0 (/opt/ros/humble/share/nav_msgs/cmake)
[1.645s] -- Found sensor_msgs: 4.9.0 (/opt/ros/humble/share/sensor_msgs/cmake)
[1.662s] -- Found std_srvs: 4.9.0 (/opt/ros/humble/share/std_srvs/cmake)
[1.674s] -- Found tf2: 0.25.16 (/opt/ros/humble/share/tf2/cmake)
[1.692s] -- Found tf2_ros: 0.25.16 (/opt/ros/humble/share/tf2_ros/cmake)
[1.792s] -- Found turtlebot3_msgs: 2.4.0 (/home/fabin/turtlebot3_ws/install/turtlebot3_msgs/share/turtlebot3_msgs/cmake)
[1.913s] -- Configuring done
[1.931s] -- Generating done
[1.937s] -- Build files have been written to: /home/fabin/turtlebot3_ws/build/turtlebot3_node
[1.950s] Invoked command in '/home/fabin/turtlebot3_ws/build/turtlebot3_node' returned '0': CMAKE_PREFIX_PATH=/home/fabin/turtlebot3_ws/install/turtlebot3_msgs:/home/fabin/turtlebot3_ws/install/dynamixel_sdk:/home/fabin/turtlebot3_ws/install/turtlebot3:/home/fabin/turtlebot3_ws/install/turtlebot3_simulations:/home/fabin/turtlebot3_ws/install/turtlebot3_bringup:/home/fabin/turtlebot3_ws/install/turtlebot3_node:/home/fabin/turtlebot3_ws/install/turtlebot3_navigation2:/home/fabin/turtlebot3_ws/install/turtlebot3_fake_node:/home/fabin/turtlebot3_ws/install/turtlebot3_manipulation:/home/fabin/turtlebot3_ws/install/turtlebot3_manipulation_teleop:/home/fabin/turtlebot3_ws/install/turtlebot3_manipulation_navigation2:/home/fabin/turtlebot3_ws/install/turtlebot3_manipulation_moveit_config:/home/fabin/turtlebot3_ws/install/turtlebot3_manipulation_hardware:/home/fabin/turtlebot3_ws/install/turtlebot3_manipulation_gazebo:/home/fabin/turtlebot3_ws/install/turtlebot3_manipulation_bringup:/home/fabin/turtlebot3_ws/install/turtlebot3_manipulation_description:/home/fabin/turtlebot3_ws/install/turtlebot3_manipulation_cartographer:/home/fabin/turtlebot3_ws/install/turtlebot3_gazebo:/home/fabin/turtlebot3_ws/install/turtlebot3_description:/home/fabin/turtlebot3_ws/install/turtlebot3_cartographer:/home/fabin/turtlebot3_ws/install/dynamixel_sdk_examples:/home/fabin/turtlebot3_ws/install/dynamixel_sdk_custom_interfaces:/home/fabin/turtlebot3_ws/install/turtlebot3_teleop:/home/fabin/turtlebot3_ws/install/turtlebot3_example:/home/fabin/turtlebot3_ws/install/tb3_ik:/home/fabin/turtlebot3_ws/install/tb3_arm_logger:/home/fabin/turtlebot3_ws/install/tb3_arm_ctrl:/home/fabin/turtlebot3_ws/install/pick_place_demo:/opt/ros/humble LD_LIBRARY_PATH=/home/fabin/turtlebot3_ws/install/turtlebot3_msgs/lib:/home/fabin/turtlebot3_ws/install/dynamixel_sdk/lib:/home/fabin/turtlebot3_ws/install/turtlebot3_manipulation_hardware/lib:/home/fabin/turtlebot3_ws/install/dynamixel_sdk_custom_interfaces/lib:/usr/lib/x86_64-linux-gnu/gazebo-11/plugins:/opt/ros/humble/opt/rviz_ogre_vendor/lib:/opt/ros/humble/lib/x86_64-linux-gnu:/opt/ros/humble/lib:/usr/lib/x86_64-linux-gnu/gazebo-11/plugins /usr/bin/cmake /home/fabin/turtlebot3_ws/src/turtlebot3/turtlebot3_node -DAMENT_CMAKE_SYMLINK_INSTALL=1 -DCMAKE_INSTALL_PREFIX=/home/fabin/turtlebot3_ws/install/turtlebot3_node
[1.952s] Invoking command in '/home/fabin/turtlebot3_ws/build/turtlebot3_node': CMAKE_PREFIX_PATH=/home/fabin/turtlebot3_ws/install/turtlebot3_msgs:/home/fabin/turtlebot3_ws/install/dynamixel_sdk:/home/fabin/turtlebot3_ws/install/turtlebot3:/home/fabin/turtlebot3_ws/install/turtlebot3_simulations:/home/fabin/turtlebot3_ws/install/turtlebot3_bringup:/home/fabin/turtlebot3_ws/install/turtlebot3_node:/home/fabin/turtlebot3_ws/install/turtlebot3_navigation2:/home/fabin/turtlebot3_ws/install/turtlebot3_fake_node:/home/fabin/turtlebot3_ws/install/turtlebot3_manipulation:/home/fabin/turtlebot3_ws/install/turtlebot3_manipulation_teleop:/home/fabin/turtlebot3_ws/install/turtlebot3_manipulation_navigation2:/home/fabin/turtlebot3_ws/install/turtlebot3_manipulation_moveit_config:/home/fabin/turtlebot3_ws/install/turtlebot3_manipulation_hardware:/home/fabin/turtlebot3_ws/install/turtlebot3_manipulation_gazebo:/home/fabin/turtlebot3_ws/install/turtlebot3_manipulation_bringup:/home/fabin/turtlebot3_ws/install/turtlebot3_manipulation_description:/home/fabin/turtlebot3_ws/install/turtlebot3_manipulation_cartographer:/home/fabin/turtlebot3_ws/install/turtlebot3_gazebo:/home/fabin/turtlebot3_ws/install/turtlebot3_description:/home/fabin/turtlebot3_ws/install/turtlebot3_cartographer:/home/fabin/turtlebot3_ws/install/dynamixel_sdk_examples:/home/fabin/turtlebot3_ws/install/dynamixel_sdk_custom_interfaces:/home/fabin/turtlebot3_ws/install/turtlebot3_teleop:/home/fabin/turtlebot3_ws/install/turtlebot3_example:/home/fabin/turtlebot3_ws/install/tb3_ik:/home/fabin/turtlebot3_ws/install/tb3_arm_logger:/home/fabin/turtlebot3_ws/install/tb3_arm_ctrl:/home/fabin/turtlebot3_ws/install/pick_place_demo:/opt/ros/humble LD_LIBRARY_PATH=/home/fabin/turtlebot3_ws/install/turtlebot3_msgs/lib:/home/fabin/turtlebot3_ws/install/dynamixel_sdk/lib:/home/fabin/turtlebot3_ws/install/turtlebot3_manipulation_hardware/lib:/home/fabin/turtlebot3_ws/install/dynamixel_sdk_custom_interfaces/lib:/usr/lib/x86_64-linux-gnu/gazebo-11/plugins:/opt/ros/humble/opt/rviz_ogre_vendor/lib:/opt/ros/humble/lib/x86_64-linux-gnu:/opt/ros/humble/lib:/usr/lib/x86_64-linux-gnu/gazebo-11/plugins /usr/bin/cmake --build /home/fabin/turtlebot3_ws/build/turtlebot3_node -- -j16 -l16
[2.026s] [ 21%] [32mBuilding CXX object CMakeFiles/turtlebot3_node_lib.dir/src/diff_drive_controller.cpp.o[0m
[2.026s] [ 21%] [32mBuilding CXX object CMakeFiles/turtlebot3_node_lib.dir/src/devices/motor_power.cpp.o[0m
[2.026s] [ 21%] [32mBuilding CXX object CMakeFiles/turtlebot3_node_lib.dir/src/dynamixel_sdk_wrapper.cpp.o[0m
[2.027s] [ 28%] [32mBuilding CXX object CMakeFiles/turtlebot3_node_lib.dir/src/devices/reset.cpp.o[0m
[2.027s] [ 35%] [32mBuilding CXX object CMakeFiles/turtlebot3_node_lib.dir/src/turtlebot3.cpp.o[0m
[2.027s] [ 42%] [32mBuilding CXX object CMakeFiles/turtlebot3_node_lib.dir/src/odometry.cpp.o[0m
[2.031s] [ 50%] [32mBuilding CXX object CMakeFiles/turtlebot3_node_lib.dir/src/devices/sound.cpp.o[0m
[2.035s] [ 57%] [32mBuilding CXX object CMakeFiles/turtlebot3_node_lib.dir/src/sensors/battery_state.cpp.o[0m
[2.040s] [ 64%] [32mBuilding CXX object CMakeFiles/turtlebot3_node_lib.dir/src/sensors/joint_state.cpp.o[0m
[2.040s] [ 71%] [32mBuilding CXX object CMakeFiles/turtlebot3_node_lib.dir/src/sensors/imu.cpp.o[0m
[2.041s] [ 78%] [32mBuilding CXX object CMakeFiles/turtlebot3_node_lib.dir/src/sensors/sensor_state.cpp.o[0m
[16.789s] [ 85%] [32m[1mLinking CXX static library libturtlebot3_node_lib.a[0m
[17.316s] [ 85%] Built target turtlebot3_node_lib
[17.338s] [ 92%] [32mBuilding CXX object CMakeFiles/turtlebot3_ros.dir/src/node_main.cpp.o[0m
[19.912s] [100%] [32m[1mLinking CXX executable turtlebot3_ros[0m
[21.167s] [100%] Built target turtlebot3_ros
[21.179s] Invoked command in '/home/fabin/turtlebot3_ws/build/turtlebot3_node' returned '0': CMAKE_PREFIX_PATH=/home/fabin/turtlebot3_ws/install/turtlebot3_msgs:/home/fabin/turtlebot3_ws/install/dynamixel_sdk:/home/fabin/turtlebot3_ws/install/turtlebot3:/home/fabin/turtlebot3_ws/install/turtlebot3_simulations:/home/fabin/turtlebot3_ws/install/turtlebot3_bringup:/home/fabin/turtlebot3_ws/install/turtlebot3_node:/home/fabin/turtlebot3_ws/install/turtlebot3_navigation2:/home/fabin/turtlebot3_ws/install/turtlebot3_fake_node:/home/fabin/turtlebot3_ws/install/turtlebot3_manipulation:/home/fabin/turtlebot3_ws/install/turtlebot3_manipulation_teleop:/home/fabin/turtlebot3_ws/install/turtlebot3_manipulation_navigation2:/home/fabin/turtlebot3_ws/install/turtlebot3_manipulation_moveit_config:/home/fabin/turtlebot3_ws/install/turtlebot3_manipulation_hardware:/home/fabin/turtlebot3_ws/install/turtlebot3_manipulation_gazebo:/home/fabin/turtlebot3_ws/install/turtlebot3_manipulation_bringup:/home/fabin/turtlebot3_ws/install/turtlebot3_manipulation_description:/home/fabin/turtlebot3_ws/install/turtlebot3_manipulation_cartographer:/home/fabin/turtlebot3_ws/install/turtlebot3_gazebo:/home/fabin/turtlebot3_ws/install/turtlebot3_description:/home/fabin/turtlebot3_ws/install/turtlebot3_cartographer:/home/fabin/turtlebot3_ws/install/dynamixel_sdk_examples:/home/fabin/turtlebot3_ws/install/dynamixel_sdk_custom_interfaces:/home/fabin/turtlebot3_ws/install/turtlebot3_teleop:/home/fabin/turtlebot3_ws/install/turtlebot3_example:/home/fabin/turtlebot3_ws/install/tb3_ik:/home/fabin/turtlebot3_ws/install/tb3_arm_logger:/home/fabin/turtlebot3_ws/install/tb3_arm_ctrl:/home/fabin/turtlebot3_ws/install/pick_place_demo:/opt/ros/humble LD_LIBRARY_PATH=/home/fabin/turtlebot3_ws/install/turtlebot3_msgs/lib:/home/fabin/turtlebot3_ws/install/dynamixel_sdk/lib:/home/fabin/turtlebot3_ws/install/turtlebot3_manipulation_hardware/lib:/home/fabin/turtlebot3_ws/install/dynamixel_sdk_custom_interfaces/lib:/usr/lib/x86_64-linux-gnu/gazebo-11/plugins:/opt/ros/humble/opt/rviz_ogre_vendor/lib:/opt/ros/humble/lib/x86_64-linux-gnu:/opt/ros/humble/lib:/usr/lib/x86_64-linux-gnu/gazebo-11/plugins /usr/bin/cmake --build /home/fabin/turtlebot3_ws/build/turtlebot3_node -- -j16 -l16
[21.181s] Invoking command in '/home/fabin/turtlebot3_ws/build/turtlebot3_node': CMAKE_PREFIX_PATH=/home/fabin/turtlebot3_ws/install/turtlebot3_msgs:/home/fabin/turtlebot3_ws/install/dynamixel_sdk:/home/fabin/turtlebot3_ws/install/turtlebot3:/home/fabin/turtlebot3_ws/install/turtlebot3_simulations:/home/fabin/turtlebot3_ws/install/turtlebot3_bringup:/home/fabin/turtlebot3_ws/install/turtlebot3_node:/home/fabin/turtlebot3_ws/install/turtlebot3_navigation2:/home/fabin/turtlebot3_ws/install/turtlebot3_fake_node:/home/fabin/turtlebot3_ws/install/turtlebot3_manipulation:/home/fabin/turtlebot3_ws/install/turtlebot3_manipulation_teleop:/home/fabin/turtlebot3_ws/install/turtlebot3_manipulation_navigation2:/home/fabin/turtlebot3_ws/install/turtlebot3_manipulation_moveit_config:/home/fabin/turtlebot3_ws/install/turtlebot3_manipulation_hardware:/home/fabin/turtlebot3_ws/install/turtlebot3_manipulation_gazebo:/home/fabin/turtlebot3_ws/install/turtlebot3_manipulation_bringup:/home/fabin/turtlebot3_ws/install/turtlebot3_manipulation_description:/home/fabin/turtlebot3_ws/install/turtlebot3_manipulation_cartographer:/home/fabin/turtlebot3_ws/install/turtlebot3_gazebo:/home/fabin/turtlebot3_ws/install/turtlebot3_description:/home/fabin/turtlebot3_ws/install/turtlebot3_cartographer:/home/fabin/turtlebot3_ws/install/dynamixel_sdk_examples:/home/fabin/turtlebot3_ws/install/dynamixel_sdk_custom_interfaces:/home/fabin/turtlebot3_ws/install/turtlebot3_teleop:/home/fabin/turtlebot3_ws/install/turtlebot3_example:/home/fabin/turtlebot3_ws/install/tb3_ik:/home/fabin/turtlebot3_ws/install/tb3_arm_logger:/home/fabin/turtlebot3_ws/install/tb3_arm_ctrl:/home/fabin/turtlebot3_ws/install/pick_place_demo:/opt/ros/humble LD_LIBRARY_PATH=/home/fabin/turtlebot3_ws/install/turtlebot3_msgs/lib:/home/fabin/turtlebot3_ws/install/dynamixel_sdk/lib:/home/fabin/turtlebot3_ws/install/turtlebot3_manipulation_hardware/lib:/home/fabin/turtlebot3_ws/install/dynamixel_sdk_custom_interfaces/lib:/usr/lib/x86_64-linux-gnu/gazebo-11/plugins:/opt/ros/humble/opt/rviz_ogre_vendor/lib:/opt/ros/humble/lib/x86_64-linux-gnu:/opt/ros/humble/lib:/usr/lib/x86_64-linux-gnu/gazebo-11/plugins /usr/bin/cmake --install /home/fabin/turtlebot3_ws/build/turtlebot3_node
[21.188s] -- Install configuration: ""
[21.189s] -- Execute custom install script
[21.189s] -- Symlinking: /home/fabin/turtlebot3_ws/install/turtlebot3_node/share/turtlebot3_node/param/burger.yaml
[21.198s] -- Symlinking: /home/fabin/turtlebot3_ws/install/turtlebot3_node/share/turtlebot3_node/param/waffle.yaml
[21.207s] -- Symlinking: /home/fabin/turtlebot3_ws/install/turtlebot3_node/share/turtlebot3_node/param/waffle_pi.yaml
[21.216s] -- Symlinking: /home/fabin/turtlebot3_ws/install/turtlebot3_node/lib/turtlebot3_node/turtlebot3_ros
[21.224s] -- Symlinking: /home/fabin/turtlebot3_ws/install/turtlebot3_node/share/ament_index/resource_index/package_run_dependencies/turtlebot3_node
[21.233s] -- Symlinking: /home/fabin/turtlebot3_ws/install/turtlebot3_node/share/ament_index/resource_index/parent_prefix_path/turtlebot3_node
[21.242s] -- Symlinking: /home/fabin/turtlebot3_ws/install/turtlebot3_node/share/turtlebot3_node/environment/ament_prefix_path.sh
[21.250s] -- Symlinking: /home/fabin/turtlebot3_ws/install/turtlebot3_node/share/turtlebot3_node/environment/ament_prefix_path.dsv
[21.258s] -- Symlinking: /home/fabin/turtlebot3_ws/install/turtlebot3_node/share/turtlebot3_node/environment/path.sh
[21.266s] -- Symlinking: /home/fabin/turtlebot3_ws/install/turtlebot3_node/share/turtlebot3_node/environment/path.dsv
[21.274s] -- Symlinking: /home/fabin/turtlebot3_ws/install/turtlebot3_node/share/turtlebot3_node/local_setup.bash
[21.282s] -- Symlinking: /home/fabin/turtlebot3_ws/install/turtlebot3_node/share/turtlebot3_node/local_setup.sh
[21.292s] -- Symlinking: /home/fabin/turtlebot3_ws/install/turtlebot3_node/share/turtlebot3_node/local_setup.zsh
[21.299s] -- Symlinking: /home/fabin/turtlebot3_ws/install/turtlebot3_node/share/turtlebot3_node/local_setup.dsv
[21.307s] -- Symlinking: /home/fabin/turtlebot3_ws/install/turtlebot3_node/share/turtlebot3_node/package.dsv
[21.316s] -- Symlinking: /home/fabin/turtlebot3_ws/install/turtlebot3_node/share/ament_index/resource_index/packages/turtlebot3_node
[21.324s] -- Symlinking: /home/fabin/turtlebot3_ws/install/turtlebot3_node/share/turtlebot3_node/cmake/ament_cmake_export_dependencies-extras.cmake
[21.333s] -- Symlinking: /home/fabin/turtlebot3_ws/install/turtlebot3_node/share/turtlebot3_node/cmake/ament_cmake_export_include_directories-extras.cmake
[21.342s] -- Symlinking: /home/fabin/turtlebot3_ws/install/turtlebot3_node/share/turtlebot3_node/cmake/turtlebot3_nodeConfig.cmake
[21.350s] -- Symlinking: /home/fabin/turtlebot3_ws/install/turtlebot3_node/share/turtlebot3_node/cmake/turtlebot3_nodeConfig-version.cmake
[21.358s] -- Symlinking: /home/fabin/turtlebot3_ws/install/turtlebot3_node/share/turtlebot3_node/package.xml
[21.369s] Invoked command in '/home/fabin/turtlebot3_ws/build/turtlebot3_node' returned '0': CMAKE_PREFIX_PATH=/home/fabin/turtlebot3_ws/install/turtlebot3_msgs:/home/fabin/turtlebot3_ws/install/dynamixel_sdk:/home/fabin/turtlebot3_ws/install/turtlebot3:/home/fabin/turtlebot3_ws/install/turtlebot3_simulations:/home/fabin/turtlebot3_ws/install/turtlebot3_bringup:/home/fabin/turtlebot3_ws/install/turtlebot3_node:/home/fabin/turtlebot3_ws/install/turtlebot3_navigation2:/home/fabin/turtlebot3_ws/install/turtlebot3_fake_node:/home/fabin/turtlebot3_ws/install/turtlebot3_manipulation:/home/fabin/turtlebot3_ws/install/turtlebot3_manipulation_teleop:/home/fabin/turtlebot3_ws/install/turtlebot3_manipulation_navigation2:/home/fabin/turtlebot3_ws/install/turtlebot3_manipulation_moveit_config:/home/fabin/turtlebot3_ws/install/turtlebot3_manipulation_hardware:/home/fabin/turtlebot3_ws/install/turtlebot3_manipulation_gazebo:/home/fabin/turtlebot3_ws/install/turtlebot3_manipulation_bringup:/home/fabin/turtlebot3_ws/install/turtlebot3_manipulation_description:/home/fabin/turtlebot3_ws/install/turtlebot3_manipulation_cartographer:/home/fabin/turtlebot3_ws/install/turtlebot3_gazebo:/home/fabin/turtlebot3_ws/install/turtlebot3_description:/home/fabin/turtlebot3_ws/install/turtlebot3_cartographer:/home/fabin/turtlebot3_ws/install/dynamixel_sdk_examples:/home/fabin/turtlebot3_ws/install/dynamixel_sdk_custom_interfaces:/home/fabin/turtlebot3_ws/install/turtlebot3_teleop:/home/fabin/turtlebot3_ws/install/turtlebot3_example:/home/fabin/turtlebot3_ws/install/tb3_ik:/home/fabin/turtlebot3_ws/install/tb3_arm_logger:/home/fabin/turtlebot3_ws/install/tb3_arm_ctrl:/home/fabin/turtlebot3_ws/install/pick_place_demo:/opt/ros/humble LD_LIBRARY_PATH=/home/fabin/turtlebot3_ws/install/turtlebot3_msgs/lib:/home/fabin/turtlebot3_ws/install/dynamixel_sdk/lib:/home/fabin/turtlebot3_ws/install/turtlebot3_manipulation_hardware/lib:/home/fabin/turtlebot3_ws/install/dynamixel_sdk_custom_interfaces/lib:/usr/lib/x86_64-linux-gnu/gazebo-11/plugins:/opt/ros/humble/opt/rviz_ogre_vendor/lib:/opt/ros/humble/lib/x86_64-linux-gnu:/opt/ros/humble/lib:/usr/lib/x86_64-linux-gnu/gazebo-11/plugins /usr/bin/cmake --install /home/fabin/turtlebot3_ws/build/turtlebot3_node
