[0.867s] Invoking command in '/home/fabin/turtlebot3_ws/src/turtlebot3/turtlebot3_example': CMAKE_PREFIX_PATH=/home/fabin/turtlebot3_ws/install/turtlebot3_msgs:/home/fabin/turtlebot3_ws/install/turtlebot3:/home/fabin/turtlebot3_ws/install/turtlebot3_simulations:/home/fabin/turtlebot3_ws/install/turtlebot3_bringup:/home/fabin/turtlebot3_ws/install/turtlebot3_node:/home/fabin/turtlebot3_ws/install/turtlebot3_navigation2:/home/fabin/turtlebot3_ws/install/turtlebot3_fake_node:/home/fabin/turtlebot3_ws/install/turtlebot3_manipulation:/home/fabin/turtlebot3_ws/install/turtlebot3_manipulation_teleop:/home/fabin/turtlebot3_ws/install/turtlebot3_manipulation_navigation2:/home/fabin/turtlebot3_ws/install/turtlebot3_manipulation_moveit_config:/home/fabin/turtlebot3_ws/install/turtlebot3_manipulation_hardware:/home/fabin/turtlebot3_ws/install/turtlebot3_manipulation_gazebo:/home/fabin/turtlebot3_ws/install/turtlebot3_manipulation_bringup:/home/fabin/turtlebot3_ws/install/turtlebot3_manipulation_description:/home/fabin/turtlebot3_ws/install/turtlebot3_manipulation_cartographer:/home/fabin/turtlebot3_ws/install/turtlebot3_gazebo:/home/fabin/turtlebot3_ws/install/turtlebot3_description:/home/fabin/turtlebot3_ws/install/turtlebot3_cartographer:/home/fabin/turtlebot3_ws/install/dynamixel_sdk_examples:/home/fabin/turtlebot3_ws/install/dynamixel_sdk_custom_interfaces:/home/fabin/turtlebot3_ws/install/dynamixel_sdk LD_LIBRARY_PATH=/home/fabin/turtlebot3_ws/install/turtlebot3_msgs/lib:/home/fabin/turtlebot3_ws/install/turtlebot3_manipulation_hardware/lib:/home/fabin/turtlebot3_ws/install/dynamixel_sdk_custom_interfaces/lib:/home/fabin/turtlebot3_ws/install/dynamixel_sdk/lib:/usr/lib/x86_64-linux-gnu/gazebo-11/plugins:/opt/ros/humble/opt/rviz_ogre_vendor/lib:/opt/ros/humble/lib/x86_64-linux-gnu:/opt/ros/humble/lib:/usr/lib/x86_64-linux-gnu/gazebo-11/plugins PYTHONPATH=/home/fabin/turtlebot3_ws/build/turtlebot3_example/prefix_override:/usr/lib/python3/dist-packages/colcon_core/task/python/colcon_distutils_commands:/home/fabin/turtlebot3_ws/install/turtlebot3_example/lib/python3.10/site-packages:${PYTHONPATH} /usr/bin/python3 -W ignore:setup.py install is deprecated -W ignore:easy_install command is deprecated setup.py egg_info --egg-base ../../../build/turtlebot3_example build --build-base /home/fabin/turtlebot3_ws/build/turtlebot3_example/build install --record /home/fabin/turtlebot3_ws/build/turtlebot3_example/install.log --single-version-externally-managed install_data
[1.067s] running egg_info
[1.068s] writing ../../../build/turtlebot3_example/turtlebot3_example.egg-info/PKG-INFO
[1.068s] writing dependency_links to ../../../build/turtlebot3_example/turtlebot3_example.egg-info/dependency_links.txt
[1.068s] writing entry points to ../../../build/turtlebot3_example/turtlebot3_example.egg-info/entry_points.txt
[1.069s] writing requirements to ../../../build/turtlebot3_example/turtlebot3_example.egg-info/requires.txt
[1.069s] writing top-level names to ../../../build/turtlebot3_example/turtlebot3_example.egg-info/top_level.txt
[1.071s] reading manifest file '../../../build/turtlebot3_example/turtlebot3_example.egg-info/SOURCES.txt'
[1.072s] writing manifest file '../../../build/turtlebot3_example/turtlebot3_example.egg-info/SOURCES.txt'
[1.072s] running build
[1.072s] running build_py
[1.073s] running install
[1.073s] running install_lib
[1.075s] running install_data
[1.075s] running install_egg_info
[1.076s] removing '/home/fabin/turtlebot3_ws/install/turtlebot3_example/lib/python3.10/site-packages/turtlebot3_example-2.3.3-py3.10.egg-info' (and everything under it)
[1.076s] Copying ../../../build/turtlebot3_example/turtlebot3_example.egg-info to /home/fabin/turtlebot3_ws/install/turtlebot3_example/lib/python3.10/site-packages/turtlebot3_example-2.3.3-py3.10.egg-info
[1.077s] running install_scripts
[1.093s] Installing turtlebot3_absolute_move script to /home/fabin/turtlebot3_ws/install/turtlebot3_example/lib/turtlebot3_example
[1.093s] Installing turtlebot3_interactive_marker script to /home/fabin/turtlebot3_ws/install/turtlebot3_example/lib/turtlebot3_example
[1.093s] Installing turtlebot3_obstacle_detection script to /home/fabin/turtlebot3_ws/install/turtlebot3_example/lib/turtlebot3_example
[1.093s] Installing turtlebot3_patrol_client script to /home/fabin/turtlebot3_ws/install/turtlebot3_example/lib/turtlebot3_example
[1.093s] Installing turtlebot3_patrol_server script to /home/fabin/turtlebot3_ws/install/turtlebot3_example/lib/turtlebot3_example
[1.093s] Installing turtlebot3_relative_move script to /home/fabin/turtlebot3_ws/install/turtlebot3_example/lib/turtlebot3_example
[1.094s] writing list of installed files to '/home/fabin/turtlebot3_ws/build/turtlebot3_example/install.log'
[1.113s] Invoked command in '/home/fabin/turtlebot3_ws/src/turtlebot3/turtlebot3_example' returned '0': CMAKE_PREFIX_PATH=/home/fabin/turtlebot3_ws/install/turtlebot3_msgs:/home/fabin/turtlebot3_ws/install/turtlebot3:/home/fabin/turtlebot3_ws/install/turtlebot3_simulations:/home/fabin/turtlebot3_ws/install/turtlebot3_bringup:/home/fabin/turtlebot3_ws/install/turtlebot3_node:/home/fabin/turtlebot3_ws/install/turtlebot3_navigation2:/home/fabin/turtlebot3_ws/install/turtlebot3_fake_node:/home/fabin/turtlebot3_ws/install/turtlebot3_manipulation:/home/fabin/turtlebot3_ws/install/turtlebot3_manipulation_teleop:/home/fabin/turtlebot3_ws/install/turtlebot3_manipulation_navigation2:/home/fabin/turtlebot3_ws/install/turtlebot3_manipulation_moveit_config:/home/fabin/turtlebot3_ws/install/turtlebot3_manipulation_hardware:/home/fabin/turtlebot3_ws/install/turtlebot3_manipulation_gazebo:/home/fabin/turtlebot3_ws/install/turtlebot3_manipulation_bringup:/home/fabin/turtlebot3_ws/install/turtlebot3_manipulation_description:/home/fabin/turtlebot3_ws/install/turtlebot3_manipulation_cartographer:/home/fabin/turtlebot3_ws/install/turtlebot3_gazebo:/home/fabin/turtlebot3_ws/install/turtlebot3_description:/home/fabin/turtlebot3_ws/install/turtlebot3_cartographer:/home/fabin/turtlebot3_ws/install/dynamixel_sdk_examples:/home/fabin/turtlebot3_ws/install/dynamixel_sdk_custom_interfaces:/home/fabin/turtlebot3_ws/install/dynamixel_sdk LD_LIBRARY_PATH=/home/fabin/turtlebot3_ws/install/turtlebot3_msgs/lib:/home/fabin/turtlebot3_ws/install/turtlebot3_manipulation_hardware/lib:/home/fabin/turtlebot3_ws/install/dynamixel_sdk_custom_interfaces/lib:/home/fabin/turtlebot3_ws/install/dynamixel_sdk/lib:/usr/lib/x86_64-linux-gnu/gazebo-11/plugins:/opt/ros/humble/opt/rviz_ogre_vendor/lib:/opt/ros/humble/lib/x86_64-linux-gnu:/opt/ros/humble/lib:/usr/lib/x86_64-linux-gnu/gazebo-11/plugins PYTHONPATH=/home/fabin/turtlebot3_ws/build/turtlebot3_example/prefix_override:/usr/lib/python3/dist-packages/colcon_core/task/python/colcon_distutils_commands:/home/fabin/turtlebot3_ws/install/turtlebot3_example/lib/python3.10/site-packages:${PYTHONPATH} /usr/bin/python3 -W ignore:setup.py install is deprecated -W ignore:easy_install command is deprecated setup.py egg_info --egg-base ../../../build/turtlebot3_example build --build-base /home/fabin/turtlebot3_ws/build/turtlebot3_example/build install --record /home/fabin/turtlebot3_ws/build/turtlebot3_example/install.log --single-version-externally-managed install_data
