[0.012s] Invoking command in '/home/fabin/turtlebot3_ws/src/build/turtlebot3_bringup': AMENT_PREFIX_PATH=/home/fabin/turtlebot3_ws/src/install/turtlebot3_node:/home/fabin/turtlebot3_ws/src/install/turtlebot3_msgs:/home/fabin/turtlebot3_ws/src/install/turtlebot3_description:/home/fabin/turtlebot3_ws/src/install/dynamixel_sdk:${AMENT_PREFIX_PATH} CMAKE_PREFIX_PATH=/home/fabin/turtlebot3_ws/src/install/turtlebot3_node:/home/fabin/turtlebot3_ws/src/install/turtlebot3_msgs:/home/fabin/turtlebot3_ws/src/install/turtlebot3_description:/home/fabin/turtlebot3_ws/src/install/dynamixel_sdk:/opt/ros/humble LD_LIBRARY_PATH=/home/fabin/turtlebot3_ws/src/install/turtlebot3_msgs/lib:/home/fabin/turtlebot3_ws/src/install/dynamixel_sdk/lib:${LD_LIBRARY_PATH} PYTHONPATH=/home/fabin/turtlebot3_ws/src/install/turtlebot3_msgs/local/lib/python3.10/dist-packages:/home/fabin/turtlebot3_ws/src/install/dynamixel_sdk/local/lib/python3.10/dist-packages:${PYTHONPATH} /usr/bin/cmake /home/fabin/turtlebot3_ws/src/turtlebot3/turtlebot3_bringup -DAMENT_CMAKE_SYMLINK_INSTALL=1 -DCMAKE_INSTALL_PREFIX=/home/fabin/turtlebot3_ws/src/install/turtlebot3_bringup
[0.057s] -- The C compiler identification is GNU 11.4.0
[0.103s] -- The CXX compiler identification is GNU 11.4.0
[0.110s] -- Detecting C compiler ABI info
[0.174s] -- Detecting C compiler ABI info - done
[0.178s] -- Check for working C compiler: /usr/bin/cc - skipped
[0.178s] -- Detecting C compile features
[0.179s] -- Detecting C compile features - done
[0.181s] -- Detecting CXX compiler ABI info
[0.253s] -- Detecting CXX compiler ABI info - done
[0.258s] -- Check for working CXX compiler: /usr/bin/c++ - skipped
[0.258s] -- Detecting CXX compile features
[0.258s] -- Detecting CXX compile features - done
[0.260s] -- Found ament_cmake: 1.3.12 (/opt/ros/humble/share/ament_cmake/cmake)
[0.375s] -- Found Python3: /usr/bin/python3 (found version "3.10.12") found components: Interpreter 
[0.420s] -- Override CMake install command with custom implementation using symlinks instead of copying resources
[0.494s] -- Configuring done
[0.496s] -- Generating done
[0.497s] -- Build files have been written to: /home/fabin/turtlebot3_ws/src/build/turtlebot3_bringup
[0.501s] Invoked command in '/home/fabin/turtlebot3_ws/src/build/turtlebot3_bringup' returned '0': AMENT_PREFIX_PATH=/home/fabin/turtlebot3_ws/src/install/turtlebot3_node:/home/fabin/turtlebot3_ws/src/install/turtlebot3_msgs:/home/fabin/turtlebot3_ws/src/install/turtlebot3_description:/home/fabin/turtlebot3_ws/src/install/dynamixel_sdk:${AMENT_PREFIX_PATH} CMAKE_PREFIX_PATH=/home/fabin/turtlebot3_ws/src/install/turtlebot3_node:/home/fabin/turtlebot3_ws/src/install/turtlebot3_msgs:/home/fabin/turtlebot3_ws/src/install/turtlebot3_description:/home/fabin/turtlebot3_ws/src/install/dynamixel_sdk:/opt/ros/humble LD_LIBRARY_PATH=/home/fabin/turtlebot3_ws/src/install/turtlebot3_msgs/lib:/home/fabin/turtlebot3_ws/src/install/dynamixel_sdk/lib:${LD_LIBRARY_PATH} PYTHONPATH=/home/fabin/turtlebot3_ws/src/install/turtlebot3_msgs/local/lib/python3.10/dist-packages:/home/fabin/turtlebot3_ws/src/install/dynamixel_sdk/local/lib/python3.10/dist-packages:${PYTHONPATH} /usr/bin/cmake /home/fabin/turtlebot3_ws/src/turtlebot3/turtlebot3_bringup -DAMENT_CMAKE_SYMLINK_INSTALL=1 -DCMAKE_INSTALL_PREFIX=/home/fabin/turtlebot3_ws/src/install/turtlebot3_bringup
[0.503s] Invoking command in '/home/fabin/turtlebot3_ws/src/build/turtlebot3_bringup': AMENT_PREFIX_PATH=/home/fabin/turtlebot3_ws/src/install/turtlebot3_node:/home/fabin/turtlebot3_ws/src/install/turtlebot3_msgs:/home/fabin/turtlebot3_ws/src/install/turtlebot3_description:/home/fabin/turtlebot3_ws/src/install/dynamixel_sdk:${AMENT_PREFIX_PATH} CMAKE_PREFIX_PATH=/home/fabin/turtlebot3_ws/src/install/turtlebot3_node:/home/fabin/turtlebot3_ws/src/install/turtlebot3_msgs:/home/fabin/turtlebot3_ws/src/install/turtlebot3_description:/home/fabin/turtlebot3_ws/src/install/dynamixel_sdk:/opt/ros/humble LD_LIBRARY_PATH=/home/fabin/turtlebot3_ws/src/install/turtlebot3_msgs/lib:/home/fabin/turtlebot3_ws/src/install/dynamixel_sdk/lib:${LD_LIBRARY_PATH} PYTHONPATH=/home/fabin/turtlebot3_ws/src/install/turtlebot3_msgs/local/lib/python3.10/dist-packages:/home/fabin/turtlebot3_ws/src/install/dynamixel_sdk/local/lib/python3.10/dist-packages:${PYTHONPATH} /usr/bin/cmake --build /home/fabin/turtlebot3_ws/src/build/turtlebot3_bringup -- -j16 -l16
[0.538s] Invoked command in '/home/fabin/turtlebot3_ws/src/build/turtlebot3_bringup' returned '0': AMENT_PREFIX_PATH=/home/fabin/turtlebot3_ws/src/install/turtlebot3_node:/home/fabin/turtlebot3_ws/src/install/turtlebot3_msgs:/home/fabin/turtlebot3_ws/src/install/turtlebot3_description:/home/fabin/turtlebot3_ws/src/install/dynamixel_sdk:${AMENT_PREFIX_PATH} CMAKE_PREFIX_PATH=/home/fabin/turtlebot3_ws/src/install/turtlebot3_node:/home/fabin/turtlebot3_ws/src/install/turtlebot3_msgs:/home/fabin/turtlebot3_ws/src/install/turtlebot3_description:/home/fabin/turtlebot3_ws/src/install/dynamixel_sdk:/opt/ros/humble LD_LIBRARY_PATH=/home/fabin/turtlebot3_ws/src/install/turtlebot3_msgs/lib:/home/fabin/turtlebot3_ws/src/install/dynamixel_sdk/lib:${LD_LIBRARY_PATH} PYTHONPATH=/home/fabin/turtlebot3_ws/src/install/turtlebot3_msgs/local/lib/python3.10/dist-packages:/home/fabin/turtlebot3_ws/src/install/dynamixel_sdk/local/lib/python3.10/dist-packages:${PYTHONPATH} /usr/bin/cmake --build /home/fabin/turtlebot3_ws/src/build/turtlebot3_bringup -- -j16 -l16
[0.539s] Invoking command in '/home/fabin/turtlebot3_ws/src/build/turtlebot3_bringup': AMENT_PREFIX_PATH=/home/fabin/turtlebot3_ws/src/install/turtlebot3_node:/home/fabin/turtlebot3_ws/src/install/turtlebot3_msgs:/home/fabin/turtlebot3_ws/src/install/turtlebot3_description:/home/fabin/turtlebot3_ws/src/install/dynamixel_sdk:${AMENT_PREFIX_PATH} CMAKE_PREFIX_PATH=/home/fabin/turtlebot3_ws/src/install/turtlebot3_node:/home/fabin/turtlebot3_ws/src/install/turtlebot3_msgs:/home/fabin/turtlebot3_ws/src/install/turtlebot3_description:/home/fabin/turtlebot3_ws/src/install/dynamixel_sdk:/opt/ros/humble LD_LIBRARY_PATH=/home/fabin/turtlebot3_ws/src/install/turtlebot3_msgs/lib:/home/fabin/turtlebot3_ws/src/install/dynamixel_sdk/lib:${LD_LIBRARY_PATH} PYTHONPATH=/home/fabin/turtlebot3_ws/src/install/turtlebot3_msgs/local/lib/python3.10/dist-packages:/home/fabin/turtlebot3_ws/src/install/dynamixel_sdk/local/lib/python3.10/dist-packages:${PYTHONPATH} /usr/bin/cmake --install /home/fabin/turtlebot3_ws/src/build/turtlebot3_bringup
[0.546s] -- Install configuration: ""
[0.546s] -- Execute custom install script
[0.546s] -- Symlinking: /home/fabin/turtlebot3_ws/src/install/turtlebot3_bringup/share/turtlebot3_bringup/launch/camera.launch.py
[0.554s] -- Symlinking: /home/fabin/turtlebot3_ws/src/install/turtlebot3_bringup/share/turtlebot3_bringup/launch/robot.launch.py
[0.563s] -- Symlinking: /home/fabin/turtlebot3_ws/src/install/turtlebot3_bringup/share/turtlebot3_bringup/launch/rviz2.launch.py
[0.570s] -- Symlinking: /home/fabin/turtlebot3_ws/src/install/turtlebot3_bringup/share/turtlebot3_bringup/launch/turtlebot3_state_publisher.launch.py
[0.580s] -- Symlinking: /home/fabin/turtlebot3_ws/src/install/turtlebot3_bringup/share/turtlebot3_bringup/param/burger.yaml
[0.588s] -- Symlinking: /home/fabin/turtlebot3_ws/src/install/turtlebot3_bringup/share/turtlebot3_bringup/param/humble/burger.yaml
[0.595s] -- Symlinking: /home/fabin/turtlebot3_ws/src/install/turtlebot3_bringup/share/turtlebot3_bringup/param/humble/waffle.yaml
[0.603s] -- Symlinking: /home/fabin/turtlebot3_ws/src/install/turtlebot3_bringup/share/turtlebot3_bringup/param/humble/waffle_pi.yaml
[0.611s] -- Symlinking: /home/fabin/turtlebot3_ws/src/install/turtlebot3_bringup/share/turtlebot3_bringup/param/waffle.yaml
[0.619s] -- Symlinking: /home/fabin/turtlebot3_ws/src/install/turtlebot3_bringup/share/turtlebot3_bringup/param/waffle_pi.yaml
[0.626s] -- Symlinking: /home/fabin/turtlebot3_ws/src/install/turtlebot3_bringup/share/turtlebot3_bringup/script/99-turtlebot3-cdc.rules
[0.634s] -- Symlinking: /home/fabin/turtlebot3_ws/src/install/turtlebot3_bringup/share/turtlebot3_bringup/script/create_udev_rules
[0.642s] -- Symlinking: /home/fabin/turtlebot3_ws/src/install/turtlebot3_bringup/share/ament_index/resource_index/package_run_dependencies/turtlebot3_bringup
[0.650s] -- Symlinking: /home/fabin/turtlebot3_ws/src/install/turtlebot3_bringup/share/ament_index/resource_index/parent_prefix_path/turtlebot3_bringup
[0.659s] -- Symlinking: /home/fabin/turtlebot3_ws/src/install/turtlebot3_bringup/share/turtlebot3_bringup/environment/ament_prefix_path.sh
[0.667s] -- Symlinking: /home/fabin/turtlebot3_ws/src/install/turtlebot3_bringup/share/turtlebot3_bringup/environment/ament_prefix_path.dsv
[0.676s] -- Symlinking: /home/fabin/turtlebot3_ws/src/install/turtlebot3_bringup/share/turtlebot3_bringup/environment/path.sh
[0.684s] -- Symlinking: /home/fabin/turtlebot3_ws/src/install/turtlebot3_bringup/share/turtlebot3_bringup/environment/path.dsv
[0.692s] -- Symlinking: /home/fabin/turtlebot3_ws/src/install/turtlebot3_bringup/share/turtlebot3_bringup/local_setup.bash
[0.699s] -- Symlinking: /home/fabin/turtlebot3_ws/src/install/turtlebot3_bringup/share/turtlebot3_bringup/local_setup.sh
[0.708s] -- Symlinking: /home/fabin/turtlebot3_ws/src/install/turtlebot3_bringup/share/turtlebot3_bringup/local_setup.zsh
[0.717s] -- Symlinking: /home/fabin/turtlebot3_ws/src/install/turtlebot3_bringup/share/turtlebot3_bringup/local_setup.dsv
[0.727s] -- Symlinking: /home/fabin/turtlebot3_ws/src/install/turtlebot3_bringup/share/turtlebot3_bringup/package.dsv
[0.734s] -- Symlinking: /home/fabin/turtlebot3_ws/src/install/turtlebot3_bringup/share/ament_index/resource_index/packages/turtlebot3_bringup
[0.744s] -- Symlinking: /home/fabin/turtlebot3_ws/src/install/turtlebot3_bringup/share/turtlebot3_bringup/cmake/turtlebot3_bringupConfig.cmake
[0.752s] -- Symlinking: /home/fabin/turtlebot3_ws/src/install/turtlebot3_bringup/share/turtlebot3_bringup/cmake/turtlebot3_bringupConfig-version.cmake
[0.761s] -- Symlinking: /home/fabin/turtlebot3_ws/src/install/turtlebot3_bringup/share/turtlebot3_bringup/package.xml
[0.771s] Invoked command in '/home/fabin/turtlebot3_ws/src/build/turtlebot3_bringup' returned '0': AMENT_PREFIX_PATH=/home/fabin/turtlebot3_ws/src/install/turtlebot3_node:/home/fabin/turtlebot3_ws/src/install/turtlebot3_msgs:/home/fabin/turtlebot3_ws/src/install/turtlebot3_description:/home/fabin/turtlebot3_ws/src/install/dynamixel_sdk:${AMENT_PREFIX_PATH} CMAKE_PREFIX_PATH=/home/fabin/turtlebot3_ws/src/install/turtlebot3_node:/home/fabin/turtlebot3_ws/src/install/turtlebot3_msgs:/home/fabin/turtlebot3_ws/src/install/turtlebot3_description:/home/fabin/turtlebot3_ws/src/install/dynamixel_sdk:/opt/ros/humble LD_LIBRARY_PATH=/home/fabin/turtlebot3_ws/src/install/turtlebot3_msgs/lib:/home/fabin/turtlebot3_ws/src/install/dynamixel_sdk/lib:${LD_LIBRARY_PATH} PYTHONPATH=/home/fabin/turtlebot3_ws/src/install/turtlebot3_msgs/local/lib/python3.10/dist-packages:/home/fabin/turtlebot3_ws/src/install/dynamixel_sdk/local/lib/python3.10/dist-packages:${PYTHONPATH} /usr/bin/cmake --install /home/fabin/turtlebot3_ws/src/build/turtlebot3_bringup
