[0.601s] Invoking command in '/home/fabin/turtlebot3_ws/src/build/turtlebot3_teleop': PYTHONPATH=/home/fabin/turtlebot3_ws/src/build/turtlebot3_teleop/prefix_override:/usr/lib/python3/dist-packages/colcon_core/task/python/colcon_distutils_commands:/home/fabin/turtlebot3_ws/src/install/turtlebot3_teleop/lib/python3.10/site-packages:${PYTHONPATH} /usr/bin/python3 -W ignore:setup.py install is deprecated -W ignore:easy_install command is deprecated setup.py develop --editable --build-directory /home/fabin/turtlebot3_ws/src/build/turtlebot3_teleop/build --no-deps symlink_data
[0.831s] running develop
[1.009s] running egg_info
[1.009s] creating turtlebot3_teleop.egg-info
[1.009s] writing turtlebot3_teleop.egg-info/PKG-INFO
[1.009s] writing dependency_links to turtlebot3_teleop.egg-info/dependency_links.txt
[1.009s] writing entry points to turtlebot3_teleop.egg-info/entry_points.txt
[1.010s] writing requirements to turtlebot3_teleop.egg-info/requires.txt
[1.010s] writing top-level names to turtlebot3_teleop.egg-info/top_level.txt
[1.010s] writing manifest file 'turtlebot3_teleop.egg-info/SOURCES.txt'
[1.012s] reading manifest file 'turtlebot3_teleop.egg-info/SOURCES.txt'
[1.012s] writing manifest file 'turtlebot3_teleop.egg-info/SOURCES.txt'
[1.013s] running build_ext
[1.014s] Creating /home/fabin/turtlebot3_ws/src/install/turtlebot3_teleop/lib/python3.10/site-packages/turtlebot3-teleop.egg-link (link to .)
[1.014s] Installing teleop_keyboard script to /home/fabin/turtlebot3_ws/src/install/turtlebot3_teleop/lib/turtlebot3_teleop
[1.014s] 
[1.015s] Installed /home/fabin/turtlebot3_ws/src/build/turtlebot3_teleop
[1.015s] running symlink_data
[1.015s] creating /home/fabin/turtlebot3_ws/src/install/turtlebot3_teleop/share/ament_index
[1.015s] creating /home/fabin/turtlebot3_ws/src/install/turtlebot3_teleop/share/ament_index/resource_index
[1.015s] creating /home/fabin/turtlebot3_ws/src/install/turtlebot3_teleop/share/ament_index/resource_index/packages
[1.015s] symbolically linking /home/fabin/turtlebot3_ws/src/build/turtlebot3_teleop/resource/turtlebot3_teleop -> /home/fabin/turtlebot3_ws/src/install/turtlebot3_teleop/share/ament_index/resource_index/packages
[1.015s] symbolically linking /home/fabin/turtlebot3_ws/src/build/turtlebot3_teleop/package.xml -> /home/fabin/turtlebot3_ws/src/install/turtlebot3_teleop/share/turtlebot3_teleop
[1.061s] Invoked command in '/home/fabin/turtlebot3_ws/src/build/turtlebot3_teleop' returned '0': PYTHONPATH=/home/fabin/turtlebot3_ws/src/build/turtlebot3_teleop/prefix_override:/usr/lib/python3/dist-packages/colcon_core/task/python/colcon_distutils_commands:/home/fabin/turtlebot3_ws/src/install/turtlebot3_teleop/lib/python3.10/site-packages:${PYTHONPATH} /usr/bin/python3 -W ignore:setup.py install is deprecated -W ignore:easy_install command is deprecated setup.py develop --editable --build-directory /home/fabin/turtlebot3_ws/src/build/turtlebot3_teleop/build --no-deps symlink_data
