[1.746s] Invoking command in '/home/fabin/turtlebot3_ws/src/pick_place_demo': PYTHONPATH=/home/fabin/turtlebot3_ws/build/pick_place_demo/prefix_override:/usr/lib/python3/dist-packages/colcon_core/task/python/colcon_distutils_commands:/home/fabin/turtlebot3_ws/install/pick_place_demo/lib/python3.10/site-packages:${PYTHONPATH} /usr/bin/python3 -W ignore:setup.py install is deprecated -W ignore:easy_install command is deprecated setup.py egg_info --egg-base ../../build/pick_place_demo build --build-base /home/fabin/turtlebot3_ws/build/pick_place_demo/build install --record /home/fabin/turtlebot3_ws/build/pick_place_demo/install.log --single-version-externally-managed install_data
[2.019s] running egg_info
[2.020s] writing ../../build/pick_place_demo/pick_place_demo.egg-info/PKG-INFO
[2.020s] writing dependency_links to ../../build/pick_place_demo/pick_place_demo.egg-info/dependency_links.txt
[2.020s] writing entry points to ../../build/pick_place_demo/pick_place_demo.egg-info/entry_points.txt
[2.020s] writing requirements to ../../build/pick_place_demo/pick_place_demo.egg-info/requires.txt
[2.020s] writing top-level names to ../../build/pick_place_demo/pick_place_demo.egg-info/top_level.txt
[2.020s] reading manifest file '../../build/pick_place_demo/pick_place_demo.egg-info/SOURCES.txt'
[2.020s] writing manifest file '../../build/pick_place_demo/pick_place_demo.egg-info/SOURCES.txt'
[2.020s] running build
[2.020s] running build_py
[2.020s] running install
[2.020s] running install_lib
[2.020s] running install_data
[2.020s] running install_egg_info
[2.021s] removing '/home/fabin/turtlebot3_ws/install/pick_place_demo/lib/python3.10/site-packages/pick_place_demo-0.0.0-py3.10.egg-info' (and everything under it)
[2.021s] Copying ../../build/pick_place_demo/pick_place_demo.egg-info to /home/fabin/turtlebot3_ws/install/pick_place_demo/lib/python3.10/site-packages/pick_place_demo-0.0.0-py3.10.egg-info
[2.021s] running install_scripts
[2.021s] writing list of installed files to '/home/fabin/turtlebot3_ws/build/pick_place_demo/install.log'
[2.058s] Invoked command in '/home/fabin/turtlebot3_ws/src/pick_place_demo' returned '0': PYTHONPATH=/home/fabin/turtlebot3_ws/build/pick_place_demo/prefix_override:/usr/lib/python3/dist-packages/colcon_core/task/python/colcon_distutils_commands:/home/fabin/turtlebot3_ws/install/pick_place_demo/lib/python3.10/site-packages:${PYTHONPATH} /usr/bin/python3 -W ignore:setup.py install is deprecated -W ignore:easy_install command is deprecated setup.py egg_info --egg-base ../../build/pick_place_demo build --build-base /home/fabin/turtlebot3_ws/build/pick_place_demo/build install --record /home/fabin/turtlebot3_ws/build/pick_place_demo/install.log --single-version-externally-managed install_data
