[0.563s] Invoking command in '/home/fabin/turtlebot3_ws/src/tb3_arm_logger': PYTHONPATH=/home/fabin/turtlebot3_ws/build/tb3_arm_logger/prefix_override:/usr/lib/python3/dist-packages/colcon_core/task/python/colcon_distutils_commands:/home/fabin/turtlebot3_ws/install/tb3_arm_logger/lib/python3.10/site-packages:${PYTHONPATH} /usr/bin/python3 -W ignore:setup.py install is deprecated -W ignore:easy_install command is deprecated setup.py egg_info --egg-base ../../build/tb3_arm_logger build --build-base /home/fabin/turtlebot3_ws/build/tb3_arm_logger/build install --record /home/fabin/turtlebot3_ws/build/tb3_arm_logger/install.log --single-version-externally-managed
[0.779s] running egg_info
[0.779s] writing ../../build/tb3_arm_logger/tb3_arm_logger.egg-info/PKG-INFO
[0.779s] writing dependency_links to ../../build/tb3_arm_logger/tb3_arm_logger.egg-info/dependency_links.txt
[0.779s] writing entry points to ../../build/tb3_arm_logger/tb3_arm_logger.egg-info/entry_points.txt
[0.780s] writing requirements to ../../build/tb3_arm_logger/tb3_arm_logger.egg-info/requires.txt
[0.780s] writing top-level names to ../../build/tb3_arm_logger/tb3_arm_logger.egg-info/top_level.txt
[0.781s] reading manifest file '../../build/tb3_arm_logger/tb3_arm_logger.egg-info/SOURCES.txt'
[0.782s] writing manifest file '../../build/tb3_arm_logger/tb3_arm_logger.egg-info/SOURCES.txt'
[0.782s] running build
[0.782s] running build_py
[0.782s] copying tb3_arm_logger/tb3_hdf5_logger.py -> /home/fabin/turtlebot3_ws/build/tb3_arm_logger/build/lib/tb3_arm_logger
[0.782s] running install
[0.782s] running install_lib
[0.783s] copying /home/fabin/turtlebot3_ws/build/tb3_arm_logger/build/lib/tb3_arm_logger/tb3_hdf5_logger.py -> /home/fabin/turtlebot3_ws/install/tb3_arm_logger/lib/python3.10/site-packages/tb3_arm_logger
[0.784s] byte-compiling /home/fabin/turtlebot3_ws/install/tb3_arm_logger/lib/python3.10/site-packages/tb3_arm_logger/tb3_hdf5_logger.py to tb3_hdf5_logger.cpython-310.pyc
[0.784s] running install_egg_info
[0.786s] removing '/home/fabin/turtlebot3_ws/install/tb3_arm_logger/lib/python3.10/site-packages/tb3_arm_logger-0.0.1-py3.10.egg-info' (and everything under it)
[0.786s] Copying ../../build/tb3_arm_logger/tb3_arm_logger.egg-info to /home/fabin/turtlebot3_ws/install/tb3_arm_logger/lib/python3.10/site-packages/tb3_arm_logger-0.0.1-py3.10.egg-info
[0.787s] running install_scripts
[0.804s] Installing tb3_hdf5_logger script to /home/fabin/turtlebot3_ws/install/tb3_arm_logger/lib/tb3_arm_logger
[0.804s] writing list of installed files to '/home/fabin/turtlebot3_ws/build/tb3_arm_logger/install.log'
[0.826s] Invoked command in '/home/fabin/turtlebot3_ws/src/tb3_arm_logger' returned '0': PYTHONPATH=/home/fabin/turtlebot3_ws/build/tb3_arm_logger/prefix_override:/usr/lib/python3/dist-packages/colcon_core/task/python/colcon_distutils_commands:/home/fabin/turtlebot3_ws/install/tb3_arm_logger/lib/python3.10/site-packages:${PYTHONPATH} /usr/bin/python3 -W ignore:setup.py install is deprecated -W ignore:easy_install command is deprecated setup.py egg_info --egg-base ../../build/tb3_arm_logger build --build-base /home/fabin/turtlebot3_ws/build/tb3_arm_logger/build install --record /home/fabin/turtlebot3_ws/build/tb3_arm_logger/install.log --single-version-externally-managed
