running develop
Removing /home/fabin/turtlebot3_ws/install/tb3_ik/lib/python3.10/site-packages/tb3-ik.egg-link (link to .)
running egg_info
writing ../../build/tb3_ik/tb3_ik.egg-info/PKG-INFO
writing dependency_links to ../../build/tb3_ik/tb3_ik.egg-info/dependency_links.txt
writing entry points to ../../build/tb3_ik/tb3_ik.egg-info/entry_points.txt
writing requirements to ../../build/tb3_ik/tb3_ik.egg-info/requires.txt
writing top-level names to ../../build/tb3_ik/tb3_ik.egg-info/top_level.txt
reading manifest file '../../build/tb3_ik/tb3_ik.egg-info/SOURCES.txt'
writing manifest file '../../build/tb3_ik/tb3_ik.egg-info/SOURCES.txt'
running build
running build_py
creating /home/fabin/turtlebot3_ws/build/tb3_ik/build
creating /home/fabin/turtlebot3_ws/build/tb3_ik/build/lib
creating /home/fabin/turtlebot3_ws/build/tb3_ik/build/lib/tb3_ik
copying tb3_ik/__init__.py -> /home/fabin/turtlebot3_ws/build/tb3_ik/build/lib/tb3_ik
copying tb3_ik/tb3_ik_controller.py -> /home/fabin/turtlebot3_ws/build/tb3_ik/build/lib/tb3_ik
running install
running install_lib
creating /home/fabin/turtlebot3_ws/install/tb3_ik/lib/python3.10/site-packages/tb3_ik
copying /home/fabin/turtlebot3_ws/build/tb3_ik/build/lib/tb3_ik/__init__.py -> /home/fabin/turtlebot3_ws/install/tb3_ik/lib/python3.10/site-packages/tb3_ik
copying /home/fabin/turtlebot3_ws/build/tb3_ik/build/lib/tb3_ik/tb3_ik_controller.py -> /home/fabin/turtlebot3_ws/install/tb3_ik/lib/python3.10/site-packages/tb3_ik
byte-compiling /home/fabin/turtlebot3_ws/install/tb3_ik/lib/python3.10/site-packages/tb3_ik/__init__.py to __init__.cpython-310.pyc
byte-compiling /home/fabin/turtlebot3_ws/install/tb3_ik/lib/python3.10/site-packages/tb3_ik/tb3_ik_controller.py to tb3_ik_controller.cpython-310.pyc
running install_egg_info
Copying ../../build/tb3_ik/tb3_ik.egg-info to /home/fabin/turtlebot3_ws/install/tb3_ik/lib/python3.10/site-packages/tb3_ik-0.0.0-py3.10.egg-info
running install_scripts
Installing tb3_ik_controller script to /home/fabin/turtlebot3_ws/install/tb3_ik/lib/tb3_ik
writing list of installed files to '/home/fabin/turtlebot3_ws/build/tb3_ik/install.log'
