[2.290s] Invoking command in '/home/fabin/turtlebot3_ws/build/tb3_ik': PYTHONPATH=/home/fabin/turtlebot3_ws/build/tb3_ik/prefix_override:/usr/lib/python3/dist-packages/colcon_core/task/python/colcon_distutils_commands:/home/fabin/turtlebot3_ws/install/tb3_ik/lib/python3.10/site-packages:${PYTHONPATH} /usr/bin/python3 -W ignore:setup.py install is deprecated -W ignore:easy_install command is deprecated setup.py develop --uninstall --editable --build-directory /home/fabin/turtlebot3_ws/build/tb3_ik/build
[2.721s] running develop
[3.034s] Removing /home/fabin/turtlebot3_ws/install/tb3_ik/lib/python3.10/site-packages/tb3-ik.egg-link (link to .)
[3.269s] Invoked command in '/home/fabin/turtlebot3_ws/build/tb3_ik' returned '0': PYTHONPATH=/home/fabin/turtlebot3_ws/build/tb3_ik/prefix_override:/usr/lib/python3/dist-packages/colcon_core/task/python/colcon_distutils_commands:/home/fabin/turtlebot3_ws/install/tb3_ik/lib/python3.10/site-packages:${PYTHONPATH} /usr/bin/python3 -W ignore:setup.py install is deprecated -W ignore:easy_install command is deprecated setup.py develop --uninstall --editable --build-directory /home/fabin/turtlebot3_ws/build/tb3_ik/build
[3.272s] Invoking command in '/home/fabin/turtlebot3_ws/src/tb3_ik': PYTHONPATH=/home/fabin/turtlebot3_ws/build/tb3_ik/prefix_override:/usr/lib/python3/dist-packages/colcon_core/task/python/colcon_distutils_commands:/home/fabin/turtlebot3_ws/install/tb3_ik/lib/python3.10/site-packages:${PYTHONPATH} /usr/bin/python3 -W ignore:setup.py install is deprecated -W ignore:easy_install command is deprecated setup.py egg_info --egg-base ../../build/tb3_ik build --build-base /home/fabin/turtlebot3_ws/build/tb3_ik/build install --record /home/fabin/turtlebot3_ws/build/tb3_ik/install.log --single-version-externally-managed
[3.659s] running egg_info
[3.661s] writing ../../build/tb3_ik/tb3_ik.egg-info/PKG-INFO
[3.661s] writing dependency_links to ../../build/tb3_ik/tb3_ik.egg-info/dependency_links.txt
[3.661s] writing entry points to ../../build/tb3_ik/tb3_ik.egg-info/entry_points.txt
[3.662s] writing requirements to ../../build/tb3_ik/tb3_ik.egg-info/requires.txt
[3.662s] writing top-level names to ../../build/tb3_ik/tb3_ik.egg-info/top_level.txt
[3.666s] reading manifest file '../../build/tb3_ik/tb3_ik.egg-info/SOURCES.txt'
[3.669s] writing manifest file '../../build/tb3_ik/tb3_ik.egg-info/SOURCES.txt'
[3.670s] running build
[3.670s] running build_py
[3.671s] creating /home/fabin/turtlebot3_ws/build/tb3_ik/build
[3.671s] creating /home/fabin/turtlebot3_ws/build/tb3_ik/build/lib
[3.671s] creating /home/fabin/turtlebot3_ws/build/tb3_ik/build/lib/tb3_ik
[3.671s] copying tb3_ik/__init__.py -> /home/fabin/turtlebot3_ws/build/tb3_ik/build/lib/tb3_ik
[3.671s] copying tb3_ik/tb3_ik_controller.py -> /home/fabin/turtlebot3_ws/build/tb3_ik/build/lib/tb3_ik
[3.672s] running install
[3.672s] running install_lib
[3.672s] creating /home/fabin/turtlebot3_ws/install/tb3_ik/lib/python3.10/site-packages/tb3_ik
[3.672s] copying /home/fabin/turtlebot3_ws/build/tb3_ik/build/lib/tb3_ik/__init__.py -> /home/fabin/turtlebot3_ws/install/tb3_ik/lib/python3.10/site-packages/tb3_ik
[3.672s] copying /home/fabin/turtlebot3_ws/build/tb3_ik/build/lib/tb3_ik/tb3_ik_controller.py -> /home/fabin/turtlebot3_ws/install/tb3_ik/lib/python3.10/site-packages/tb3_ik
[3.674s] byte-compiling /home/fabin/turtlebot3_ws/install/tb3_ik/lib/python3.10/site-packages/tb3_ik/__init__.py to __init__.cpython-310.pyc
[3.674s] byte-compiling /home/fabin/turtlebot3_ws/install/tb3_ik/lib/python3.10/site-packages/tb3_ik/tb3_ik_controller.py to tb3_ik_controller.cpython-310.pyc
[3.675s] running install_egg_info
[3.676s] Copying ../../build/tb3_ik/tb3_ik.egg-info to /home/fabin/turtlebot3_ws/install/tb3_ik/lib/python3.10/site-packages/tb3_ik-0.0.0-py3.10.egg-info
[3.677s] running install_scripts
[3.710s] Installing tb3_ik_controller script to /home/fabin/turtlebot3_ws/install/tb3_ik/lib/tb3_ik
[3.710s] writing list of installed files to '/home/fabin/turtlebot3_ws/build/tb3_ik/install.log'
[3.773s] Invoked command in '/home/fabin/turtlebot3_ws/src/tb3_ik' returned '0': PYTHONPATH=/home/fabin/turtlebot3_ws/build/tb3_ik/prefix_override:/usr/lib/python3/dist-packages/colcon_core/task/python/colcon_distutils_commands:/home/fabin/turtlebot3_ws/install/tb3_ik/lib/python3.10/site-packages:${PYTHONPATH} /usr/bin/python3 -W ignore:setup.py install is deprecated -W ignore:easy_install command is deprecated setup.py egg_info --egg-base ../../build/tb3_ik build --build-base /home/fabin/turtlebot3_ws/build/tb3_ik/build install --record /home/fabin/turtlebot3_ws/build/tb3_ik/install.log --single-version-externally-managed
