running develop
Removing /home/fabin/turtlebot3_ws/install/pick_place_demo/lib/python3.10/site-packages/pick-place-demo.egg-link (link to .)
running egg_info
writing ../../build/pick_place_demo/pick_place_demo.egg-info/PKG-INFO
writing dependency_links to ../../build/pick_place_demo/pick_place_demo.egg-info/dependency_links.txt
writing entry points to ../../build/pick_place_demo/pick_place_demo.egg-info/entry_points.txt
writing requirements to ../../build/pick_place_demo/pick_place_demo.egg-info/requires.txt
writing top-level names to ../../build/pick_place_demo/pick_place_demo.egg-info/top_level.txt
reading manifest file '../../build/pick_place_demo/pick_place_demo.egg-info/SOURCES.txt'
writing manifest file '../../build/pick_place_demo/pick_place_demo.egg-info/SOURCES.txt'
running build
running build_py
creating /home/fabin/turtlebot3_ws/build/pick_place_demo/build
creating /home/fabin/turtlebot3_ws/build/pick_place_demo/build/lib
creating /home/fabin/turtlebot3_ws/build/pick_place_demo/build/lib/pick_place_demo
copying pick_place_demo/node1.py -> /home/fabin/turtlebot3_ws/build/pick_place_demo/build/lib/pick_place_demo
copying pick_place_demo/__init__.py -> /home/fabin/turtlebot3_ws/build/pick_place_demo/build/lib/pick_place_demo
running install
running install_lib
creating /home/fabin/turtlebot3_ws/install/pick_place_demo/lib/python3.10/site-packages/pick_place_demo
copying /home/fabin/turtlebot3_ws/build/pick_place_demo/build/lib/pick_place_demo/node1.py -> /home/fabin/turtlebot3_ws/install/pick_place_demo/lib/python3.10/site-packages/pick_place_demo
copying /home/fabin/turtlebot3_ws/build/pick_place_demo/build/lib/pick_place_demo/__init__.py -> /home/fabin/turtlebot3_ws/install/pick_place_demo/lib/python3.10/site-packages/pick_place_demo
byte-compiling /home/fabin/turtlebot3_ws/install/pick_place_demo/lib/python3.10/site-packages/pick_place_demo/node1.py to node1.cpython-310.pyc
byte-compiling /home/fabin/turtlebot3_ws/install/pick_place_demo/lib/python3.10/site-packages/pick_place_demo/__init__.py to __init__.cpython-310.pyc
running install_data
copying resource/pick_place_demo -> /home/fabin/turtlebot3_ws/install/pick_place_demo/share/ament_index/resource_index/packages
copying package.xml -> /home/fabin/turtlebot3_ws/install/pick_place_demo/share/pick_place_demo
running install_egg_info
Copying ../../build/pick_place_demo/pick_place_demo.egg-info to /home/fabin/turtlebot3_ws/install/pick_place_demo/lib/python3.10/site-packages/pick_place_demo-0.0.0-py3.10.egg-info
running install_scripts
writing list of installed files to '/home/fabin/turtlebot3_ws/build/pick_place_demo/install.log'
