[2.320s] Invoking command in '/home/fabin/turtlebot3_ws/build/pick_place_demo': PYTHONPATH=/home/fabin/turtlebot3_ws/build/pick_place_demo/prefix_override:/usr/lib/python3/dist-packages/colcon_core/task/python/colcon_distutils_commands:/home/fabin/turtlebot3_ws/install/pick_place_demo/lib/python3.10/site-packages:${PYTHONPATH} /usr/bin/python3 -W ignore:setup.py install is deprecated -W ignore:easy_install command is deprecated setup.py develop --uninstall --editable --build-directory /home/fabin/turtlebot3_ws/build/pick_place_demo/build
[2.709s] running develop
[2.991s] Removing /home/fabin/turtlebot3_ws/install/pick_place_demo/lib/python3.10/site-packages/pick-place-demo.egg-link (link to .)
[3.293s] Invoked command in '/home/fabin/turtlebot3_ws/build/pick_place_demo' returned '0': PYTHONPATH=/home/fabin/turtlebot3_ws/build/pick_place_demo/prefix_override:/usr/lib/python3/dist-packages/colcon_core/task/python/colcon_distutils_commands:/home/fabin/turtlebot3_ws/install/pick_place_demo/lib/python3.10/site-packages:${PYTHONPATH} /usr/bin/python3 -W ignore:setup.py install is deprecated -W ignore:easy_install command is deprecated setup.py develop --uninstall --editable --build-directory /home/fabin/turtlebot3_ws/build/pick_place_demo/build
[3.294s] Invoking command in '/home/fabin/turtlebot3_ws/src/pick_place_demo': PYTHONPATH=/home/fabin/turtlebot3_ws/build/pick_place_demo/prefix_override:/usr/lib/python3/dist-packages/colcon_core/task/python/colcon_distutils_commands:/home/fabin/turtlebot3_ws/install/pick_place_demo/lib/python3.10/site-packages:${PYTHONPATH} /usr/bin/python3 -W ignore:setup.py install is deprecated -W ignore:easy_install command is deprecated setup.py egg_info --egg-base ../../build/pick_place_demo build --build-base /home/fabin/turtlebot3_ws/build/pick_place_demo/build install --record /home/fabin/turtlebot3_ws/build/pick_place_demo/install.log --single-version-externally-managed install_data --force
[3.699s] running egg_info
[3.700s] writing ../../build/pick_place_demo/pick_place_demo.egg-info/PKG-INFO
[3.700s] writing dependency_links to ../../build/pick_place_demo/pick_place_demo.egg-info/dependency_links.txt
[3.700s] writing entry points to ../../build/pick_place_demo/pick_place_demo.egg-info/entry_points.txt
[3.701s] writing requirements to ../../build/pick_place_demo/pick_place_demo.egg-info/requires.txt
[3.702s] writing top-level names to ../../build/pick_place_demo/pick_place_demo.egg-info/top_level.txt
[3.702s] reading manifest file '../../build/pick_place_demo/pick_place_demo.egg-info/SOURCES.txt'
[3.703s] writing manifest file '../../build/pick_place_demo/pick_place_demo.egg-info/SOURCES.txt'
[3.704s] running build
[3.704s] running build_py
[3.704s] creating /home/fabin/turtlebot3_ws/build/pick_place_demo/build
[3.704s] creating /home/fabin/turtlebot3_ws/build/pick_place_demo/build/lib
[3.704s] creating /home/fabin/turtlebot3_ws/build/pick_place_demo/build/lib/pick_place_demo
[3.705s] copying pick_place_demo/node1.py -> /home/fabin/turtlebot3_ws/build/pick_place_demo/build/lib/pick_place_demo
[3.705s] copying pick_place_demo/__init__.py -> /home/fabin/turtlebot3_ws/build/pick_place_demo/build/lib/pick_place_demo
[3.705s] running install
[3.705s] running install_lib
[3.707s] creating /home/fabin/turtlebot3_ws/install/pick_place_demo/lib/python3.10/site-packages/pick_place_demo
[3.708s] copying /home/fabin/turtlebot3_ws/build/pick_place_demo/build/lib/pick_place_demo/node1.py -> /home/fabin/turtlebot3_ws/install/pick_place_demo/lib/python3.10/site-packages/pick_place_demo
[3.709s] copying /home/fabin/turtlebot3_ws/build/pick_place_demo/build/lib/pick_place_demo/__init__.py -> /home/fabin/turtlebot3_ws/install/pick_place_demo/lib/python3.10/site-packages/pick_place_demo
[3.709s] byte-compiling /home/fabin/turtlebot3_ws/install/pick_place_demo/lib/python3.10/site-packages/pick_place_demo/node1.py to node1.cpython-310.pyc
[3.709s] byte-compiling /home/fabin/turtlebot3_ws/install/pick_place_demo/lib/python3.10/site-packages/pick_place_demo/__init__.py to __init__.cpython-310.pyc
[3.709s] running install_data
[3.710s] copying resource/pick_place_demo -> /home/fabin/turtlebot3_ws/install/pick_place_demo/share/ament_index/resource_index/packages
[3.710s] copying package.xml -> /home/fabin/turtlebot3_ws/install/pick_place_demo/share/pick_place_demo
[3.710s] running install_egg_info
[3.713s] Copying ../../build/pick_place_demo/pick_place_demo.egg-info to /home/fabin/turtlebot3_ws/install/pick_place_demo/lib/python3.10/site-packages/pick_place_demo-0.0.0-py3.10.egg-info
[3.714s] running install_scripts
[3.756s] writing list of installed files to '/home/fabin/turtlebot3_ws/build/pick_place_demo/install.log'
[3.817s] Invoked command in '/home/fabin/turtlebot3_ws/src/pick_place_demo' returned '0': PYTHONPATH=/home/fabin/turtlebot3_ws/build/pick_place_demo/prefix_override:/usr/lib/python3/dist-packages/colcon_core/task/python/colcon_distutils_commands:/home/fabin/turtlebot3_ws/install/pick_place_demo/lib/python3.10/site-packages:${PYTHONPATH} /usr/bin/python3 -W ignore:setup.py install is deprecated -W ignore:easy_install command is deprecated setup.py egg_info --egg-base ../../build/pick_place_demo build --build-base /home/fabin/turtlebot3_ws/build/pick_place_demo/build install --record /home/fabin/turtlebot3_ws/build/pick_place_demo/install.log --single-version-externally-managed install_data --force
