[2.247s] Invoking command in '/home/fabin/turtlebot3_ws/build/pick_place_demo': PYTHONPATH=/home/fabin/turtlebot3_ws/build/pick_place_demo/prefix_override:/usr/lib/python3/dist-packages/colcon_core/task/python/colcon_distutils_commands:/home/fabin/turtlebot3_ws/install/pick_place_demo/lib/python3.10/site-packages:${PYTHONPATH} /usr/bin/python3 -W ignore:setup.py install is deprecated -W ignore:easy_install command is deprecated setup.py develop --editable --build-directory /home/fabin/turtlebot3_ws/build/pick_place_demo/build --no-deps symlink_data
[2.570s] running develop
[2.811s] running egg_info
[2.811s] creating pick_place_demo.egg-info
[2.814s] writing pick_place_demo.egg-info/PKG-INFO
[2.814s] writing dependency_links to pick_place_demo.egg-info/dependency_links.txt
[2.814s] writing entry points to pick_place_demo.egg-info/entry_points.txt
[2.814s] writing requirements to pick_place_demo.egg-info/requires.txt
[2.815s] writing top-level names to pick_place_demo.egg-info/top_level.txt
[2.815s] writing manifest file 'pick_place_demo.egg-info/SOURCES.txt'
[2.815s] reading manifest file 'pick_place_demo.egg-info/SOURCES.txt'
[2.816s] writing manifest file 'pick_place_demo.egg-info/SOURCES.txt'
[2.820s] running build_ext
[2.821s] Creating /home/fabin/turtlebot3_ws/install/pick_place_demo/lib/python3.10/site-packages/pick-place-demo.egg-link (link to .)
[2.821s] 
[2.821s] Installed /home/fabin/turtlebot3_ws/build/pick_place_demo
[2.821s] running symlink_data
[2.821s] creating /home/fabin/turtlebot3_ws/install/pick_place_demo/share/ament_index
[2.821s] creating /home/fabin/turtlebot3_ws/install/pick_place_demo/share/ament_index/resource_index
[2.821s] creating /home/fabin/turtlebot3_ws/install/pick_place_demo/share/ament_index/resource_index/packages
[2.822s] symbolically linking /home/fabin/turtlebot3_ws/build/pick_place_demo/resource/pick_place_demo -> /home/fabin/turtlebot3_ws/install/pick_place_demo/share/ament_index/resource_index/packages
[2.822s] symbolically linking /home/fabin/turtlebot3_ws/build/pick_place_demo/package.xml -> /home/fabin/turtlebot3_ws/install/pick_place_demo/share/pick_place_demo
[2.926s] Invoked command in '/home/fabin/turtlebot3_ws/build/pick_place_demo' returned '0': PYTHONPATH=/home/fabin/turtlebot3_ws/build/pick_place_demo/prefix_override:/usr/lib/python3/dist-packages/colcon_core/task/python/colcon_distutils_commands:/home/fabin/turtlebot3_ws/install/pick_place_demo/lib/python3.10/site-packages:${PYTHONPATH} /usr/bin/python3 -W ignore:setup.py install is deprecated -W ignore:easy_install command is deprecated setup.py develop --editable --build-directory /home/fabin/turtlebot3_ws/build/pick_place_demo/build --no-deps symlink_data
