[1.736s] Invoking command in '/home/fabin/turtlebot3_ws/src/tb3_arm_logger': PYTHONPATH=/home/fabin/turtlebot3_ws/build/tb3_arm_logger/prefix_override:/usr/lib/python3/dist-packages/colcon_core/task/python/colcon_distutils_commands:/home/fabin/turtlebot3_ws/install/tb3_arm_logger/lib/python3.10/site-packages:${PYTHONPATH} /usr/bin/python3 -W ignore:setup.py install is deprecated -W ignore:easy_install command is deprecated setup.py egg_info --egg-base ../../build/tb3_arm_logger build --build-base /home/fabin/turtlebot3_ws/build/tb3_arm_logger/build install --record /home/fabin/turtlebot3_ws/build/tb3_arm_logger/install.log --single-version-externally-managed
[2.006s] running egg_info
[2.006s] writing ../../build/tb3_arm_logger/tb3_arm_logger.egg-info/PKG-INFO
[2.006s] writing dependency_links to ../../build/tb3_arm_logger/tb3_arm_logger.egg-info/dependency_links.txt
[2.006s] writing entry points to ../../build/tb3_arm_logger/tb3_arm_logger.egg-info/entry_points.txt
[2.006s] writing requirements to ../../build/tb3_arm_logger/tb3_arm_logger.egg-info/requires.txt
[2.006s] writing top-level names to ../../build/tb3_arm_logger/tb3_arm_logger.egg-info/top_level.txt
[2.006s] reading manifest file '../../build/tb3_arm_logger/tb3_arm_logger.egg-info/SOURCES.txt'
[2.006s] writing manifest file '../../build/tb3_arm_logger/tb3_arm_logger.egg-info/SOURCES.txt'
[2.006s] running build
[2.006s] running build_py
[2.006s] running install
[2.006s] running install_lib
[2.006s] running install_egg_info
[2.006s] removing '/home/fabin/turtlebot3_ws/install/tb3_arm_logger/lib/python3.10/site-packages/tb3_arm_logger-0.0.1-py3.10.egg-info' (and everything under it)
[2.006s] Copying ../../build/tb3_arm_logger/tb3_arm_logger.egg-info to /home/fabin/turtlebot3_ws/install/tb3_arm_logger/lib/python3.10/site-packages/tb3_arm_logger-0.0.1-py3.10.egg-info
[2.007s] running install_scripts
[2.007s] Installing tb3_hdf5_logger script to /home/fabin/turtlebot3_ws/install/tb3_arm_logger/lib/tb3_arm_logger
[2.007s] writing list of installed files to '/home/fabin/turtlebot3_ws/build/tb3_arm_logger/install.log'
[2.064s] Invoked command in '/home/fabin/turtlebot3_ws/src/tb3_arm_logger' returned '0': PYTHONPATH=/home/fabin/turtlebot3_ws/build/tb3_arm_logger/prefix_override:/usr/lib/python3/dist-packages/colcon_core/task/python/colcon_distutils_commands:/home/fabin/turtlebot3_ws/install/tb3_arm_logger/lib/python3.10/site-packages:${PYTHONPATH} /usr/bin/python3 -W ignore:setup.py install is deprecated -W ignore:easy_install command is deprecated setup.py egg_info --egg-base ../../build/tb3_arm_logger build --build-base /home/fabin/turtlebot3_ws/build/tb3_arm_logger/build install --record /home/fabin/turtlebot3_ws/build/tb3_arm_logger/install.log --single-version-externally-managed
