/home/fabin/PycharmProjects/turtlebot3_research_project/install/tb3_arm_ctrl/lib/python3.10/site-packages/tb3_arm_ctrl/ctrl_node.py
/home/fabin/PycharmProjects/turtlebot3_research_project/install/tb3_arm_ctrl/lib/python3.10/site-packages/tb3_arm_ctrl/__init__.py
/home/fabin/PycharmProjects/turtlebot3_research_project/install/tb3_arm_ctrl/lib/python3.10/site-packages/tb3_arm_ctrl/ik_node.py
/home/fabin/PycharmProjects/turtlebot3_research_project/install/tb3_arm_ctrl/lib/python3.10/site-packages/tb3_arm_ctrl/goal_node.py
/home/fabin/PycharmProjects/turtlebot3_research_project/install/tb3_arm_ctrl/lib/python3.10/site-packages/tb3_arm_ctrl/__pycache__/ctrl_node.cpython-310.pyc
/home/fabin/PycharmProjects/turtlebot3_research_project/install/tb3_arm_ctrl/lib/python3.10/site-packages/tb3_arm_ctrl/__pycache__/__init__.cpython-310.pyc
/home/fabin/PycharmProjects/turtlebot3_research_project/install/tb3_arm_ctrl/lib/python3.10/site-packages/tb3_arm_ctrl/__pycache__/ik_node.cpython-310.pyc
/home/fabin/PycharmProjects/turtlebot3_research_project/install/tb3_arm_ctrl/lib/python3.10/site-packages/tb3_arm_ctrl/__pycache__/goal_node.cpython-310.pyc
/home/fabin/PycharmProjects/turtlebot3_research_project/install/tb3_arm_ctrl/share/ament_index/resource_index/packages/tb3_arm_ctrl
/home/fabin/PycharmProjects/turtlebot3_research_project/install/tb3_arm_ctrl/share/tb3_arm_ctrl/package.xml
/home/fabin/PycharmProjects/turtlebot3_research_project/install/tb3_arm_ctrl/lib/python3.10/site-packages/tb3_arm_ctrl-0.0.1-py3.10.egg-info/PKG-INFO
/home/fabin/PycharmProjects/turtlebot3_research_project/install/tb3_arm_ctrl/lib/python3.10/site-packages/tb3_arm_ctrl-0.0.1-py3.10.egg-info/requires.txt
/home/fabin/PycharmProjects/turtlebot3_research_project/install/tb3_arm_ctrl/lib/python3.10/site-packages/tb3_arm_ctrl-0.0.1-py3.10.egg-info/top_level.txt
/home/fabin/PycharmProjects/turtlebot3_research_project/install/tb3_arm_ctrl/lib/python3.10/site-packages/tb3_arm_ctrl-0.0.1-py3.10.egg-info/entry_points.txt
/home/fabin/PycharmProjects/turtlebot3_research_project/install/tb3_arm_ctrl/lib/python3.10/site-packages/tb3_arm_ctrl-0.0.1-py3.10.egg-info/SOURCES.txt
/home/fabin/PycharmProjects/turtlebot3_research_project/install/tb3_arm_ctrl/lib/python3.10/site-packages/tb3_arm_ctrl-0.0.1-py3.10.egg-info/dependency_links.txt
/home/fabin/PycharmProjects/turtlebot3_research_project/install/tb3_arm_ctrl/lib/python3.10/site-packages/tb3_arm_ctrl-0.0.1-py3.10.egg-info/zip-safe
/home/fabin/PycharmProjects/turtlebot3_research_project/install/tb3_arm_ctrl/lib/tb3_arm_ctrl/ctrl_node
/home/fabin/PycharmProjects/turtlebot3_research_project/install/tb3_arm_ctrl/lib/tb3_arm_ctrl/goal_node
/home/fabin/PycharmProjects/turtlebot3_research_project/install/tb3_arm_ctrl/lib/tb3_arm_ctrl/ik_node
