running develop
Removing /home/fabin/turtlebot3_ws/install/tb3_arm_logger/lib/python3.10/site-packages/tb3-arm-logger.egg-link (link to .)
running egg_info
writing ../../build/tb3_arm_logger/tb3_arm_logger.egg-info/PKG-INFO
writing dependency_links to ../../build/tb3_arm_logger/tb3_arm_logger.egg-info/dependency_links.txt
writing entry points to ../../build/tb3_arm_logger/tb3_arm_logger.egg-info/entry_points.txt
writing requirements to ../../build/tb3_arm_logger/tb3_arm_logger.egg-info/requires.txt
writing top-level names to ../../build/tb3_arm_logger/tb3_arm_logger.egg-info/top_level.txt
reading manifest file '../../build/tb3_arm_logger/tb3_arm_logger.egg-info/SOURCES.txt'
writing manifest file '../../build/tb3_arm_logger/tb3_arm_logger.egg-info/SOURCES.txt'
running build
running build_py
creating /home/fabin/turtlebot3_ws/build/tb3_arm_logger/build
creating /home/fabin/turtlebot3_ws/build/tb3_arm_logger/build/lib
creating /home/fabin/turtlebot3_ws/build/tb3_arm_logger/build/lib/tb3_arm_logger
copying tb3_arm_logger/__init__.py -> /home/fabin/turtlebot3_ws/build/tb3_arm_logger/build/lib/tb3_arm_logger
copying tb3_arm_logger/tb3_hdf5_logger.py -> /home/fabin/turtlebot3_ws/build/tb3_arm_logger/build/lib/tb3_arm_logger
running install
running install_lib
creating /home/fabin/turtlebot3_ws/install/tb3_arm_logger/lib/python3.10/site-packages/tb3_arm_logger
copying /home/fabin/turtlebot3_ws/build/tb3_arm_logger/build/lib/tb3_arm_logger/__init__.py -> /home/fabin/turtlebot3_ws/install/tb3_arm_logger/lib/python3.10/site-packages/tb3_arm_logger
copying /home/fabin/turtlebot3_ws/build/tb3_arm_logger/build/lib/tb3_arm_logger/tb3_hdf5_logger.py -> /home/fabin/turtlebot3_ws/install/tb3_arm_logger/lib/python3.10/site-packages/tb3_arm_logger
byte-compiling /home/fabin/turtlebot3_ws/install/tb3_arm_logger/lib/python3.10/site-packages/tb3_arm_logger/__init__.py to __init__.cpython-310.pyc
byte-compiling /home/fabin/turtlebot3_ws/install/tb3_arm_logger/lib/python3.10/site-packages/tb3_arm_logger/tb3_hdf5_logger.py to tb3_hdf5_logger.cpython-310.pyc
running install_egg_info
Copying ../../build/tb3_arm_logger/tb3_arm_logger.egg-info to /home/fabin/turtlebot3_ws/install/tb3_arm_logger/lib/python3.10/site-packages/tb3_arm_logger-0.0.1-py3.10.egg-info
running install_scripts
Installing tb3_hdf5_logger script to /home/fabin/turtlebot3_ws/install/tb3_arm_logger/lib/tb3_arm_logger
writing list of installed files to '/home/fabin/turtlebot3_ws/build/tb3_arm_logger/install.log'
