[1.493s] Invoking command in '/home/fabin/PycharmProjects/turtlebot3_research_project/src/tb3_arm_logger': PYTHONPATH=/home/fabin/PycharmProjects/turtlebot3_research_project/build/tb3_arm_logger/prefix_override:/usr/lib/python3/dist-packages/colcon_core/task/python/colcon_distutils_commands:/home/fabin/PycharmProjects/turtlebot3_research_project/install/tb3_arm_logger/lib/python3.10/site-packages:${PYTHONPATH} /usr/bin/python3 -W ignore:setup.py install is deprecated -W ignore:easy_install command is deprecated setup.py egg_info --egg-base ../../build/tb3_arm_logger build --build-base /home/fabin/PycharmProjects/turtlebot3_research_project/build/tb3_arm_logger/build install --record /home/fabin/PycharmProjects/turtlebot3_research_project/build/tb3_arm_logger/install.log --single-version-externally-managed
[1.704s] running egg_info
[1.705s] writing ../../build/tb3_arm_logger/tb3_arm_logger.egg-info/PKG-INFO
[1.705s] writing dependency_links to ../../build/tb3_arm_logger/tb3_arm_logger.egg-info/dependency_links.txt
[1.705s] writing entry points to ../../build/tb3_arm_logger/tb3_arm_logger.egg-info/entry_points.txt
[1.706s] writing requirements to ../../build/tb3_arm_logger/tb3_arm_logger.egg-info/requires.txt
[1.706s] writing top-level names to ../../build/tb3_arm_logger/tb3_arm_logger.egg-info/top_level.txt
[1.707s] reading manifest file '../../build/tb3_arm_logger/tb3_arm_logger.egg-info/SOURCES.txt'
[1.708s] writing manifest file '../../build/tb3_arm_logger/tb3_arm_logger.egg-info/SOURCES.txt'
[1.708s] running build
[1.708s] running build_py
[1.708s] copying tb3_arm_logger/__init__.py -> /home/fabin/PycharmProjects/turtlebot3_research_project/build/tb3_arm_logger/build/lib/tb3_arm_logger
[1.708s] copying tb3_arm_logger/tb3_hdf5_logger.py -> /home/fabin/PycharmProjects/turtlebot3_research_project/build/tb3_arm_logger/build/lib/tb3_arm_logger
[1.708s] running install
[1.709s] running install_lib
[1.709s] copying /home/fabin/PycharmProjects/turtlebot3_research_project/build/tb3_arm_logger/build/lib/tb3_arm_logger/__init__.py -> /home/fabin/PycharmProjects/turtlebot3_research_project/install/tb3_arm_logger/lib/python3.10/site-packages/tb3_arm_logger
[1.709s] copying /home/fabin/PycharmProjects/turtlebot3_research_project/build/tb3_arm_logger/build/lib/tb3_arm_logger/tb3_hdf5_logger.py -> /home/fabin/PycharmProjects/turtlebot3_research_project/install/tb3_arm_logger/lib/python3.10/site-packages/tb3_arm_logger
[1.710s] byte-compiling /home/fabin/PycharmProjects/turtlebot3_research_project/install/tb3_arm_logger/lib/python3.10/site-packages/tb3_arm_logger/tb3_hdf5_logger.py to tb3_hdf5_logger.cpython-310.pyc
[1.711s] running install_egg_info
[1.712s] removing '/home/fabin/PycharmProjects/turtlebot3_research_project/install/tb3_arm_logger/lib/python3.10/site-packages/tb3_arm_logger-0.0.1-py3.10.egg-info' (and everything under it)
[1.713s] Copying ../../build/tb3_arm_logger/tb3_arm_logger.egg-info to /home/fabin/PycharmProjects/turtlebot3_research_project/install/tb3_arm_logger/lib/python3.10/site-packages/tb3_arm_logger-0.0.1-py3.10.egg-info
[1.714s] running install_scripts
[1.733s] Installing tb3_hdf5_logger script to /home/fabin/PycharmProjects/turtlebot3_research_project/install/tb3_arm_logger/lib/tb3_arm_logger
[1.733s] writing list of installed files to '/home/fabin/PycharmProjects/turtlebot3_research_project/build/tb3_arm_logger/install.log'
[1.790s] Invoked command in '/home/fabin/PycharmProjects/turtlebot3_research_project/src/tb3_arm_logger' returned '0': PYTHONPATH=/home/fabin/PycharmProjects/turtlebot3_research_project/build/tb3_arm_logger/prefix_override:/usr/lib/python3/dist-packages/colcon_core/task/python/colcon_distutils_commands:/home/fabin/PycharmProjects/turtlebot3_research_project/install/tb3_arm_logger/lib/python3.10/site-packages:${PYTHONPATH} /usr/bin/python3 -W ignore:setup.py install is deprecated -W ignore:easy_install command is deprecated setup.py egg_info --egg-base ../../build/tb3_arm_logger build --build-base /home/fabin/PycharmProjects/turtlebot3_research_project/build/tb3_arm_logger/build install --record /home/fabin/PycharmProjects/turtlebot3_research_project/build/tb3_arm_logger/install.log --single-version-externally-managed
