[0.333s] Invoking command in '/home/fabin/turtlebot3_ws/build/turtlebot3_fake_node': CMAKE_PREFIX_PATH=/home/fabin/turtlebot3_ws/install/turtlebot3_msgs:/home/fabin/turtlebot3_ws/install/turtlebot3:/home/fabin/turtlebot3_ws/install/turtlebot3_simulations:/home/fabin/turtlebot3_ws/install/turtlebot3_bringup:/home/fabin/turtlebot3_ws/install/turtlebot3_node:/home/fabin/turtlebot3_ws/install/turtlebot3_navigation2:/home/fabin/turtlebot3_ws/install/turtlebot3_fake_node:/home/fabin/turtlebot3_ws/install/turtlebot3_manipulation:/home/fabin/turtlebot3_ws/install/turtlebot3_manipulation_teleop:/home/fabin/turtlebot3_ws/install/turtlebot3_manipulation_navigation2:/home/fabin/turtlebot3_ws/install/turtlebot3_manipulation_moveit_config:/home/fabin/turtlebot3_ws/install/turtlebot3_manipulation_hardware:/home/fabin/turtlebot3_ws/install/turtlebot3_manipulation_gazebo:/home/fabin/turtlebot3_ws/install/turtlebot3_manipulation_bringup:/home/fabin/turtlebot3_ws/install/turtlebot3_manipulation_description:/home/fabin/turtlebot3_ws/install/turtlebot3_manipulation_cartographer:/home/fabin/turtlebot3_ws/install/turtlebot3_gazebo:/home/fabin/turtlebot3_ws/install/turtlebot3_description:/home/fabin/turtlebot3_ws/install/turtlebot3_cartographer:/home/fabin/turtlebot3_ws/install/dynamixel_sdk_examples:/home/fabin/turtlebot3_ws/install/dynamixel_sdk_custom_interfaces:/home/fabin/turtlebot3_ws/install/dynamixel_sdk:/home/fabin/turtlebot3_ws/install/turtlebot3_teleop:/home/fabin/turtlebot3_ws/install/turtlebot3_example:/home/fabin/turtlebot3_ws/install/tb3_ik:/home/fabin/turtlebot3_ws/install/tb3_arm_logger:/home/fabin/turtlebot3_ws/install/tb3_arm_ctrl:/home/fabin/turtlebot3_ws/install/pick_place_demo:/opt/ros/humble LD_LIBRARY_PATH=/home/fabin/turtlebot3_ws/install/turtlebot3_msgs/lib:/home/fabin/turtlebot3_ws/install/turtlebot3_manipulation_hardware/lib:/home/fabin/turtlebot3_ws/install/dynamixel_sdk_custom_interfaces/lib:/home/fabin/turtlebot3_ws/install/dynamixel_sdk/lib:/usr/lib/x86_64-linux-gnu/gazebo-11/plugins:/opt/ros/humble/opt/rviz_ogre_vendor/lib:/opt/ros/humble/lib/x86_64-linux-gnu:/opt/ros/humble/lib:/usr/lib/x86_64-linux-gnu/gazebo-11/plugins /usr/bin/cmake /home/fabin/turtlebot3_ws/src/turtlebot3_simulations/turtlebot3_fake_node -DAMENT_CMAKE_SYMLINK_INSTALL=1 -DCMAKE_INSTALL_PREFIX=/home/fabin/turtlebot3_ws/install/turtlebot3_fake_node
[0.406s] -- The C compiler identification is GNU 11.4.0
[0.483s] -- The CXX compiler identification is GNU 11.4.0
[0.493s] -- Detecting C compiler ABI info
[0.590s] -- Detecting C compiler ABI info - done
[0.600s] -- Check for working C compiler: /usr/bin/cc - skipped
[0.600s] -- Detecting C compile features
[0.601s] -- Detecting C compile features - done
[0.605s] -- Detecting CXX compiler ABI info
[0.717s] -- Detecting CXX compiler ABI info - done
[0.727s] -- Check for working CXX compiler: /usr/bin/c++ - skipped
[0.727s] -- Detecting CXX compile features
[0.728s] -- Detecting CXX compile features - done
[0.735s] -- Found ament_cmake: 1.3.12 (/opt/ros/humble/share/ament_cmake/cmake)
[0.950s] -- Found Python3: /usr/bin/python3 (found version "3.10.12") found components: Interpreter 
[1.032s] -- Override CMake install command with custom implementation using symlinks instead of copying resources
[1.125s] -- Found geometry_msgs: 4.9.0 (/opt/ros/humble/share/geometry_msgs/cmake)
[1.212s] -- Found rosidl_generator_c: 3.1.7 (/opt/ros/humble/share/rosidl_generator_c/cmake)
[1.227s] -- Found rosidl_adapter: 3.1.7 (/opt/ros/humble/share/rosidl_adapter/cmake)
[1.246s] -- Found rosidl_generator_cpp: 3.1.7 (/opt/ros/humble/share/rosidl_generator_cpp/cmake)
[1.271s] -- Using all available rosidl_typesupport_c: rosidl_typesupport_fastrtps_c;rosidl_typesupport_introspection_c
[1.307s] -- Using all available rosidl_typesupport_cpp: rosidl_typesupport_fastrtps_cpp;rosidl_typesupport_introspection_cpp
[1.373s] -- Found nav_msgs: 4.9.0 (/opt/ros/humble/share/nav_msgs/cmake)
[1.397s] -- Found rclcpp: 16.0.15 (/opt/ros/humble/share/rclcpp/cmake)
[1.474s] -- Found rmw_implementation_cmake: 6.1.2 (/opt/ros/humble/share/rmw_implementation_cmake/cmake)
[1.481s] -- Found rmw_fastrtps_cpp: 6.2.9 (/opt/ros/humble/share/rmw_fastrtps_cpp/cmake)
[1.624s] -- Found OpenSSL: /usr/lib/x86_64-linux-gnu/libcrypto.so (found version "3.0.2")  
[1.668s] -- Found FastRTPS: /opt/ros/humble/include  
[1.733s] -- Using RMW implementation 'rmw_fastrtps_cpp' as default
[1.756s] -- Looking for pthread.h
[1.838s] -- Looking for pthread.h - found
[1.838s] -- Performing Test CMAKE_HAVE_LIBC_PTHREAD
[1.918s] -- Performing Test CMAKE_HAVE_LIBC_PTHREAD - Success
[1.920s] -- Found Threads: TRUE  
[1.970s] -- Found sensor_msgs: 4.9.0 (/opt/ros/humble/share/sensor_msgs/cmake)
[1.990s] -- Found tf2: 0.25.16 (/opt/ros/humble/share/tf2/cmake)
[2.013s] -- Found tf2_msgs: 0.25.16 (/opt/ros/humble/share/tf2_msgs/cmake)
[2.075s] -- Found turtlebot3_msgs: 2.4.0 (/home/fabin/turtlebot3_ws/install/turtlebot3_msgs/share/turtlebot3_msgs/cmake)
[2.202s] -- Configuring done
[2.237s] -- Generating done
[2.252s] -- Build files have been written to: /home/fabin/turtlebot3_ws/build/turtlebot3_fake_node
[2.301s] Invoked command in '/home/fabin/turtlebot3_ws/build/turtlebot3_fake_node' returned '0': CMAKE_PREFIX_PATH=/home/fabin/turtlebot3_ws/install/turtlebot3_msgs:/home/fabin/turtlebot3_ws/install/turtlebot3:/home/fabin/turtlebot3_ws/install/turtlebot3_simulations:/home/fabin/turtlebot3_ws/install/turtlebot3_bringup:/home/fabin/turtlebot3_ws/install/turtlebot3_node:/home/fabin/turtlebot3_ws/install/turtlebot3_navigation2:/home/fabin/turtlebot3_ws/install/turtlebot3_fake_node:/home/fabin/turtlebot3_ws/install/turtlebot3_manipulation:/home/fabin/turtlebot3_ws/install/turtlebot3_manipulation_teleop:/home/fabin/turtlebot3_ws/install/turtlebot3_manipulation_navigation2:/home/fabin/turtlebot3_ws/install/turtlebot3_manipulation_moveit_config:/home/fabin/turtlebot3_ws/install/turtlebot3_manipulation_hardware:/home/fabin/turtlebot3_ws/install/turtlebot3_manipulation_gazebo:/home/fabin/turtlebot3_ws/install/turtlebot3_manipulation_bringup:/home/fabin/turtlebot3_ws/install/turtlebot3_manipulation_description:/home/fabin/turtlebot3_ws/install/turtlebot3_manipulation_cartographer:/home/fabin/turtlebot3_ws/install/turtlebot3_gazebo:/home/fabin/turtlebot3_ws/install/turtlebot3_description:/home/fabin/turtlebot3_ws/install/turtlebot3_cartographer:/home/fabin/turtlebot3_ws/install/dynamixel_sdk_examples:/home/fabin/turtlebot3_ws/install/dynamixel_sdk_custom_interfaces:/home/fabin/turtlebot3_ws/install/dynamixel_sdk:/home/fabin/turtlebot3_ws/install/turtlebot3_teleop:/home/fabin/turtlebot3_ws/install/turtlebot3_example:/home/fabin/turtlebot3_ws/install/tb3_ik:/home/fabin/turtlebot3_ws/install/tb3_arm_logger:/home/fabin/turtlebot3_ws/install/tb3_arm_ctrl:/home/fabin/turtlebot3_ws/install/pick_place_demo:/opt/ros/humble LD_LIBRARY_PATH=/home/fabin/turtlebot3_ws/install/turtlebot3_msgs/lib:/home/fabin/turtlebot3_ws/install/turtlebot3_manipulation_hardware/lib:/home/fabin/turtlebot3_ws/install/dynamixel_sdk_custom_interfaces/lib:/home/fabin/turtlebot3_ws/install/dynamixel_sdk/lib:/usr/lib/x86_64-linux-gnu/gazebo-11/plugins:/opt/ros/humble/opt/rviz_ogre_vendor/lib:/opt/ros/humble/lib/x86_64-linux-gnu:/opt/ros/humble/lib:/usr/lib/x86_64-linux-gnu/gazebo-11/plugins /usr/bin/cmake /home/fabin/turtlebot3_ws/src/turtlebot3_simulations/turtlebot3_fake_node -DAMENT_CMAKE_SYMLINK_INSTALL=1 -DCMAKE_INSTALL_PREFIX=/home/fabin/turtlebot3_ws/install/turtlebot3_fake_node
[2.301s] Invoking command in '/home/fabin/turtlebot3_ws/build/turtlebot3_fake_node': CMAKE_PREFIX_PATH=/home/fabin/turtlebot3_ws/install/turtlebot3_msgs:/home/fabin/turtlebot3_ws/install/turtlebot3:/home/fabin/turtlebot3_ws/install/turtlebot3_simulations:/home/fabin/turtlebot3_ws/install/turtlebot3_bringup:/home/fabin/turtlebot3_ws/install/turtlebot3_node:/home/fabin/turtlebot3_ws/install/turtlebot3_navigation2:/home/fabin/turtlebot3_ws/install/turtlebot3_fake_node:/home/fabin/turtlebot3_ws/install/turtlebot3_manipulation:/home/fabin/turtlebot3_ws/install/turtlebot3_manipulation_teleop:/home/fabin/turtlebot3_ws/install/turtlebot3_manipulation_navigation2:/home/fabin/turtlebot3_ws/install/turtlebot3_manipulation_moveit_config:/home/fabin/turtlebot3_ws/install/turtlebot3_manipulation_hardware:/home/fabin/turtlebot3_ws/install/turtlebot3_manipulation_gazebo:/home/fabin/turtlebot3_ws/install/turtlebot3_manipulation_bringup:/home/fabin/turtlebot3_ws/install/turtlebot3_manipulation_description:/home/fabin/turtlebot3_ws/install/turtlebot3_manipulation_cartographer:/home/fabin/turtlebot3_ws/install/turtlebot3_gazebo:/home/fabin/turtlebot3_ws/install/turtlebot3_description:/home/fabin/turtlebot3_ws/install/turtlebot3_cartographer:/home/fabin/turtlebot3_ws/install/dynamixel_sdk_examples:/home/fabin/turtlebot3_ws/install/dynamixel_sdk_custom_interfaces:/home/fabin/turtlebot3_ws/install/dynamixel_sdk:/home/fabin/turtlebot3_ws/install/turtlebot3_teleop:/home/fabin/turtlebot3_ws/install/turtlebot3_example:/home/fabin/turtlebot3_ws/install/tb3_ik:/home/fabin/turtlebot3_ws/install/tb3_arm_logger:/home/fabin/turtlebot3_ws/install/tb3_arm_ctrl:/home/fabin/turtlebot3_ws/install/pick_place_demo:/opt/ros/humble LD_LIBRARY_PATH=/home/fabin/turtlebot3_ws/install/turtlebot3_msgs/lib:/home/fabin/turtlebot3_ws/install/turtlebot3_manipulation_hardware/lib:/home/fabin/turtlebot3_ws/install/dynamixel_sdk_custom_interfaces/lib:/home/fabin/turtlebot3_ws/install/dynamixel_sdk/lib:/usr/lib/x86_64-linux-gnu/gazebo-11/plugins:/opt/ros/humble/opt/rviz_ogre_vendor/lib:/opt/ros/humble/lib/x86_64-linux-gnu:/opt/ros/humble/lib:/usr/lib/x86_64-linux-gnu/gazebo-11/plugins /usr/bin/cmake --build /home/fabin/turtlebot3_ws/build/turtlebot3_fake_node -- -j16 -l16
[2.458s] [ 50%] [32mBuilding CXX object CMakeFiles/turtlebot3_fake_node.dir/src/turtlebot3_fake_node.cpp.o[0m
[13.197s] [100%] [32m[1mLinking CXX executable turtlebot3_fake_node[0m
[13.566s] [100%] Built target turtlebot3_fake_node
[13.578s] Invoked command in '/home/fabin/turtlebot3_ws/build/turtlebot3_fake_node' returned '0': CMAKE_PREFIX_PATH=/home/fabin/turtlebot3_ws/install/turtlebot3_msgs:/home/fabin/turtlebot3_ws/install/turtlebot3:/home/fabin/turtlebot3_ws/install/turtlebot3_simulations:/home/fabin/turtlebot3_ws/install/turtlebot3_bringup:/home/fabin/turtlebot3_ws/install/turtlebot3_node:/home/fabin/turtlebot3_ws/install/turtlebot3_navigation2:/home/fabin/turtlebot3_ws/install/turtlebot3_fake_node:/home/fabin/turtlebot3_ws/install/turtlebot3_manipulation:/home/fabin/turtlebot3_ws/install/turtlebot3_manipulation_teleop:/home/fabin/turtlebot3_ws/install/turtlebot3_manipulation_navigation2:/home/fabin/turtlebot3_ws/install/turtlebot3_manipulation_moveit_config:/home/fabin/turtlebot3_ws/install/turtlebot3_manipulation_hardware:/home/fabin/turtlebot3_ws/install/turtlebot3_manipulation_gazebo:/home/fabin/turtlebot3_ws/install/turtlebot3_manipulation_bringup:/home/fabin/turtlebot3_ws/install/turtlebot3_manipulation_description:/home/fabin/turtlebot3_ws/install/turtlebot3_manipulation_cartographer:/home/fabin/turtlebot3_ws/install/turtlebot3_gazebo:/home/fabin/turtlebot3_ws/install/turtlebot3_description:/home/fabin/turtlebot3_ws/install/turtlebot3_cartographer:/home/fabin/turtlebot3_ws/install/dynamixel_sdk_examples:/home/fabin/turtlebot3_ws/install/dynamixel_sdk_custom_interfaces:/home/fabin/turtlebot3_ws/install/dynamixel_sdk:/home/fabin/turtlebot3_ws/install/turtlebot3_teleop:/home/fabin/turtlebot3_ws/install/turtlebot3_example:/home/fabin/turtlebot3_ws/install/tb3_ik:/home/fabin/turtlebot3_ws/install/tb3_arm_logger:/home/fabin/turtlebot3_ws/install/tb3_arm_ctrl:/home/fabin/turtlebot3_ws/install/pick_place_demo:/opt/ros/humble LD_LIBRARY_PATH=/home/fabin/turtlebot3_ws/install/turtlebot3_msgs/lib:/home/fabin/turtlebot3_ws/install/turtlebot3_manipulation_hardware/lib:/home/fabin/turtlebot3_ws/install/dynamixel_sdk_custom_interfaces/lib:/home/fabin/turtlebot3_ws/install/dynamixel_sdk/lib:/usr/lib/x86_64-linux-gnu/gazebo-11/plugins:/opt/ros/humble/opt/rviz_ogre_vendor/lib:/opt/ros/humble/lib/x86_64-linux-gnu:/opt/ros/humble/lib:/usr/lib/x86_64-linux-gnu/gazebo-11/plugins /usr/bin/cmake --build /home/fabin/turtlebot3_ws/build/turtlebot3_fake_node -- -j16 -l16
[13.579s] Invoking command in '/home/fabin/turtlebot3_ws/build/turtlebot3_fake_node': CMAKE_PREFIX_PATH=/home/fabin/turtlebot3_ws/install/turtlebot3_msgs:/home/fabin/turtlebot3_ws/install/turtlebot3:/home/fabin/turtlebot3_ws/install/turtlebot3_simulations:/home/fabin/turtlebot3_ws/install/turtlebot3_bringup:/home/fabin/turtlebot3_ws/install/turtlebot3_node:/home/fabin/turtlebot3_ws/install/turtlebot3_navigation2:/home/fabin/turtlebot3_ws/install/turtlebot3_fake_node:/home/fabin/turtlebot3_ws/install/turtlebot3_manipulation:/home/fabin/turtlebot3_ws/install/turtlebot3_manipulation_teleop:/home/fabin/turtlebot3_ws/install/turtlebot3_manipulation_navigation2:/home/fabin/turtlebot3_ws/install/turtlebot3_manipulation_moveit_config:/home/fabin/turtlebot3_ws/install/turtlebot3_manipulation_hardware:/home/fabin/turtlebot3_ws/install/turtlebot3_manipulation_gazebo:/home/fabin/turtlebot3_ws/install/turtlebot3_manipulation_bringup:/home/fabin/turtlebot3_ws/install/turtlebot3_manipulation_description:/home/fabin/turtlebot3_ws/install/turtlebot3_manipulation_cartographer:/home/fabin/turtlebot3_ws/install/turtlebot3_gazebo:/home/fabin/turtlebot3_ws/install/turtlebot3_description:/home/fabin/turtlebot3_ws/install/turtlebot3_cartographer:/home/fabin/turtlebot3_ws/install/dynamixel_sdk_examples:/home/fabin/turtlebot3_ws/install/dynamixel_sdk_custom_interfaces:/home/fabin/turtlebot3_ws/install/dynamixel_sdk:/home/fabin/turtlebot3_ws/install/turtlebot3_teleop:/home/fabin/turtlebot3_ws/install/turtlebot3_example:/home/fabin/turtlebot3_ws/install/tb3_ik:/home/fabin/turtlebot3_ws/install/tb3_arm_logger:/home/fabin/turtlebot3_ws/install/tb3_arm_ctrl:/home/fabin/turtlebot3_ws/install/pick_place_demo:/opt/ros/humble LD_LIBRARY_PATH=/home/fabin/turtlebot3_ws/install/turtlebot3_msgs/lib:/home/fabin/turtlebot3_ws/install/turtlebot3_manipulation_hardware/lib:/home/fabin/turtlebot3_ws/install/dynamixel_sdk_custom_interfaces/lib:/home/fabin/turtlebot3_ws/install/dynamixel_sdk/lib:/usr/lib/x86_64-linux-gnu/gazebo-11/plugins:/opt/ros/humble/opt/rviz_ogre_vendor/lib:/opt/ros/humble/lib/x86_64-linux-gnu:/opt/ros/humble/lib:/usr/lib/x86_64-linux-gnu/gazebo-11/plugins /usr/bin/cmake --install /home/fabin/turtlebot3_ws/build/turtlebot3_fake_node
[13.586s] -- Install configuration: ""
[13.587s] -- Execute custom install script
[13.587s] -- Symlinking: /home/fabin/turtlebot3_ws/install/turtlebot3_fake_node/lib/turtlebot3_fake_node/turtlebot3_fake_node
[13.597s] -- Symlinking: /home/fabin/turtlebot3_ws/install/turtlebot3_fake_node/share/turtlebot3_fake_node/launch/rviz2.launch.py
[13.605s] -- Symlinking: /home/fabin/turtlebot3_ws/install/turtlebot3_fake_node/share/turtlebot3_fake_node/launch/turtlebot3_fake_node.launch.py
[13.614s] -- Symlinking: /home/fabin/turtlebot3_ws/install/turtlebot3_fake_node/share/turtlebot3_fake_node/param/burger.yaml
[13.623s] -- Symlinking: /home/fabin/turtlebot3_ws/install/turtlebot3_fake_node/share/turtlebot3_fake_node/param/waffle.yaml
[13.631s] -- Symlinking: /home/fabin/turtlebot3_ws/install/turtlebot3_fake_node/share/turtlebot3_fake_node/param/waffle_pi.yaml
[13.642s] -- Symlinking: /home/fabin/turtlebot3_ws/install/turtlebot3_fake_node/include//turtlebot3_fake_node/turtlebot3_fake_node.hpp
[13.652s] -- Symlinking: /home/fabin/turtlebot3_ws/install/turtlebot3_fake_node/share/ament_index/resource_index/package_run_dependencies/turtlebot3_fake_node
[13.661s] -- Symlinking: /home/fabin/turtlebot3_ws/install/turtlebot3_fake_node/share/ament_index/resource_index/parent_prefix_path/turtlebot3_fake_node
[13.669s] -- Symlinking: /home/fabin/turtlebot3_ws/install/turtlebot3_fake_node/share/turtlebot3_fake_node/environment/ament_prefix_path.sh
[13.679s] -- Symlinking: /home/fabin/turtlebot3_ws/install/turtlebot3_fake_node/share/turtlebot3_fake_node/environment/ament_prefix_path.dsv
[13.688s] -- Symlinking: /home/fabin/turtlebot3_ws/install/turtlebot3_fake_node/share/turtlebot3_fake_node/environment/path.sh
[13.696s] -- Symlinking: /home/fabin/turtlebot3_ws/install/turtlebot3_fake_node/share/turtlebot3_fake_node/environment/path.dsv
[13.706s] -- Symlinking: /home/fabin/turtlebot3_ws/install/turtlebot3_fake_node/share/turtlebot3_fake_node/local_setup.bash
[13.715s] -- Symlinking: /home/fabin/turtlebot3_ws/install/turtlebot3_fake_node/share/turtlebot3_fake_node/local_setup.sh
[13.723s] -- Symlinking: /home/fabin/turtlebot3_ws/install/turtlebot3_fake_node/share/turtlebot3_fake_node/local_setup.zsh
[13.732s] -- Symlinking: /home/fabin/turtlebot3_ws/install/turtlebot3_fake_node/share/turtlebot3_fake_node/local_setup.dsv
[13.742s] -- Symlinking: /home/fabin/turtlebot3_ws/install/turtlebot3_fake_node/share/turtlebot3_fake_node/package.dsv
[13.751s] -- Symlinking: /home/fabin/turtlebot3_ws/install/turtlebot3_fake_node/share/ament_index/resource_index/packages/turtlebot3_fake_node
[13.761s] -- Symlinking: /home/fabin/turtlebot3_ws/install/turtlebot3_fake_node/share/turtlebot3_fake_node/cmake/ament_cmake_export_include_directories-extras.cmake
[13.770s] -- Symlinking: /home/fabin/turtlebot3_ws/install/turtlebot3_fake_node/share/turtlebot3_fake_node/cmake/ament_cmake_export_dependencies-extras.cmake
[13.778s] -- Symlinking: /home/fabin/turtlebot3_ws/install/turtlebot3_fake_node/share/turtlebot3_fake_node/cmake/turtlebot3_fake_nodeConfig.cmake
[13.786s] -- Symlinking: /home/fabin/turtlebot3_ws/install/turtlebot3_fake_node/share/turtlebot3_fake_node/cmake/turtlebot3_fake_nodeConfig-version.cmake
[13.795s] -- Symlinking: /home/fabin/turtlebot3_ws/install/turtlebot3_fake_node/share/turtlebot3_fake_node/package.xml
[13.806s] Invoked command in '/home/fabin/turtlebot3_ws/build/turtlebot3_fake_node' returned '0': CMAKE_PREFIX_PATH=/home/fabin/turtlebot3_ws/install/turtlebot3_msgs:/home/fabin/turtlebot3_ws/install/turtlebot3:/home/fabin/turtlebot3_ws/install/turtlebot3_simulations:/home/fabin/turtlebot3_ws/install/turtlebot3_bringup:/home/fabin/turtlebot3_ws/install/turtlebot3_node:/home/fabin/turtlebot3_ws/install/turtlebot3_navigation2:/home/fabin/turtlebot3_ws/install/turtlebot3_fake_node:/home/fabin/turtlebot3_ws/install/turtlebot3_manipulation:/home/fabin/turtlebot3_ws/install/turtlebot3_manipulation_teleop:/home/fabin/turtlebot3_ws/install/turtlebot3_manipulation_navigation2:/home/fabin/turtlebot3_ws/install/turtlebot3_manipulation_moveit_config:/home/fabin/turtlebot3_ws/install/turtlebot3_manipulation_hardware:/home/fabin/turtlebot3_ws/install/turtlebot3_manipulation_gazebo:/home/fabin/turtlebot3_ws/install/turtlebot3_manipulation_bringup:/home/fabin/turtlebot3_ws/install/turtlebot3_manipulation_description:/home/fabin/turtlebot3_ws/install/turtlebot3_manipulation_cartographer:/home/fabin/turtlebot3_ws/install/turtlebot3_gazebo:/home/fabin/turtlebot3_ws/install/turtlebot3_description:/home/fabin/turtlebot3_ws/install/turtlebot3_cartographer:/home/fabin/turtlebot3_ws/install/dynamixel_sdk_examples:/home/fabin/turtlebot3_ws/install/dynamixel_sdk_custom_interfaces:/home/fabin/turtlebot3_ws/install/dynamixel_sdk:/home/fabin/turtlebot3_ws/install/turtlebot3_teleop:/home/fabin/turtlebot3_ws/install/turtlebot3_example:/home/fabin/turtlebot3_ws/install/tb3_ik:/home/fabin/turtlebot3_ws/install/tb3_arm_logger:/home/fabin/turtlebot3_ws/install/tb3_arm_ctrl:/home/fabin/turtlebot3_ws/install/pick_place_demo:/opt/ros/humble LD_LIBRARY_PATH=/home/fabin/turtlebot3_ws/install/turtlebot3_msgs/lib:/home/fabin/turtlebot3_ws/install/turtlebot3_manipulation_hardware/lib:/home/fabin/turtlebot3_ws/install/dynamixel_sdk_custom_interfaces/lib:/home/fabin/turtlebot3_ws/install/dynamixel_sdk/lib:/usr/lib/x86_64-linux-gnu/gazebo-11/plugins:/opt/ros/humble/opt/rviz_ogre_vendor/lib:/opt/ros/humble/lib/x86_64-linux-gnu:/opt/ros/humble/lib:/usr/lib/x86_64-linux-gnu/gazebo-11/plugins /usr/bin/cmake --install /home/fabin/turtlebot3_ws/build/turtlebot3_fake_node
