running egg_info
writing ../../build/turtlebot3_manipulation_control/turtlebot3_manipulation_control.egg-info/PKG-INFO
writing dependency_links to ../../build/turtlebot3_manipulation_control/turtlebot3_manipulation_control.egg-info/dependency_links.txt
writing entry points to ../../build/turtlebot3_manipulation_control/turtlebot3_manipulation_control.egg-info/entry_points.txt
writing requirements to ../../build/turtlebot3_manipulation_control/turtlebot3_manipulation_control.egg-info/requires.txt
writing top-level names to ../../build/turtlebot3_manipulation_control/turtlebot3_manipulation_control.egg-info/top_level.txt
reading manifest file '../../build/turtlebot3_manipulation_control/turtlebot3_manipulation_control.egg-info/SOURCES.txt'
writing manifest file '../../build/turtlebot3_manipulation_control/turtlebot3_manipulation_control.egg-info/SOURCES.txt'
running build
running build_py
copying turtlebot3_manipulation_control/turtlebot3_ik_demo.py -> /home/fabin/PycharmProjects/turtlebot3_research_project/build/turtlebot3_manipulation_control/build/lib/turtlebot3_manipulation_control
copying turtlebot3_manipulation_control/__init__.py -> /home/fabin/PycharmProjects/turtlebot3_research_project/build/turtlebot3_manipulation_control/build/lib/turtlebot3_manipulation_control
running install
running install_lib
copying /home/fabin/PycharmProjects/turtlebot3_research_project/build/turtlebot3_manipulation_control/build/lib/turtlebot3_manipulation_control/turtlebot3_ik_demo.py -> /home/fabin/PycharmProjects/turtlebot3_research_project/install/turtlebot3_manipulation_control/lib/python3.10/site-packages/turtlebot3_manipulation_control
copying /home/fabin/PycharmProjects/turtlebot3_research_project/build/turtlebot3_manipulation_control/build/lib/turtlebot3_manipulation_control/__init__.py -> /home/fabin/PycharmProjects/turtlebot3_research_project/install/turtlebot3_manipulation_control/lib/python3.10/site-packages/turtlebot3_manipulation_control
byte-compiling /home/fabin/PycharmProjects/turtlebot3_research_project/install/turtlebot3_manipulation_control/lib/python3.10/site-packages/turtlebot3_manipulation_control/turtlebot3_ik_demo.py to turtlebot3_ik_demo.cpython-310.pyc
byte-compiling /home/fabin/PycharmProjects/turtlebot3_research_project/install/turtlebot3_manipulation_control/lib/python3.10/site-packages/turtlebot3_manipulation_control/__init__.py to __init__.cpython-310.pyc
running install_egg_info
removing '/home/fabin/PycharmProjects/turtlebot3_research_project/install/turtlebot3_manipulation_control/lib/python3.10/site-packages/turtlebot3_manipulation_control-0.0.0-py3.10.egg-info' (and everything under it)
Copying ../../build/turtlebot3_manipulation_control/turtlebot3_manipulation_control.egg-info to /home/fabin/PycharmProjects/turtlebot3_research_project/install/turtlebot3_manipulation_control/lib/python3.10/site-packages/turtlebot3_manipulation_control-0.0.0-py3.10.egg-info
running install_scripts
Installing turtlebot3_ik_demo script to /home/fabin/PycharmProjects/turtlebot3_research_project/install/turtlebot3_manipulation_control/lib/turtlebot3_manipulation_control
writing list of installed files to '/home/fabin/PycharmProjects/turtlebot3_research_project/build/turtlebot3_manipulation_control/install.log'
