[0.439s] Invoking command in '/home/fabin/turtlebot3_ws/src/build/turtlebot3_example': AMENT_PREFIX_PATH=/home/fabin/turtlebot3_ws/src/install/turtlebot3_msgs:${AMENT_PREFIX_PATH} CMAKE_PREFIX_PATH=/home/fabin/turtlebot3_ws/src/install/turtlebot3_msgs LD_LIBRARY_PATH=/home/fabin/turtlebot3_ws/src/install/turtlebot3_msgs/lib:${LD_LIBRARY_PATH} PYTHONPATH=/home/fabin/turtlebot3_ws/src/build/turtlebot3_example/prefix_override:/usr/lib/python3/dist-packages/colcon_core/task/python/colcon_distutils_commands:/home/fabin/turtlebot3_ws/src/install/turtlebot3_example/lib/python3.10/site-packages:/home/fabin/turtlebot3_ws/src/install/turtlebot3_msgs/local/lib/python3.10/dist-packages:${PYTHONPATH} /usr/bin/python3 -W ignore:setup.py install is deprecated -W ignore:easy_install command is deprecated setup.py develop --editable --build-directory /home/fabin/turtlebot3_ws/src/build/turtlebot3_example/build --no-deps symlink_data
[0.620s] running develop
[0.732s] running egg_info
[0.732s] creating turtlebot3_example.egg-info
[0.732s] writing turtlebot3_example.egg-info/PKG-INFO
[0.732s] writing dependency_links to turtlebot3_example.egg-info/dependency_links.txt
[0.732s] writing entry points to turtlebot3_example.egg-info/entry_points.txt
[0.732s] writing requirements to turtlebot3_example.egg-info/requires.txt
[0.733s] writing top-level names to turtlebot3_example.egg-info/top_level.txt
[0.733s] writing manifest file 'turtlebot3_example.egg-info/SOURCES.txt'
[0.734s] reading manifest file 'turtlebot3_example.egg-info/SOURCES.txt'
[0.735s] writing manifest file 'turtlebot3_example.egg-info/SOURCES.txt'
[0.736s] running build_ext
[0.736s] Creating /home/fabin/turtlebot3_ws/src/install/turtlebot3_example/lib/python3.10/site-packages/turtlebot3-example.egg-link (link to .)
[0.736s] Installing turtlebot3_absolute_move script to /home/fabin/turtlebot3_ws/src/install/turtlebot3_example/lib/turtlebot3_example
[0.736s] Installing turtlebot3_interactive_marker script to /home/fabin/turtlebot3_ws/src/install/turtlebot3_example/lib/turtlebot3_example
[0.736s] Installing turtlebot3_obstacle_detection script to /home/fabin/turtlebot3_ws/src/install/turtlebot3_example/lib/turtlebot3_example
[0.737s] Installing turtlebot3_patrol_client script to /home/fabin/turtlebot3_ws/src/install/turtlebot3_example/lib/turtlebot3_example
[0.737s] Installing turtlebot3_patrol_server script to /home/fabin/turtlebot3_ws/src/install/turtlebot3_example/lib/turtlebot3_example
[0.737s] Installing turtlebot3_relative_move script to /home/fabin/turtlebot3_ws/src/install/turtlebot3_example/lib/turtlebot3_example
[0.737s] 
[0.737s] Installed /home/fabin/turtlebot3_ws/src/build/turtlebot3_example
[0.737s] running symlink_data
[0.737s] creating /home/fabin/turtlebot3_ws/src/install/turtlebot3_example/share/ament_index
[0.737s] creating /home/fabin/turtlebot3_ws/src/install/turtlebot3_example/share/ament_index/resource_index
[0.737s] creating /home/fabin/turtlebot3_ws/src/install/turtlebot3_example/share/ament_index/resource_index/packages
[0.737s] symbolically linking /home/fabin/turtlebot3_ws/src/build/turtlebot3_example/resource/turtlebot3_example -> /home/fabin/turtlebot3_ws/src/install/turtlebot3_example/share/ament_index/resource_index/packages
[0.737s] symbolically linking /home/fabin/turtlebot3_ws/src/build/turtlebot3_example/package.xml -> /home/fabin/turtlebot3_ws/src/install/turtlebot3_example/share/turtlebot3_example
[0.765s] Invoked command in '/home/fabin/turtlebot3_ws/src/build/turtlebot3_example' returned '0': AMENT_PREFIX_PATH=/home/fabin/turtlebot3_ws/src/install/turtlebot3_msgs:${AMENT_PREFIX_PATH} CMAKE_PREFIX_PATH=/home/fabin/turtlebot3_ws/src/install/turtlebot3_msgs LD_LIBRARY_PATH=/home/fabin/turtlebot3_ws/src/install/turtlebot3_msgs/lib:${LD_LIBRARY_PATH} PYTHONPATH=/home/fabin/turtlebot3_ws/src/build/turtlebot3_example/prefix_override:/usr/lib/python3/dist-packages/colcon_core/task/python/colcon_distutils_commands:/home/fabin/turtlebot3_ws/src/install/turtlebot3_example/lib/python3.10/site-packages:/home/fabin/turtlebot3_ws/src/install/turtlebot3_msgs/local/lib/python3.10/dist-packages:${PYTHONPATH} /usr/bin/python3 -W ignore:setup.py install is deprecated -W ignore:easy_install command is deprecated setup.py develop --editable --build-directory /home/fabin/turtlebot3_ws/src/build/turtlebot3_example/build --no-deps symlink_data
