[0.509s] Invoking command in '/home/fabin/turtlebot3_ws/src/tb3_arm_ctrl': PYTHONPATH=/home/fabin/turtlebot3_ws/build/tb3_arm_ctrl/prefix_override:/usr/lib/python3/dist-packages/colcon_core/task/python/colcon_distutils_commands:/home/fabin/turtlebot3_ws/install/tb3_arm_ctrl/lib/python3.10/site-packages:${PYTHONPATH} /usr/bin/python3 -W ignore:setup.py install is deprecated -W ignore:easy_install command is deprecated setup.py egg_info --egg-base ../../build/tb3_arm_ctrl build --build-base /home/fabin/turtlebot3_ws/build/tb3_arm_ctrl/build install --record /home/fabin/turtlebot3_ws/build/tb3_arm_ctrl/install.log --single-version-externally-managed install_data
[0.708s] running egg_info
[0.709s] writing ../../build/tb3_arm_ctrl/tb3_arm_ctrl.egg-info/PKG-INFO
[0.709s] writing dependency_links to ../../build/tb3_arm_ctrl/tb3_arm_ctrl.egg-info/dependency_links.txt
[0.709s] writing entry points to ../../build/tb3_arm_ctrl/tb3_arm_ctrl.egg-info/entry_points.txt
[0.709s] writing requirements to ../../build/tb3_arm_ctrl/tb3_arm_ctrl.egg-info/requires.txt
[0.710s] writing top-level names to ../../build/tb3_arm_ctrl/tb3_arm_ctrl.egg-info/top_level.txt
[0.711s] reading manifest file '../../build/tb3_arm_ctrl/tb3_arm_ctrl.egg-info/SOURCES.txt'
[0.711s] writing manifest file '../../build/tb3_arm_ctrl/tb3_arm_ctrl.egg-info/SOURCES.txt'
[0.712s] running build
[0.712s] running build_py
[0.712s] copying tb3_arm_ctrl/ctrl_node.py -> /home/fabin/turtlebot3_ws/build/tb3_arm_ctrl/build/lib/tb3_arm_ctrl
[0.712s] running install
[0.712s] running install_lib
[0.712s] copying /home/fabin/turtlebot3_ws/build/tb3_arm_ctrl/build/lib/tb3_arm_ctrl/ctrl_node.py -> /home/fabin/turtlebot3_ws/install/tb3_arm_ctrl/lib/python3.10/site-packages/tb3_arm_ctrl
[0.713s] byte-compiling /home/fabin/turtlebot3_ws/install/tb3_arm_ctrl/lib/python3.10/site-packages/tb3_arm_ctrl/ctrl_node.py to ctrl_node.cpython-310.pyc
[0.714s] running install_data
[0.714s] running install_egg_info
[0.716s] removing '/home/fabin/turtlebot3_ws/install/tb3_arm_ctrl/lib/python3.10/site-packages/tb3_arm_ctrl-0.0.1-py3.10.egg-info' (and everything under it)
[0.716s] Copying ../../build/tb3_arm_ctrl/tb3_arm_ctrl.egg-info to /home/fabin/turtlebot3_ws/install/tb3_arm_ctrl/lib/python3.10/site-packages/tb3_arm_ctrl-0.0.1-py3.10.egg-info
[0.717s] running install_scripts
[0.732s] Installing ctrl_node script to /home/fabin/turtlebot3_ws/install/tb3_arm_ctrl/lib/tb3_arm_ctrl
[0.732s] Installing goal_node script to /home/fabin/turtlebot3_ws/install/tb3_arm_ctrl/lib/tb3_arm_ctrl
[0.732s] Installing ik_node script to /home/fabin/turtlebot3_ws/install/tb3_arm_ctrl/lib/tb3_arm_ctrl
[0.732s] writing list of installed files to '/home/fabin/turtlebot3_ws/build/tb3_arm_ctrl/install.log'
[0.752s] Invoked command in '/home/fabin/turtlebot3_ws/src/tb3_arm_ctrl' returned '0': PYTHONPATH=/home/fabin/turtlebot3_ws/build/tb3_arm_ctrl/prefix_override:/usr/lib/python3/dist-packages/colcon_core/task/python/colcon_distutils_commands:/home/fabin/turtlebot3_ws/install/tb3_arm_ctrl/lib/python3.10/site-packages:${PYTHONPATH} /usr/bin/python3 -W ignore:setup.py install is deprecated -W ignore:easy_install command is deprecated setup.py egg_info --egg-base ../../build/tb3_arm_ctrl build --build-base /home/fabin/turtlebot3_ws/build/tb3_arm_ctrl/build install --record /home/fabin/turtlebot3_ws/build/tb3_arm_ctrl/install.log --single-version-externally-managed install_data
