[0.086s] Invoking command in '/home/fabin/turtlebot3_ws/build/turtlebot3_manipulation_navigation2': CMAKE_PREFIX_PATH=${CMAKE_PREFIX_PATH}:/home/fabin/turtlebot3_ws/install/turtlebot3_teleop:/home/fabin/turtlebot3_ws/install/turtlebot3_example:/home/fabin/turtlebot3_ws/install/tb3_ik:/home/fabin/turtlebot3_ws/install/tb3_arm_logger:/home/fabin/turtlebot3_ws/install/tb3_arm_ctrl:/home/fabin/turtlebot3_ws/install/pick_place_demo:/opt/ros/humble /usr/bin/cmake /home/fabin/turtlebot3_ws/src/turtlebot3_manipulation/turtlebot3_manipulation_navigation2 -DCMAKE_INSTALL_PREFIX=/home/fabin/turtlebot3_ws/install/turtlebot3_manipulation_navigation2
[1.592s] -- Found ament_cmake: 1.3.12 (/opt/ros/humble/share/ament_cmake/cmake)
[1.593s] -- Override CMake install command with custom implementation using symlinks instead of copying resources
[1.593s] -- Configuring done
[1.593s] -- Generating done
[1.593s] -- Build files have been written to: /home/fabin/turtlebot3_ws/build/turtlebot3_manipulation_navigation2
[1.609s] Invoked command in '/home/fabin/turtlebot3_ws/build/turtlebot3_manipulation_navigation2' returned '0': CMAKE_PREFIX_PATH=${CMAKE_PREFIX_PATH}:/home/fabin/turtlebot3_ws/install/turtlebot3_teleop:/home/fabin/turtlebot3_ws/install/turtlebot3_example:/home/fabin/turtlebot3_ws/install/tb3_ik:/home/fabin/turtlebot3_ws/install/tb3_arm_logger:/home/fabin/turtlebot3_ws/install/tb3_arm_ctrl:/home/fabin/turtlebot3_ws/install/pick_place_demo:/opt/ros/humble /usr/bin/cmake /home/fabin/turtlebot3_ws/src/turtlebot3_manipulation/turtlebot3_manipulation_navigation2 -DCMAKE_INSTALL_PREFIX=/home/fabin/turtlebot3_ws/install/turtlebot3_manipulation_navigation2
[1.610s] Invoking command in '/home/fabin/turtlebot3_ws/build/turtlebot3_manipulation_navigation2': CMAKE_PREFIX_PATH=${CMAKE_PREFIX_PATH}:/home/fabin/turtlebot3_ws/install/turtlebot3_teleop:/home/fabin/turtlebot3_ws/install/turtlebot3_example:/home/fabin/turtlebot3_ws/install/tb3_ik:/home/fabin/turtlebot3_ws/install/tb3_arm_logger:/home/fabin/turtlebot3_ws/install/tb3_arm_ctrl:/home/fabin/turtlebot3_ws/install/pick_place_demo:/opt/ros/humble /usr/bin/cmake --build /home/fabin/turtlebot3_ws/build/turtlebot3_manipulation_navigation2 -- -j16 -l16
[1.707s] Invoked command in '/home/fabin/turtlebot3_ws/build/turtlebot3_manipulation_navigation2' returned '0': CMAKE_PREFIX_PATH=${CMAKE_PREFIX_PATH}:/home/fabin/turtlebot3_ws/install/turtlebot3_teleop:/home/fabin/turtlebot3_ws/install/turtlebot3_example:/home/fabin/turtlebot3_ws/install/tb3_ik:/home/fabin/turtlebot3_ws/install/tb3_arm_logger:/home/fabin/turtlebot3_ws/install/tb3_arm_ctrl:/home/fabin/turtlebot3_ws/install/pick_place_demo:/opt/ros/humble /usr/bin/cmake --build /home/fabin/turtlebot3_ws/build/turtlebot3_manipulation_navigation2 -- -j16 -l16
[1.718s] Invoking command in '/home/fabin/turtlebot3_ws/build/turtlebot3_manipulation_navigation2': CMAKE_PREFIX_PATH=${CMAKE_PREFIX_PATH}:/home/fabin/turtlebot3_ws/install/turtlebot3_teleop:/home/fabin/turtlebot3_ws/install/turtlebot3_example:/home/fabin/turtlebot3_ws/install/tb3_ik:/home/fabin/turtlebot3_ws/install/tb3_arm_logger:/home/fabin/turtlebot3_ws/install/tb3_arm_ctrl:/home/fabin/turtlebot3_ws/install/pick_place_demo:/opt/ros/humble /usr/bin/cmake --install /home/fabin/turtlebot3_ws/build/turtlebot3_manipulation_navigation2
[1.758s] -- Install configuration: ""
[1.759s] -- Execute custom install script
[1.759s] -- Up-to-date symlink: /home/fabin/turtlebot3_ws/install/turtlebot3_manipulation_navigation2/share/turtlebot3_manipulation_navigation2/launch/navigation2.launch.py
[1.763s] -- Up-to-date symlink: /home/fabin/turtlebot3_ws/install/turtlebot3_manipulation_navigation2/share/turtlebot3_manipulation_navigation2/launch/navigation2_use_sim_time.launch.py
[1.764s] -- Up-to-date symlink: /home/fabin/turtlebot3_ws/install/turtlebot3_manipulation_navigation2/share/turtlebot3_manipulation_navigation2/map/turtlebot3_world.pgm
[1.764s] -- Up-to-date symlink: /home/fabin/turtlebot3_ws/install/turtlebot3_manipulation_navigation2/share/turtlebot3_manipulation_navigation2/map/turtlebot3_world.yaml
[1.764s] -- Up-to-date symlink: /home/fabin/turtlebot3_ws/install/turtlebot3_manipulation_navigation2/share/turtlebot3_manipulation_navigation2/param/turtlebot3.yaml
[1.764s] -- Up-to-date symlink: /home/fabin/turtlebot3_ws/install/turtlebot3_manipulation_navigation2/share/turtlebot3_manipulation_navigation2/param/turtlebot3_use_sim_time.yaml
[1.764s] -- Up-to-date symlink: /home/fabin/turtlebot3_ws/install/turtlebot3_manipulation_navigation2/share/turtlebot3_manipulation_navigation2/rviz/navigation2.rviz
[1.764s] -- Up-to-date symlink: /home/fabin/turtlebot3_ws/install/turtlebot3_manipulation_navigation2/share/ament_index/resource_index/package_run_dependencies/turtlebot3_manipulation_navigation2
[1.764s] -- Up-to-date symlink: /home/fabin/turtlebot3_ws/install/turtlebot3_manipulation_navigation2/share/ament_index/resource_index/parent_prefix_path/turtlebot3_manipulation_navigation2
[1.764s] -- Up-to-date symlink: /home/fabin/turtlebot3_ws/install/turtlebot3_manipulation_navigation2/share/turtlebot3_manipulation_navigation2/environment/ament_prefix_path.sh
[1.764s] -- Up-to-date symlink: /home/fabin/turtlebot3_ws/install/turtlebot3_manipulation_navigation2/share/turtlebot3_manipulation_navigation2/environment/ament_prefix_path.dsv
[1.764s] -- Up-to-date symlink: /home/fabin/turtlebot3_ws/install/turtlebot3_manipulation_navigation2/share/turtlebot3_manipulation_navigation2/environment/path.sh
[1.764s] -- Up-to-date symlink: /home/fabin/turtlebot3_ws/install/turtlebot3_manipulation_navigation2/share/turtlebot3_manipulation_navigation2/environment/path.dsv
[1.765s] -- Up-to-date symlink: /home/fabin/turtlebot3_ws/install/turtlebot3_manipulation_navigation2/share/turtlebot3_manipulation_navigation2/local_setup.bash
[1.765s] -- Up-to-date symlink: /home/fabin/turtlebot3_ws/install/turtlebot3_manipulation_navigation2/share/turtlebot3_manipulation_navigation2/local_setup.sh
[1.765s] -- Up-to-date symlink: /home/fabin/turtlebot3_ws/install/turtlebot3_manipulation_navigation2/share/turtlebot3_manipulation_navigation2/local_setup.zsh
[1.765s] -- Up-to-date symlink: /home/fabin/turtlebot3_ws/install/turtlebot3_manipulation_navigation2/share/turtlebot3_manipulation_navigation2/local_setup.dsv
[1.765s] -- Symlinking: /home/fabin/turtlebot3_ws/install/turtlebot3_manipulation_navigation2/share/turtlebot3_manipulation_navigation2/package.dsv
[1.773s] -- Up-to-date symlink: /home/fabin/turtlebot3_ws/install/turtlebot3_manipulation_navigation2/share/ament_index/resource_index/packages/turtlebot3_manipulation_navigation2
[1.773s] -- Up-to-date symlink: /home/fabin/turtlebot3_ws/install/turtlebot3_manipulation_navigation2/share/turtlebot3_manipulation_navigation2/cmake/turtlebot3_manipulation_navigation2Config.cmake
[1.773s] -- Up-to-date symlink: /home/fabin/turtlebot3_ws/install/turtlebot3_manipulation_navigation2/share/turtlebot3_manipulation_navigation2/cmake/turtlebot3_manipulation_navigation2Config-version.cmake
[1.773s] -- Up-to-date symlink: /home/fabin/turtlebot3_ws/install/turtlebot3_manipulation_navigation2/share/turtlebot3_manipulation_navigation2/package.xml
[1.869s] Invoked command in '/home/fabin/turtlebot3_ws/build/turtlebot3_manipulation_navigation2' returned '0': CMAKE_PREFIX_PATH=${CMAKE_PREFIX_PATH}:/home/fabin/turtlebot3_ws/install/turtlebot3_teleop:/home/fabin/turtlebot3_ws/install/turtlebot3_example:/home/fabin/turtlebot3_ws/install/tb3_ik:/home/fabin/turtlebot3_ws/install/tb3_arm_logger:/home/fabin/turtlebot3_ws/install/tb3_arm_ctrl:/home/fabin/turtlebot3_ws/install/pick_place_demo:/opt/ros/humble /usr/bin/cmake --install /home/fabin/turtlebot3_ws/build/turtlebot3_manipulation_navigation2
