running develop
Removing /home/fabin/turtlebot3_ws/install/tb3_arm_ctrl/lib/python3.10/site-packages/tb3-arm-ctrl.egg-link (link to .)
running egg_info
writing ../../build/tb3_arm_ctrl/tb3_arm_ctrl.egg-info/PKG-INFO
writing dependency_links to ../../build/tb3_arm_ctrl/tb3_arm_ctrl.egg-info/dependency_links.txt
writing entry points to ../../build/tb3_arm_ctrl/tb3_arm_ctrl.egg-info/entry_points.txt
writing requirements to ../../build/tb3_arm_ctrl/tb3_arm_ctrl.egg-info/requires.txt
writing top-level names to ../../build/tb3_arm_ctrl/tb3_arm_ctrl.egg-info/top_level.txt
reading manifest file '../../build/tb3_arm_ctrl/tb3_arm_ctrl.egg-info/SOURCES.txt'
writing manifest file '../../build/tb3_arm_ctrl/tb3_arm_ctrl.egg-info/SOURCES.txt'
running build
running build_py
creating /home/fabin/turtlebot3_ws/build/tb3_arm_ctrl/build
creating /home/fabin/turtlebot3_ws/build/tb3_arm_ctrl/build/lib
creating /home/fabin/turtlebot3_ws/build/tb3_arm_ctrl/build/lib/tb3_arm_ctrl
copying tb3_arm_ctrl/ctrl_node.py -> /home/fabin/turtlebot3_ws/build/tb3_arm_ctrl/build/lib/tb3_arm_ctrl
copying tb3_arm_ctrl/__init__.py -> /home/fabin/turtlebot3_ws/build/tb3_arm_ctrl/build/lib/tb3_arm_ctrl
copying tb3_arm_ctrl/ik_node.py -> /home/fabin/turtlebot3_ws/build/tb3_arm_ctrl/build/lib/tb3_arm_ctrl
copying tb3_arm_ctrl/goal_node.py -> /home/fabin/turtlebot3_ws/build/tb3_arm_ctrl/build/lib/tb3_arm_ctrl
running install
running install_lib
creating /home/fabin/turtlebot3_ws/install/tb3_arm_ctrl/lib/python3.10/site-packages/tb3_arm_ctrl
copying /home/fabin/turtlebot3_ws/build/tb3_arm_ctrl/build/lib/tb3_arm_ctrl/ctrl_node.py -> /home/fabin/turtlebot3_ws/install/tb3_arm_ctrl/lib/python3.10/site-packages/tb3_arm_ctrl
copying /home/fabin/turtlebot3_ws/build/tb3_arm_ctrl/build/lib/tb3_arm_ctrl/__init__.py -> /home/fabin/turtlebot3_ws/install/tb3_arm_ctrl/lib/python3.10/site-packages/tb3_arm_ctrl
copying /home/fabin/turtlebot3_ws/build/tb3_arm_ctrl/build/lib/tb3_arm_ctrl/ik_node.py -> /home/fabin/turtlebot3_ws/install/tb3_arm_ctrl/lib/python3.10/site-packages/tb3_arm_ctrl
copying /home/fabin/turtlebot3_ws/build/tb3_arm_ctrl/build/lib/tb3_arm_ctrl/goal_node.py -> /home/fabin/turtlebot3_ws/install/tb3_arm_ctrl/lib/python3.10/site-packages/tb3_arm_ctrl
byte-compiling /home/fabin/turtlebot3_ws/install/tb3_arm_ctrl/lib/python3.10/site-packages/tb3_arm_ctrl/ctrl_node.py to ctrl_node.cpython-310.pyc
byte-compiling /home/fabin/turtlebot3_ws/install/tb3_arm_ctrl/lib/python3.10/site-packages/tb3_arm_ctrl/__init__.py to __init__.cpython-310.pyc
byte-compiling /home/fabin/turtlebot3_ws/install/tb3_arm_ctrl/lib/python3.10/site-packages/tb3_arm_ctrl/ik_node.py to ik_node.cpython-310.pyc
byte-compiling /home/fabin/turtlebot3_ws/install/tb3_arm_ctrl/lib/python3.10/site-packages/tb3_arm_ctrl/goal_node.py to goal_node.cpython-310.pyc
running install_data
copying resource/tb3_arm_ctrl -> /home/fabin/turtlebot3_ws/install/tb3_arm_ctrl/share/ament_index/resource_index/packages
copying package.xml -> /home/fabin/turtlebot3_ws/install/tb3_arm_ctrl/share/tb3_arm_ctrl
running install_egg_info
Copying ../../build/tb3_arm_ctrl/tb3_arm_ctrl.egg-info to /home/fabin/turtlebot3_ws/install/tb3_arm_ctrl/lib/python3.10/site-packages/tb3_arm_ctrl-0.0.1-py3.10.egg-info
running install_scripts
Installing ctrl_node script to /home/fabin/turtlebot3_ws/install/tb3_arm_ctrl/lib/tb3_arm_ctrl
Installing goal_node script to /home/fabin/turtlebot3_ws/install/tb3_arm_ctrl/lib/tb3_arm_ctrl
Installing ik_node script to /home/fabin/turtlebot3_ws/install/tb3_arm_ctrl/lib/tb3_arm_ctrl
writing list of installed files to '/home/fabin/turtlebot3_ws/build/tb3_arm_ctrl/install.log'
