[0.025s] Invoking command in '/home/fabin/turtlebot3_ws/build/turtlebot3_manipulation_hardware': CMAKE_PREFIX_PATH=/home/fabin/turtlebot3_ws/install/dynamixel_sdk:/home/fabin/turtlebot3_ws/install/turtlebot3:/home/fabin/turtlebot3_ws/install/turtlebot3_simulations:/home/fabin/turtlebot3_ws/install/turtlebot3_bringup:/home/fabin/turtlebot3_ws/install/turtlebot3_node:/home/fabin/turtlebot3_ws/install/turtlebot3_navigation2:/home/fabin/turtlebot3_ws/install/turtlebot3_fake_node:/home/fabin/turtlebot3_ws/install/turtlebot3_msgs:/home/fabin/turtlebot3_ws/install/turtlebot3_manipulation:/home/fabin/turtlebot3_ws/install/turtlebot3_manipulation_teleop:/home/fabin/turtlebot3_ws/install/turtlebot3_manipulation_navigation2:/home/fabin/turtlebot3_ws/install/turtlebot3_manipulation_moveit_config:/home/fabin/turtlebot3_ws/install/turtlebot3_manipulation_hardware:/home/fabin/turtlebot3_ws/install/turtlebot3_manipulation_gazebo:/home/fabin/turtlebot3_ws/install/turtlebot3_manipulation_bringup:/home/fabin/turtlebot3_ws/install/turtlebot3_manipulation_description:/home/fabin/turtlebot3_ws/install/turtlebot3_manipulation_cartographer:/home/fabin/turtlebot3_ws/install/turtlebot3_gazebo:/home/fabin/turtlebot3_ws/install/turtlebot3_description:/home/fabin/turtlebot3_ws/install/turtlebot3_cartographer:/home/fabin/turtlebot3_ws/install/dynamixel_sdk_examples:/home/fabin/turtlebot3_ws/install/dynamixel_sdk_custom_interfaces:/home/fabin/turtlebot3_ws/install/turtlebot3_teleop:/home/fabin/turtlebot3_ws/install/turtlebot3_example:/home/fabin/turtlebot3_ws/install/tb3_ik:/home/fabin/turtlebot3_ws/install/tb3_arm_logger:/home/fabin/turtlebot3_ws/install/tb3_arm_ctrl:/home/fabin/turtlebot3_ws/install/pick_place_demo:/opt/ros/humble LD_LIBRARY_PATH=/home/fabin/turtlebot3_ws/install/dynamixel_sdk/lib:/home/fabin/turtlebot3_ws/install/turtlebot3_msgs/lib:/home/fabin/turtlebot3_ws/install/turtlebot3_manipulation_hardware/lib:/home/fabin/turtlebot3_ws/install/dynamixel_sdk_custom_interfaces/lib:/usr/lib/x86_64-linux-gnu/gazebo-11/plugins:/opt/ros/humble/opt/rviz_ogre_vendor/lib:/opt/ros/humble/lib/x86_64-linux-gnu:/opt/ros/humble/lib:/usr/lib/x86_64-linux-gnu/gazebo-11/plugins /usr/bin/cmake /home/fabin/turtlebot3_ws/src/turtlebot3_manipulation/turtlebot3_manipulation_hardware -DAMENT_CMAKE_SYMLINK_INSTALL=1 -DCMAKE_INSTALL_PREFIX=/home/fabin/turtlebot3_ws/install/turtlebot3_manipulation_hardware
[0.099s] -- The C compiler identification is GNU 11.4.0
[0.191s] -- The CXX compiler identification is GNU 11.4.0
[0.198s] -- Detecting C compiler ABI info
[0.271s] -- Detecting C compiler ABI info - done
[0.281s] -- Check for working C compiler: /usr/bin/cc - skipped
[0.281s] -- Detecting C compile features
[0.281s] -- Detecting C compile features - done
[0.285s] -- Detecting CXX compiler ABI info
[0.375s] -- Detecting CXX compiler ABI info - done
[0.385s] -- Check for working CXX compiler: /usr/bin/c++ - skipped
[0.385s] -- Detecting CXX compile features
[0.386s] -- Detecting CXX compile features - done
[0.392s] -- Found ament_cmake: 1.3.12 (/opt/ros/humble/share/ament_cmake/cmake)
[0.600s] -- Found Python3: /usr/bin/python3 (found version "3.10.12") found components: Interpreter 
[0.673s] -- Override CMake install command with custom implementation using symlinks instead of copying resources
[0.750s] -- Found dynamixel_sdk: 3.8.4 (/home/fabin/turtlebot3_ws/install/dynamixel_sdk/share/dynamixel_sdk/cmake)
[0.756s] -- Found hardware_interface: 2.52.0 (/opt/ros/humble/share/hardware_interface/cmake)
[0.832s] -- Found rosidl_generator_c: 3.1.7 (/opt/ros/humble/share/rosidl_generator_c/cmake)
[0.842s] -- Found rosidl_adapter: 3.1.7 (/opt/ros/humble/share/rosidl_adapter/cmake)
[0.858s] -- Found rosidl_generator_cpp: 3.1.7 (/opt/ros/humble/share/rosidl_generator_cpp/cmake)
[0.879s] -- Using all available rosidl_typesupport_c: rosidl_typesupport_fastrtps_c;rosidl_typesupport_introspection_c
[0.908s] -- Using all available rosidl_typesupport_cpp: rosidl_typesupport_fastrtps_cpp;rosidl_typesupport_introspection_cpp
[1.260s] -- Found rmw_implementation_cmake: 6.1.2 (/opt/ros/humble/share/rmw_implementation_cmake/cmake)
[1.268s] -- Found rmw_fastrtps_cpp: 6.2.9 (/opt/ros/humble/share/rmw_fastrtps_cpp/cmake)
[1.315s] -- Found TinyXML2 via Config file: TinyXML2_DIR-NOTFOUND
[1.527s] -- Found OpenSSL: /usr/lib/x86_64-linux-gnu/libcrypto.so (found version "3.0.2")  
[1.528s] -- Found TinyXML2 via Config file: TinyXML2_DIR-NOTFOUND
[1.567s] -- Found FastRTPS: /opt/ros/humble/include  
[1.571s] -- Found TinyXML2 via Config file: TinyXML2_DIR-NOTFOUND
[1.587s] -- Found TinyXML2 via Config file: TinyXML2_DIR-NOTFOUND
[1.626s] -- Using RMW implementation 'rmw_fastrtps_cpp' as default
[1.649s] -- Looking for pthread.h
[1.873s] -- Looking for pthread.h - found
[1.874s] -- Performing Test CMAKE_HAVE_LIBC_PTHREAD
[2.121s] -- Performing Test CMAKE_HAVE_LIBC_PTHREAD - Success
[2.123s] -- Found Threads: TRUE  
[2.510s] -- Configuring done
[2.556s] -- Generating done
[2.566s] -- Build files have been written to: /home/fabin/turtlebot3_ws/build/turtlebot3_manipulation_hardware
[2.627s] Invoked command in '/home/fabin/turtlebot3_ws/build/turtlebot3_manipulation_hardware' returned '0': CMAKE_PREFIX_PATH=/home/fabin/turtlebot3_ws/install/dynamixel_sdk:/home/fabin/turtlebot3_ws/install/turtlebot3:/home/fabin/turtlebot3_ws/install/turtlebot3_simulations:/home/fabin/turtlebot3_ws/install/turtlebot3_bringup:/home/fabin/turtlebot3_ws/install/turtlebot3_node:/home/fabin/turtlebot3_ws/install/turtlebot3_navigation2:/home/fabin/turtlebot3_ws/install/turtlebot3_fake_node:/home/fabin/turtlebot3_ws/install/turtlebot3_msgs:/home/fabin/turtlebot3_ws/install/turtlebot3_manipulation:/home/fabin/turtlebot3_ws/install/turtlebot3_manipulation_teleop:/home/fabin/turtlebot3_ws/install/turtlebot3_manipulation_navigation2:/home/fabin/turtlebot3_ws/install/turtlebot3_manipulation_moveit_config:/home/fabin/turtlebot3_ws/install/turtlebot3_manipulation_hardware:/home/fabin/turtlebot3_ws/install/turtlebot3_manipulation_gazebo:/home/fabin/turtlebot3_ws/install/turtlebot3_manipulation_bringup:/home/fabin/turtlebot3_ws/install/turtlebot3_manipulation_description:/home/fabin/turtlebot3_ws/install/turtlebot3_manipulation_cartographer:/home/fabin/turtlebot3_ws/install/turtlebot3_gazebo:/home/fabin/turtlebot3_ws/install/turtlebot3_description:/home/fabin/turtlebot3_ws/install/turtlebot3_cartographer:/home/fabin/turtlebot3_ws/install/dynamixel_sdk_examples:/home/fabin/turtlebot3_ws/install/dynamixel_sdk_custom_interfaces:/home/fabin/turtlebot3_ws/install/turtlebot3_teleop:/home/fabin/turtlebot3_ws/install/turtlebot3_example:/home/fabin/turtlebot3_ws/install/tb3_ik:/home/fabin/turtlebot3_ws/install/tb3_arm_logger:/home/fabin/turtlebot3_ws/install/tb3_arm_ctrl:/home/fabin/turtlebot3_ws/install/pick_place_demo:/opt/ros/humble LD_LIBRARY_PATH=/home/fabin/turtlebot3_ws/install/dynamixel_sdk/lib:/home/fabin/turtlebot3_ws/install/turtlebot3_msgs/lib:/home/fabin/turtlebot3_ws/install/turtlebot3_manipulation_hardware/lib:/home/fabin/turtlebot3_ws/install/dynamixel_sdk_custom_interfaces/lib:/usr/lib/x86_64-linux-gnu/gazebo-11/plugins:/opt/ros/humble/opt/rviz_ogre_vendor/lib:/opt/ros/humble/lib/x86_64-linux-gnu:/opt/ros/humble/lib:/usr/lib/x86_64-linux-gnu/gazebo-11/plugins /usr/bin/cmake /home/fabin/turtlebot3_ws/src/turtlebot3_manipulation/turtlebot3_manipulation_hardware -DAMENT_CMAKE_SYMLINK_INSTALL=1 -DCMAKE_INSTALL_PREFIX=/home/fabin/turtlebot3_ws/install/turtlebot3_manipulation_hardware
[2.628s] Invoking command in '/home/fabin/turtlebot3_ws/build/turtlebot3_manipulation_hardware': CMAKE_PREFIX_PATH=/home/fabin/turtlebot3_ws/install/dynamixel_sdk:/home/fabin/turtlebot3_ws/install/turtlebot3:/home/fabin/turtlebot3_ws/install/turtlebot3_simulations:/home/fabin/turtlebot3_ws/install/turtlebot3_bringup:/home/fabin/turtlebot3_ws/install/turtlebot3_node:/home/fabin/turtlebot3_ws/install/turtlebot3_navigation2:/home/fabin/turtlebot3_ws/install/turtlebot3_fake_node:/home/fabin/turtlebot3_ws/install/turtlebot3_msgs:/home/fabin/turtlebot3_ws/install/turtlebot3_manipulation:/home/fabin/turtlebot3_ws/install/turtlebot3_manipulation_teleop:/home/fabin/turtlebot3_ws/install/turtlebot3_manipulation_navigation2:/home/fabin/turtlebot3_ws/install/turtlebot3_manipulation_moveit_config:/home/fabin/turtlebot3_ws/install/turtlebot3_manipulation_hardware:/home/fabin/turtlebot3_ws/install/turtlebot3_manipulation_gazebo:/home/fabin/turtlebot3_ws/install/turtlebot3_manipulation_bringup:/home/fabin/turtlebot3_ws/install/turtlebot3_manipulation_description:/home/fabin/turtlebot3_ws/install/turtlebot3_manipulation_cartographer:/home/fabin/turtlebot3_ws/install/turtlebot3_gazebo:/home/fabin/turtlebot3_ws/install/turtlebot3_description:/home/fabin/turtlebot3_ws/install/turtlebot3_cartographer:/home/fabin/turtlebot3_ws/install/dynamixel_sdk_examples:/home/fabin/turtlebot3_ws/install/dynamixel_sdk_custom_interfaces:/home/fabin/turtlebot3_ws/install/turtlebot3_teleop:/home/fabin/turtlebot3_ws/install/turtlebot3_example:/home/fabin/turtlebot3_ws/install/tb3_ik:/home/fabin/turtlebot3_ws/install/tb3_arm_logger:/home/fabin/turtlebot3_ws/install/tb3_arm_ctrl:/home/fabin/turtlebot3_ws/install/pick_place_demo:/opt/ros/humble LD_LIBRARY_PATH=/home/fabin/turtlebot3_ws/install/dynamixel_sdk/lib:/home/fabin/turtlebot3_ws/install/turtlebot3_msgs/lib:/home/fabin/turtlebot3_ws/install/turtlebot3_manipulation_hardware/lib:/home/fabin/turtlebot3_ws/install/dynamixel_sdk_custom_interfaces/lib:/usr/lib/x86_64-linux-gnu/gazebo-11/plugins:/opt/ros/humble/opt/rviz_ogre_vendor/lib:/opt/ros/humble/lib/x86_64-linux-gnu:/opt/ros/humble/lib:/usr/lib/x86_64-linux-gnu/gazebo-11/plugins /usr/bin/cmake --build /home/fabin/turtlebot3_ws/build/turtlebot3_manipulation_hardware -- -j16 -l16
[2.744s] [ 25%] [32mBuilding CXX object CMakeFiles/turtlebot3_manipulation_hardware.dir/src/opencr.cpp.o[0m
[2.761s] [ 50%] [32mBuilding CXX object CMakeFiles/turtlebot3_manipulation_hardware.dir/src/dynamixel_sdk_wrapper.cpp.o[0m
[2.761s] [ 75%] [32mBuilding CXX object CMakeFiles/turtlebot3_manipulation_hardware.dir/src/turtlebot3_manipulation_system.cpp.o[0m
[6.516s] [100%] [32m[1mLinking CXX shared library libturtlebot3_manipulation_hardware.so[0m
[6.723s] [100%] Built target turtlebot3_manipulation_hardware
[6.736s] Invoked command in '/home/fabin/turtlebot3_ws/build/turtlebot3_manipulation_hardware' returned '0': CMAKE_PREFIX_PATH=/home/fabin/turtlebot3_ws/install/dynamixel_sdk:/home/fabin/turtlebot3_ws/install/turtlebot3:/home/fabin/turtlebot3_ws/install/turtlebot3_simulations:/home/fabin/turtlebot3_ws/install/turtlebot3_bringup:/home/fabin/turtlebot3_ws/install/turtlebot3_node:/home/fabin/turtlebot3_ws/install/turtlebot3_navigation2:/home/fabin/turtlebot3_ws/install/turtlebot3_fake_node:/home/fabin/turtlebot3_ws/install/turtlebot3_msgs:/home/fabin/turtlebot3_ws/install/turtlebot3_manipulation:/home/fabin/turtlebot3_ws/install/turtlebot3_manipulation_teleop:/home/fabin/turtlebot3_ws/install/turtlebot3_manipulation_navigation2:/home/fabin/turtlebot3_ws/install/turtlebot3_manipulation_moveit_config:/home/fabin/turtlebot3_ws/install/turtlebot3_manipulation_hardware:/home/fabin/turtlebot3_ws/install/turtlebot3_manipulation_gazebo:/home/fabin/turtlebot3_ws/install/turtlebot3_manipulation_bringup:/home/fabin/turtlebot3_ws/install/turtlebot3_manipulation_description:/home/fabin/turtlebot3_ws/install/turtlebot3_manipulation_cartographer:/home/fabin/turtlebot3_ws/install/turtlebot3_gazebo:/home/fabin/turtlebot3_ws/install/turtlebot3_description:/home/fabin/turtlebot3_ws/install/turtlebot3_cartographer:/home/fabin/turtlebot3_ws/install/dynamixel_sdk_examples:/home/fabin/turtlebot3_ws/install/dynamixel_sdk_custom_interfaces:/home/fabin/turtlebot3_ws/install/turtlebot3_teleop:/home/fabin/turtlebot3_ws/install/turtlebot3_example:/home/fabin/turtlebot3_ws/install/tb3_ik:/home/fabin/turtlebot3_ws/install/tb3_arm_logger:/home/fabin/turtlebot3_ws/install/tb3_arm_ctrl:/home/fabin/turtlebot3_ws/install/pick_place_demo:/opt/ros/humble LD_LIBRARY_PATH=/home/fabin/turtlebot3_ws/install/dynamixel_sdk/lib:/home/fabin/turtlebot3_ws/install/turtlebot3_msgs/lib:/home/fabin/turtlebot3_ws/install/turtlebot3_manipulation_hardware/lib:/home/fabin/turtlebot3_ws/install/dynamixel_sdk_custom_interfaces/lib:/usr/lib/x86_64-linux-gnu/gazebo-11/plugins:/opt/ros/humble/opt/rviz_ogre_vendor/lib:/opt/ros/humble/lib/x86_64-linux-gnu:/opt/ros/humble/lib:/usr/lib/x86_64-linux-gnu/gazebo-11/plugins /usr/bin/cmake --build /home/fabin/turtlebot3_ws/build/turtlebot3_manipulation_hardware -- -j16 -l16
[6.738s] Invoking command in '/home/fabin/turtlebot3_ws/build/turtlebot3_manipulation_hardware': CMAKE_PREFIX_PATH=/home/fabin/turtlebot3_ws/install/dynamixel_sdk:/home/fabin/turtlebot3_ws/install/turtlebot3:/home/fabin/turtlebot3_ws/install/turtlebot3_simulations:/home/fabin/turtlebot3_ws/install/turtlebot3_bringup:/home/fabin/turtlebot3_ws/install/turtlebot3_node:/home/fabin/turtlebot3_ws/install/turtlebot3_navigation2:/home/fabin/turtlebot3_ws/install/turtlebot3_fake_node:/home/fabin/turtlebot3_ws/install/turtlebot3_msgs:/home/fabin/turtlebot3_ws/install/turtlebot3_manipulation:/home/fabin/turtlebot3_ws/install/turtlebot3_manipulation_teleop:/home/fabin/turtlebot3_ws/install/turtlebot3_manipulation_navigation2:/home/fabin/turtlebot3_ws/install/turtlebot3_manipulation_moveit_config:/home/fabin/turtlebot3_ws/install/turtlebot3_manipulation_hardware:/home/fabin/turtlebot3_ws/install/turtlebot3_manipulation_gazebo:/home/fabin/turtlebot3_ws/install/turtlebot3_manipulation_bringup:/home/fabin/turtlebot3_ws/install/turtlebot3_manipulation_description:/home/fabin/turtlebot3_ws/install/turtlebot3_manipulation_cartographer:/home/fabin/turtlebot3_ws/install/turtlebot3_gazebo:/home/fabin/turtlebot3_ws/install/turtlebot3_description:/home/fabin/turtlebot3_ws/install/turtlebot3_cartographer:/home/fabin/turtlebot3_ws/install/dynamixel_sdk_examples:/home/fabin/turtlebot3_ws/install/dynamixel_sdk_custom_interfaces:/home/fabin/turtlebot3_ws/install/turtlebot3_teleop:/home/fabin/turtlebot3_ws/install/turtlebot3_example:/home/fabin/turtlebot3_ws/install/tb3_ik:/home/fabin/turtlebot3_ws/install/tb3_arm_logger:/home/fabin/turtlebot3_ws/install/tb3_arm_ctrl:/home/fabin/turtlebot3_ws/install/pick_place_demo:/opt/ros/humble LD_LIBRARY_PATH=/home/fabin/turtlebot3_ws/install/dynamixel_sdk/lib:/home/fabin/turtlebot3_ws/install/turtlebot3_msgs/lib:/home/fabin/turtlebot3_ws/install/turtlebot3_manipulation_hardware/lib:/home/fabin/turtlebot3_ws/install/dynamixel_sdk_custom_interfaces/lib:/usr/lib/x86_64-linux-gnu/gazebo-11/plugins:/opt/ros/humble/opt/rviz_ogre_vendor/lib:/opt/ros/humble/lib/x86_64-linux-gnu:/opt/ros/humble/lib:/usr/lib/x86_64-linux-gnu/gazebo-11/plugins /usr/bin/cmake --install /home/fabin/turtlebot3_ws/build/turtlebot3_manipulation_hardware
[6.747s] -- Install configuration: ""
[6.747s] -- Execute custom install script
[6.748s] -- Symlinking: /home/fabin/turtlebot3_ws/install/turtlebot3_manipulation_hardware/share/turtlebot3_manipulation_hardware//turtlebot3_manipulation_hardware.xml
[6.761s] -- Symlinking: /home/fabin/turtlebot3_ws/install/turtlebot3_manipulation_hardware/include/turtlebot3_manipulation_hardware/dynamixel_sdk_wrapper.hpp
[6.774s] -- Symlinking: /home/fabin/turtlebot3_ws/install/turtlebot3_manipulation_hardware/include/turtlebot3_manipulation_hardware/opencr.hpp
[6.785s] -- Symlinking: /home/fabin/turtlebot3_ws/install/turtlebot3_manipulation_hardware/include/turtlebot3_manipulation_hardware/opencr_control_table.hpp
[6.796s] -- Symlinking: /home/fabin/turtlebot3_ws/install/turtlebot3_manipulation_hardware/include/turtlebot3_manipulation_hardware/opencr_definitions.hpp
[6.808s] -- Symlinking: /home/fabin/turtlebot3_ws/install/turtlebot3_manipulation_hardware/include/turtlebot3_manipulation_hardware/turtlebot3_manipulation_system.hpp
[6.819s] -- Symlinking: /home/fabin/turtlebot3_ws/install/turtlebot3_manipulation_hardware/include/turtlebot3_manipulation_hardware/visibility_control.h
[6.831s] -- Symlinking: /home/fabin/turtlebot3_ws/install/turtlebot3_manipulation_hardware/lib/libturtlebot3_manipulation_hardware.so
[6.842s] -- Symlinking: /home/fabin/turtlebot3_ws/install/turtlebot3_manipulation_hardware/share/turtlebot3_manipulation_hardware/environment/library_path.sh
[6.852s] -- Symlinking: /home/fabin/turtlebot3_ws/install/turtlebot3_manipulation_hardware/share/turtlebot3_manipulation_hardware/environment/library_path.dsv
[6.865s] -- Symlinking: /home/fabin/turtlebot3_ws/install/turtlebot3_manipulation_hardware/share/ament_index/resource_index/package_run_dependencies/turtlebot3_manipulation_hardware
[6.878s] -- Symlinking: /home/fabin/turtlebot3_ws/install/turtlebot3_manipulation_hardware/share/ament_index/resource_index/parent_prefix_path/turtlebot3_manipulation_hardware
[6.892s] -- Symlinking: /home/fabin/turtlebot3_ws/install/turtlebot3_manipulation_hardware/share/turtlebot3_manipulation_hardware/environment/ament_prefix_path.sh
[6.903s] -- Symlinking: /home/fabin/turtlebot3_ws/install/turtlebot3_manipulation_hardware/share/turtlebot3_manipulation_hardware/environment/ament_prefix_path.dsv
[6.912s] -- Symlinking: /home/fabin/turtlebot3_ws/install/turtlebot3_manipulation_hardware/share/turtlebot3_manipulation_hardware/environment/path.sh
[6.922s] -- Symlinking: /home/fabin/turtlebot3_ws/install/turtlebot3_manipulation_hardware/share/turtlebot3_manipulation_hardware/environment/path.dsv
[6.931s] -- Symlinking: /home/fabin/turtlebot3_ws/install/turtlebot3_manipulation_hardware/share/turtlebot3_manipulation_hardware/local_setup.bash
[6.942s] -- Symlinking: /home/fabin/turtlebot3_ws/install/turtlebot3_manipulation_hardware/share/turtlebot3_manipulation_hardware/local_setup.sh
[6.954s] -- Symlinking: /home/fabin/turtlebot3_ws/install/turtlebot3_manipulation_hardware/share/turtlebot3_manipulation_hardware/local_setup.zsh
[6.965s] -- Symlinking: /home/fabin/turtlebot3_ws/install/turtlebot3_manipulation_hardware/share/turtlebot3_manipulation_hardware/local_setup.dsv
[6.976s] -- Symlinking: /home/fabin/turtlebot3_ws/install/turtlebot3_manipulation_hardware/share/turtlebot3_manipulation_hardware/package.dsv
[6.987s] -- Symlinking: /home/fabin/turtlebot3_ws/install/turtlebot3_manipulation_hardware/share/ament_index/resource_index/packages/turtlebot3_manipulation_hardware
[6.998s] -- Symlinking: /home/fabin/turtlebot3_ws/install/turtlebot3_manipulation_hardware/share/ament_index/resource_index/hardware_interface__pluginlib__plugin/turtlebot3_manipulation_hardware
[7.009s] -- Symlinking: /home/fabin/turtlebot3_ws/install/turtlebot3_manipulation_hardware/share/turtlebot3_manipulation_hardware/cmake/ament_cmake_export_include_directories-extras.cmake
[7.022s] -- Symlinking: /home/fabin/turtlebot3_ws/install/turtlebot3_manipulation_hardware/share/turtlebot3_manipulation_hardware/cmake/ament_cmake_export_libraries-extras.cmake
[7.033s] -- Symlinking: /home/fabin/turtlebot3_ws/install/turtlebot3_manipulation_hardware/share/turtlebot3_manipulation_hardware/cmake/ament_cmake_export_dependencies-extras.cmake
[7.045s] -- Symlinking: /home/fabin/turtlebot3_ws/install/turtlebot3_manipulation_hardware/share/turtlebot3_manipulation_hardware/cmake/turtlebot3_manipulation_hardwareConfig.cmake
[7.057s] -- Symlinking: /home/fabin/turtlebot3_ws/install/turtlebot3_manipulation_hardware/share/turtlebot3_manipulation_hardware/cmake/turtlebot3_manipulation_hardwareConfig-version.cmake
[7.068s] -- Symlinking: /home/fabin/turtlebot3_ws/install/turtlebot3_manipulation_hardware/share/turtlebot3_manipulation_hardware/package.xml
[7.081s] Invoked command in '/home/fabin/turtlebot3_ws/build/turtlebot3_manipulation_hardware' returned '0': CMAKE_PREFIX_PATH=/home/fabin/turtlebot3_ws/install/dynamixel_sdk:/home/fabin/turtlebot3_ws/install/turtlebot3:/home/fabin/turtlebot3_ws/install/turtlebot3_simulations:/home/fabin/turtlebot3_ws/install/turtlebot3_bringup:/home/fabin/turtlebot3_ws/install/turtlebot3_node:/home/fabin/turtlebot3_ws/install/turtlebot3_navigation2:/home/fabin/turtlebot3_ws/install/turtlebot3_fake_node:/home/fabin/turtlebot3_ws/install/turtlebot3_msgs:/home/fabin/turtlebot3_ws/install/turtlebot3_manipulation:/home/fabin/turtlebot3_ws/install/turtlebot3_manipulation_teleop:/home/fabin/turtlebot3_ws/install/turtlebot3_manipulation_navigation2:/home/fabin/turtlebot3_ws/install/turtlebot3_manipulation_moveit_config:/home/fabin/turtlebot3_ws/install/turtlebot3_manipulation_hardware:/home/fabin/turtlebot3_ws/install/turtlebot3_manipulation_gazebo:/home/fabin/turtlebot3_ws/install/turtlebot3_manipulation_bringup:/home/fabin/turtlebot3_ws/install/turtlebot3_manipulation_description:/home/fabin/turtlebot3_ws/install/turtlebot3_manipulation_cartographer:/home/fabin/turtlebot3_ws/install/turtlebot3_gazebo:/home/fabin/turtlebot3_ws/install/turtlebot3_description:/home/fabin/turtlebot3_ws/install/turtlebot3_cartographer:/home/fabin/turtlebot3_ws/install/dynamixel_sdk_examples:/home/fabin/turtlebot3_ws/install/dynamixel_sdk_custom_interfaces:/home/fabin/turtlebot3_ws/install/turtlebot3_teleop:/home/fabin/turtlebot3_ws/install/turtlebot3_example:/home/fabin/turtlebot3_ws/install/tb3_ik:/home/fabin/turtlebot3_ws/install/tb3_arm_logger:/home/fabin/turtlebot3_ws/install/tb3_arm_ctrl:/home/fabin/turtlebot3_ws/install/pick_place_demo:/opt/ros/humble LD_LIBRARY_PATH=/home/fabin/turtlebot3_ws/install/dynamixel_sdk/lib:/home/fabin/turtlebot3_ws/install/turtlebot3_msgs/lib:/home/fabin/turtlebot3_ws/install/turtlebot3_manipulation_hardware/lib:/home/fabin/turtlebot3_ws/install/dynamixel_sdk_custom_interfaces/lib:/usr/lib/x86_64-linux-gnu/gazebo-11/plugins:/opt/ros/humble/opt/rviz_ogre_vendor/lib:/opt/ros/humble/lib/x86_64-linux-gnu:/opt/ros/humble/lib:/usr/lib/x86_64-linux-gnu/gazebo-11/plugins /usr/bin/cmake --install /home/fabin/turtlebot3_ws/build/turtlebot3_manipulation_hardware
