[0.017s] Invoking command in '/home/fabin/turtlebot3_ws/src/build/turtlebot3_cartographer': CMAKE_PREFIX_PATH=/opt/ros/humble /usr/bin/cmake /home/fabin/turtlebot3_ws/src/turtlebot3/turtlebot3_cartographer -DAMENT_CMAKE_SYMLINK_INSTALL=1 -DCMAKE_INSTALL_PREFIX=/home/fabin/turtlebot3_ws/src/install/turtlebot3_cartographer
[0.144s] -- The C compiler identification is GNU 11.4.0
[0.241s] -- The CXX compiler identification is GNU 11.4.0
[0.249s] -- Detecting C compiler ABI info
[0.313s] -- Detecting C compiler ABI info - done
[0.318s] -- Check for working C compiler: /usr/bin/cc - skipped
[0.318s] -- Detecting C compile features
[0.319s] -- Detecting C compile features - done
[0.322s] -- Detecting CXX compiler ABI info
[0.392s] -- Detecting CXX compiler ABI info - done
[0.397s] -- Check for working CXX compiler: /usr/bin/c++ - skipped
[0.398s] -- Detecting CXX compile features
[0.398s] -- Detecting CXX compile features - done
[0.400s] -- Found ament_cmake: 1.3.12 (/opt/ros/humble/share/ament_cmake/cmake)
[0.521s] -- Found Python3: /usr/bin/python3 (found version "3.10.12") found components: Interpreter 
[0.571s] -- Override CMake install command with custom implementation using symlinks instead of copying resources
[0.642s] -- Configuring done
[0.645s] -- Generating done
[0.646s] -- Build files have been written to: /home/fabin/turtlebot3_ws/src/build/turtlebot3_cartographer
[0.651s] Invoked command in '/home/fabin/turtlebot3_ws/src/build/turtlebot3_cartographer' returned '0': CMAKE_PREFIX_PATH=/opt/ros/humble /usr/bin/cmake /home/fabin/turtlebot3_ws/src/turtlebot3/turtlebot3_cartographer -DAMENT_CMAKE_SYMLINK_INSTALL=1 -DCMAKE_INSTALL_PREFIX=/home/fabin/turtlebot3_ws/src/install/turtlebot3_cartographer
[0.653s] Invoking command in '/home/fabin/turtlebot3_ws/src/build/turtlebot3_cartographer': CMAKE_PREFIX_PATH=/opt/ros/humble /usr/bin/cmake --build /home/fabin/turtlebot3_ws/src/build/turtlebot3_cartographer -- -j16 -l16
[0.686s] Invoked command in '/home/fabin/turtlebot3_ws/src/build/turtlebot3_cartographer' returned '0': CMAKE_PREFIX_PATH=/opt/ros/humble /usr/bin/cmake --build /home/fabin/turtlebot3_ws/src/build/turtlebot3_cartographer -- -j16 -l16
[0.696s] Invoking command in '/home/fabin/turtlebot3_ws/src/build/turtlebot3_cartographer': CMAKE_PREFIX_PATH=/opt/ros/humble /usr/bin/cmake --install /home/fabin/turtlebot3_ws/src/build/turtlebot3_cartographer
[0.703s] -- Install configuration: ""
[0.703s] -- Execute custom install script
[0.704s] -- Symlinking: /home/fabin/turtlebot3_ws/src/install/turtlebot3_cartographer/share/turtlebot3_cartographer/config/turtlebot3_lds_2d.lua
[0.712s] -- Symlinking: /home/fabin/turtlebot3_ws/src/install/turtlebot3_cartographer/share/turtlebot3_cartographer/launch/cartographer.launch.py
[0.720s] -- Symlinking: /home/fabin/turtlebot3_ws/src/install/turtlebot3_cartographer/share/turtlebot3_cartographer/launch/occupancy_grid.launch.py
[0.728s] -- Symlinking: /home/fabin/turtlebot3_ws/src/install/turtlebot3_cartographer/share/turtlebot3_cartographer/rviz/tb3_cartographer.rviz
[0.736s] -- Symlinking: /home/fabin/turtlebot3_ws/src/install/turtlebot3_cartographer/share/ament_index/resource_index/package_run_dependencies/turtlebot3_cartographer
[0.744s] -- Symlinking: /home/fabin/turtlebot3_ws/src/install/turtlebot3_cartographer/share/ament_index/resource_index/parent_prefix_path/turtlebot3_cartographer
[0.753s] -- Symlinking: /home/fabin/turtlebot3_ws/src/install/turtlebot3_cartographer/share/turtlebot3_cartographer/environment/ament_prefix_path.sh
[0.765s] -- Symlinking: /home/fabin/turtlebot3_ws/src/install/turtlebot3_cartographer/share/turtlebot3_cartographer/environment/ament_prefix_path.dsv
[0.777s] -- Symlinking: /home/fabin/turtlebot3_ws/src/install/turtlebot3_cartographer/share/turtlebot3_cartographer/environment/path.sh
[0.789s] -- Symlinking: /home/fabin/turtlebot3_ws/src/install/turtlebot3_cartographer/share/turtlebot3_cartographer/environment/path.dsv
[0.799s] -- Symlinking: /home/fabin/turtlebot3_ws/src/install/turtlebot3_cartographer/share/turtlebot3_cartographer/local_setup.bash
[0.816s] -- Symlinking: /home/fabin/turtlebot3_ws/src/install/turtlebot3_cartographer/share/turtlebot3_cartographer/local_setup.sh
[0.822s] -- Symlinking: /home/fabin/turtlebot3_ws/src/install/turtlebot3_cartographer/share/turtlebot3_cartographer/local_setup.zsh
[0.833s] -- Symlinking: /home/fabin/turtlebot3_ws/src/install/turtlebot3_cartographer/share/turtlebot3_cartographer/local_setup.dsv
[0.857s] -- Symlinking: /home/fabin/turtlebot3_ws/src/install/turtlebot3_cartographer/share/turtlebot3_cartographer/package.dsv
[0.886s] -- Symlinking: /home/fabin/turtlebot3_ws/src/install/turtlebot3_cartographer/share/ament_index/resource_index/packages/turtlebot3_cartographer
[0.899s] -- Symlinking: /home/fabin/turtlebot3_ws/src/install/turtlebot3_cartographer/share/turtlebot3_cartographer/cmake/turtlebot3_cartographerConfig.cmake
[0.910s] -- Symlinking: /home/fabin/turtlebot3_ws/src/install/turtlebot3_cartographer/share/turtlebot3_cartographer/cmake/turtlebot3_cartographerConfig-version.cmake
[0.922s] -- Symlinking: /home/fabin/turtlebot3_ws/src/install/turtlebot3_cartographer/share/turtlebot3_cartographer/package.xml
[0.937s] Invoked command in '/home/fabin/turtlebot3_ws/src/build/turtlebot3_cartographer' returned '0': CMAKE_PREFIX_PATH=/opt/ros/humble /usr/bin/cmake --install /home/fabin/turtlebot3_ws/src/build/turtlebot3_cartographer
