[1.499s] Invoking command in '/home/fabin/PycharmProjects/turtlebot3_research_project/src/tb3_arm_ctrl': PYTHONPATH=/home/fabin/PycharmProjects/turtlebot3_research_project/build/tb3_arm_ctrl/prefix_override:/usr/lib/python3/dist-packages/colcon_core/task/python/colcon_distutils_commands:/home/fabin/PycharmProjects/turtlebot3_research_project/install/tb3_arm_ctrl/lib/python3.10/site-packages:${PYTHONPATH} /usr/bin/python3 -W ignore:setup.py install is deprecated -W ignore:easy_install command is deprecated setup.py egg_info --egg-base ../../build/tb3_arm_ctrl build --build-base /home/fabin/PycharmProjects/turtlebot3_research_project/build/tb3_arm_ctrl/build install --record /home/fabin/PycharmProjects/turtlebot3_research_project/build/tb3_arm_ctrl/install.log --single-version-externally-managed install_data
[1.704s] running egg_info
[1.705s] writing ../../build/tb3_arm_ctrl/tb3_arm_ctrl.egg-info/PKG-INFO
[1.706s] writing dependency_links to ../../build/tb3_arm_ctrl/tb3_arm_ctrl.egg-info/dependency_links.txt
[1.706s] writing entry points to ../../build/tb3_arm_ctrl/tb3_arm_ctrl.egg-info/entry_points.txt
[1.706s] writing requirements to ../../build/tb3_arm_ctrl/tb3_arm_ctrl.egg-info/requires.txt
[1.706s] writing top-level names to ../../build/tb3_arm_ctrl/tb3_arm_ctrl.egg-info/top_level.txt
[1.708s] reading manifest file '../../build/tb3_arm_ctrl/tb3_arm_ctrl.egg-info/SOURCES.txt'
[1.709s] writing manifest file '../../build/tb3_arm_ctrl/tb3_arm_ctrl.egg-info/SOURCES.txt'
[1.709s] running build
[1.709s] running build_py
[1.710s] copying tb3_arm_ctrl/ctrl_node.py -> /home/fabin/PycharmProjects/turtlebot3_research_project/build/tb3_arm_ctrl/build/lib/tb3_arm_ctrl
[1.710s] copying tb3_arm_ctrl/__init__.py -> /home/fabin/PycharmProjects/turtlebot3_research_project/build/tb3_arm_ctrl/build/lib/tb3_arm_ctrl
[1.710s] copying tb3_arm_ctrl/ik_node.py -> /home/fabin/PycharmProjects/turtlebot3_research_project/build/tb3_arm_ctrl/build/lib/tb3_arm_ctrl
[1.710s] copying tb3_arm_ctrl/goal_node.py -> /home/fabin/PycharmProjects/turtlebot3_research_project/build/tb3_arm_ctrl/build/lib/tb3_arm_ctrl
[1.710s] running install
[1.710s] running install_lib
[1.711s] copying /home/fabin/PycharmProjects/turtlebot3_research_project/build/tb3_arm_ctrl/build/lib/tb3_arm_ctrl/ctrl_node.py -> /home/fabin/PycharmProjects/turtlebot3_research_project/install/tb3_arm_ctrl/lib/python3.10/site-packages/tb3_arm_ctrl
[1.712s] copying /home/fabin/PycharmProjects/turtlebot3_research_project/build/tb3_arm_ctrl/build/lib/tb3_arm_ctrl/__init__.py -> /home/fabin/PycharmProjects/turtlebot3_research_project/install/tb3_arm_ctrl/lib/python3.10/site-packages/tb3_arm_ctrl
[1.712s] copying /home/fabin/PycharmProjects/turtlebot3_research_project/build/tb3_arm_ctrl/build/lib/tb3_arm_ctrl/ik_node.py -> /home/fabin/PycharmProjects/turtlebot3_research_project/install/tb3_arm_ctrl/lib/python3.10/site-packages/tb3_arm_ctrl
[1.712s] copying /home/fabin/PycharmProjects/turtlebot3_research_project/build/tb3_arm_ctrl/build/lib/tb3_arm_ctrl/goal_node.py -> /home/fabin/PycharmProjects/turtlebot3_research_project/install/tb3_arm_ctrl/lib/python3.10/site-packages/tb3_arm_ctrl
[1.713s] byte-compiling /home/fabin/PycharmProjects/turtlebot3_research_project/install/tb3_arm_ctrl/lib/python3.10/site-packages/tb3_arm_ctrl/ctrl_node.py to ctrl_node.cpython-310.pyc
[1.713s] byte-compiling /home/fabin/PycharmProjects/turtlebot3_research_project/install/tb3_arm_ctrl/lib/python3.10/site-packages/tb3_arm_ctrl/__init__.py to __init__.cpython-310.pyc
[1.714s] byte-compiling /home/fabin/PycharmProjects/turtlebot3_research_project/install/tb3_arm_ctrl/lib/python3.10/site-packages/tb3_arm_ctrl/ik_node.py to ik_node.cpython-310.pyc
[1.714s] byte-compiling /home/fabin/PycharmProjects/turtlebot3_research_project/install/tb3_arm_ctrl/lib/python3.10/site-packages/tb3_arm_ctrl/goal_node.py to goal_node.cpython-310.pyc
[1.715s] running install_data
[1.715s] copying resource/tb3_arm_ctrl -> /home/fabin/PycharmProjects/turtlebot3_research_project/install/tb3_arm_ctrl/share/ament_index/resource_index/packages
[1.715s] copying package.xml -> /home/fabin/PycharmProjects/turtlebot3_research_project/install/tb3_arm_ctrl/share/tb3_arm_ctrl
[1.715s] running install_egg_info
[1.717s] removing '/home/fabin/PycharmProjects/turtlebot3_research_project/install/tb3_arm_ctrl/lib/python3.10/site-packages/tb3_arm_ctrl-0.0.1-py3.10.egg-info' (and everything under it)
[1.717s] Copying ../../build/tb3_arm_ctrl/tb3_arm_ctrl.egg-info to /home/fabin/PycharmProjects/turtlebot3_research_project/install/tb3_arm_ctrl/lib/python3.10/site-packages/tb3_arm_ctrl-0.0.1-py3.10.egg-info
[1.718s] running install_scripts
[1.735s] Installing ctrl_node script to /home/fabin/PycharmProjects/turtlebot3_research_project/install/tb3_arm_ctrl/lib/tb3_arm_ctrl
[1.735s] Installing goal_node script to /home/fabin/PycharmProjects/turtlebot3_research_project/install/tb3_arm_ctrl/lib/tb3_arm_ctrl
[1.735s] Installing ik_node script to /home/fabin/PycharmProjects/turtlebot3_research_project/install/tb3_arm_ctrl/lib/tb3_arm_ctrl
[1.736s] writing list of installed files to '/home/fabin/PycharmProjects/turtlebot3_research_project/build/tb3_arm_ctrl/install.log'
[1.802s] Invoked command in '/home/fabin/PycharmProjects/turtlebot3_research_project/src/tb3_arm_ctrl' returned '0': PYTHONPATH=/home/fabin/PycharmProjects/turtlebot3_research_project/build/tb3_arm_ctrl/prefix_override:/usr/lib/python3/dist-packages/colcon_core/task/python/colcon_distutils_commands:/home/fabin/PycharmProjects/turtlebot3_research_project/install/tb3_arm_ctrl/lib/python3.10/site-packages:${PYTHONPATH} /usr/bin/python3 -W ignore:setup.py install is deprecated -W ignore:easy_install command is deprecated setup.py egg_info --egg-base ../../build/tb3_arm_ctrl build --build-base /home/fabin/PycharmProjects/turtlebot3_research_project/build/tb3_arm_ctrl/build install --record /home/fabin/PycharmProjects/turtlebot3_research_project/build/tb3_arm_ctrl/install.log --single-version-externally-managed install_data
